-- The C compiler identification is GNU 11.4.0
-- The CXX compiler identification is GNU 11.4.0
-- Detecting C compiler ABI info
-- Detecting C compiler ABI info - done
-- Check for working C compiler: /usr/bin/cc - skipped
-- Detecting C compile features
-- Detecting C compile features - done
-- Detecting CXX compiler ABI info
-- Detecting CXX compiler ABI info - done
-- Check for working CXX compiler: /usr/bin/c++ - skipped
-- Detecting CXX compile features
-- Detecting CXX compile features - done
-- Found ament_cmake: 1.3.6 (/opt/ros/humble/share/ament_cmake/cmake)
-- Found Python3: /usr/bin/python3.10 (found version "3.10.12") found components: Interpreter 
-- Found rclcpp: 16.0.7 (/opt/ros/humble/share/rclcpp/cmake)
-- Found rosidl_generator_c: 3.1.5 (/opt/ros/humble/share/rosidl_generator_c/cmake)
-- Found rosidl_adapter: 3.1.5 (/opt/ros/humble/share/rosidl_adapter/cmake)
-- Found rosidl_generator_cpp: 3.1.5 (/opt/ros/humble/share/rosidl_generator_cpp/cmake)
-- Using all available rosidl_typesupport_c: rosidl_typesupport_fastrtps_c;rosidl_typesupport_introspection_c
-- Using all available rosidl_typesupport_cpp: rosidl_typesupport_fastrtps_cpp;rosidl_typesupport_introspection_cpp
-- Found rmw_implementation_cmake: 6.1.1 (/opt/ros/humble/share/rmw_implementation_cmake/cmake)
-- Found rmw_fastrtps_cpp: 6.2.5 (/opt/ros/humble/share/rmw_fastrtps_cpp/cmake)
-- Found OpenSSL: /usr/lib/x86_64-linux-gnu/libcrypto.so (found version "3.0.2")  
-- Found FastRTPS: /opt/ros/humble/include  
-- Using RMW implementation 'rmw_fastrtps_cpp' as default
-- Looking for pthread.h
-- Looking for pthread.h - found
-- Performing Test CMAKE_HAVE_LIBC_PTHREAD
-- Performing Test CMAKE_HAVE_LIBC_PTHREAD - Success
-- Found Threads: TRUE  
-- Found geometry_msgs: 4.2.3 (/opt/ros/humble/share/geometry_msgs/cmake)
-- Found sensor_msgs: 4.2.3 (/opt/ros/humble/share/sensor_msgs/cmake)
-- Found OpenCV: /usr (found version "4.5.4") found components: core highgui imgcodecs imgproc videoio 
-- Found cv_bridge: 3.2.1 (/opt/ros/humble/share/cv_bridge/cmake)
-- Found ament_lint_auto: 0.12.9 (/opt/ros/humble/share/ament_lint_auto/cmake)
WARNING: Package name "RELbot_simulator" does not follow the naming conventions. It should start with a lower case letter and only contain lower case letters, digits, underscores, and dashes.
-- Added test 'copyright' to check source files copyright and LICENSE
-- Added test 'cppcheck' to perform static code analysis on C / C++ code
-- Configured cppcheck include dirs: /home/tinsae/ASDFR/assignment1_ws/src/RELbot_simulator/include;$<BUILD_INTERFACE:/home/tinsae/ASDFR/assignment1_ws/src/RELbot_simulator/include>
-- Configured cppcheck exclude dirs and/or files: 
-- Added test 'cpplint' to check C / C++ code against the Google style
-- Configured cpplint exclude dirs and/or files: 
-- Added test 'flake8' to check Python code syntax and style conventions
-- Added test 'lint_cmake' to check CMake code style
-- Added test 'pep257' to check Python code against some of the docstring style conventions in PEP 257
-- Added test 'uncrustify' to check C / C++ code style
-- Configured uncrustify additional arguments: 
-- Added test 'xmllint' to check XML markup files
-- Configuring done
-- Generating done
-- Build files have been written to: /home/tinsae/ASDFR/assignment1_ws/build/RELbot_simulator
[ 33%] [32mBuilding CXX object CMakeFiles/RELbot_simulator.dir/src/RELbot_simulator.cpp.o[0m
[ 66%] [32mBuilding CXX object CMakeFiles/RELbot_simulator.dir/src/DynamicsSimulation.cpp.o[0m
[100%] [32m[1mLinking CXX executable RELbot_simulator[0m
[100%] Built target RELbot_simulator
-- Install configuration: ""
-- Installing: /home/tinsae/ASDFR/assignment1_ws/install/RELbot_simulator/lib/RELbot_simulator/RELbot_simulator
-- Set runtime path of "/home/tinsae/ASDFR/assignment1_ws/install/RELbot_simulator/lib/RELbot_simulator/RELbot_simulator" to ""
-- Installing: /home/tinsae/ASDFR/assignment1_ws/install/RELbot_simulator/share/ament_index/resource_index/package_run_dependencies/RELbot_simulator
-- Installing: /home/tinsae/ASDFR/assignment1_ws/install/RELbot_simulator/share/ament_index/resource_index/parent_prefix_path/RELbot_simulator
-- Installing: /home/tinsae/ASDFR/assignment1_ws/install/RELbot_simulator/share/RELbot_simulator/environment/ament_prefix_path.sh
-- Installing: /home/tinsae/ASDFR/assignment1_ws/install/RELbot_simulator/share/RELbot_simulator/environment/ament_prefix_path.dsv
-- Installing: /home/tinsae/ASDFR/assignment1_ws/install/RELbot_simulator/share/RELbot_simulator/environment/path.sh
-- Installing: /home/tinsae/ASDFR/assignment1_ws/install/RELbot_simulator/share/RELbot_simulator/environment/path.dsv
-- Installing: /home/tinsae/ASDFR/assignment1_ws/install/RELbot_simulator/share/RELbot_simulator/local_setup.bash
-- Installing: /home/tinsae/ASDFR/assignment1_ws/install/RELbot_simulator/share/RELbot_simulator/local_setup.sh
-- Installing: /home/tinsae/ASDFR/assignment1_ws/install/RELbot_simulator/share/RELbot_simulator/local_setup.zsh
-- Installing: /home/tinsae/ASDFR/assignment1_ws/install/RELbot_simulator/share/RELbot_simulator/local_setup.dsv
-- Installing: /home/tinsae/ASDFR/assignment1_ws/install/RELbot_simulator/share/RELbot_simulator/package.dsv
-- Installing: /home/tinsae/ASDFR/assignment1_ws/install/RELbot_simulator/share/ament_index/resource_index/packages/RELbot_simulator
-- Installing: /home/tinsae/ASDFR/assignment1_ws/install/RELbot_simulator/share/RELbot_simulator/cmake/RELbot_simulatorConfig.cmake
-- Installing: /home/tinsae/ASDFR/assignment1_ws/install/RELbot_simulator/share/RELbot_simulator/cmake/RELbot_simulatorConfig-version.cmake
-- Installing: /home/tinsae/ASDFR/assignment1_ws/install/RELbot_simulator/share/RELbot_simulator/package.xml
-- Installing: /home/tinsae/ASDFR/assignment1_ws/install/RELbot_simulator/share/RELbot_simulator//launch
-- Installing: /home/tinsae/ASDFR/assignment1_ws/install/RELbot_simulator/share/RELbot_simulator//launch/RELbot_simulator.launch.py
