[0.106s] Invoking command in '/home/tinsae/ASDFR/assignment1_ws/build/RELbot_simulator': CMAKE_PREFIX_PATH=/opt/ros/humble /usr/bin/cmake /home/tinsae/ASDFR/assignment1_ws/src/RELbot_simulator -DCMAKE_INSTALL_PREFIX=/home/tinsae/ASDFR/assignment1_ws/install/RELbot_simulator
[0.140s] -- The C compiler identification is GNU 11.4.0
[0.174s] -- The CXX compiler identification is GNU 11.4.0
[0.178s] -- Detecting C compiler ABI info
[0.220s] -- Detecting C compiler ABI info - done
[0.225s] -- Check for working C compiler: /usr/bin/cc - skipped
[0.225s] -- Detecting C compile features
[0.225s] -- Detecting C compile features - done
[0.227s] -- Detecting CXX compiler ABI info
[0.276s] -- Detecting CXX compiler ABI info - done
[0.284s] -- Check for working CXX compiler: /usr/bin/c++ - skipped
[0.284s] -- Detecting CXX compile features
[0.285s] -- Detecting CXX compile features - done
[0.287s] -- Found ament_cmake: 1.3.6 (/opt/ros/humble/share/ament_cmake/cmake)
[0.391s] -- Found Python3: /usr/bin/python3.10 (found version "3.10.12") found components: Interpreter 
[0.454s] -- Found rclcpp: 16.0.7 (/opt/ros/humble/share/rclcpp/cmake)
[0.490s] -- Found rosidl_generator_c: 3.1.5 (/opt/ros/humble/share/rosidl_generator_c/cmake)
[0.493s] -- Found rosidl_adapter: 3.1.5 (/opt/ros/humble/share/rosidl_adapter/cmake)
[0.498s] -- Found rosidl_generator_cpp: 3.1.5 (/opt/ros/humble/share/rosidl_generator_cpp/cmake)
[0.507s] -- Using all available rosidl_typesupport_c: rosidl_typesupport_fastrtps_c;rosidl_typesupport_introspection_c
[0.519s] -- Using all available rosidl_typesupport_cpp: rosidl_typesupport_fastrtps_cpp;rosidl_typesupport_introspection_cpp
[0.561s] -- Found rmw_implementation_cmake: 6.1.1 (/opt/ros/humble/share/rmw_implementation_cmake/cmake)
[0.563s] -- Found rmw_fastrtps_cpp: 6.2.5 (/opt/ros/humble/share/rmw_fastrtps_cpp/cmake)
[0.622s] -- Found OpenSSL: /usr/lib/x86_64-linux-gnu/libcrypto.so (found version "3.0.2")  
[0.640s] -- Found FastRTPS: /opt/ros/humble/include  
[0.670s] -- Using RMW implementation 'rmw_fastrtps_cpp' as default
[0.676s] -- Looking for pthread.h
[0.719s] -- Looking for pthread.h - found
[0.719s] -- Performing Test CMAKE_HAVE_LIBC_PTHREAD
[0.765s] -- Performing Test CMAKE_HAVE_LIBC_PTHREAD - Success
[0.766s] -- Found Threads: TRUE  
[0.862s] -- Found geometry_msgs: 4.2.3 (/opt/ros/humble/share/geometry_msgs/cmake)
[0.889s] -- Found sensor_msgs: 4.2.3 (/opt/ros/humble/share/sensor_msgs/cmake)
[0.949s] -- Found OpenCV: /usr (found version "4.5.4") found components: core highgui imgcodecs imgproc videoio 
[0.951s] -- Found cv_bridge: 3.2.1 (/opt/ros/humble/share/cv_bridge/cmake)
[0.955s] -- Found ament_lint_auto: 0.12.9 (/opt/ros/humble/share/ament_lint_auto/cmake)
[0.988s] WARNING: Package name "RELbot_simulator" does not follow the naming conventions. It should start with a lower case letter and only contain lower case letters, digits, underscores, and dashes.
[1.007s] -- Added test 'copyright' to check source files copyright and LICENSE
[1.008s] -- Added test 'cppcheck' to perform static code analysis on C / C++ code
[1.008s] -- Configured cppcheck include dirs: /home/tinsae/ASDFR/assignment1_ws/src/RELbot_simulator/include;$<BUILD_INTERFACE:/home/tinsae/ASDFR/assignment1_ws/src/RELbot_simulator/include>
[1.008s] -- Configured cppcheck exclude dirs and/or files: 
[1.008s] -- Added test 'cpplint' to check C / C++ code against the Google style
[1.009s] -- Configured cpplint exclude dirs and/or files: 
[1.009s] -- Added test 'flake8' to check Python code syntax and style conventions
[1.009s] -- Added test 'lint_cmake' to check CMake code style
[1.009s] -- Added test 'pep257' to check Python code against some of the docstring style conventions in PEP 257
[1.010s] -- Added test 'uncrustify' to check C / C++ code style
[1.010s] -- Configured uncrustify additional arguments: 
[1.010s] -- Added test 'xmllint' to check XML markup files
[1.011s] -- Configuring done
[1.020s] -- Generating done
[1.022s] -- Build files have been written to: /home/tinsae/ASDFR/assignment1_ws/build/RELbot_simulator
[1.030s] Invoked command in '/home/tinsae/ASDFR/assignment1_ws/build/RELbot_simulator' returned '0': CMAKE_PREFIX_PATH=/opt/ros/humble /usr/bin/cmake /home/tinsae/ASDFR/assignment1_ws/src/RELbot_simulator -DCMAKE_INSTALL_PREFIX=/home/tinsae/ASDFR/assignment1_ws/install/RELbot_simulator
[1.031s] Invoking command in '/home/tinsae/ASDFR/assignment1_ws/build/RELbot_simulator': CMAKE_PREFIX_PATH=/opt/ros/humble /usr/bin/cmake --build /home/tinsae/ASDFR/assignment1_ws/build/RELbot_simulator -- -j16 -l16
[1.060s] [ 33%] [32mBuilding CXX object CMakeFiles/RELbot_simulator.dir/src/RELbot_simulator.cpp.o[0m
[1.061s] [ 66%] [32mBuilding CXX object CMakeFiles/RELbot_simulator.dir/src/DynamicsSimulation.cpp.o[0m
[10.250s] [100%] [32m[1mLinking CXX executable RELbot_simulator[0m
[10.846s] [100%] Built target RELbot_simulator
[10.854s] Invoked command in '/home/tinsae/ASDFR/assignment1_ws/build/RELbot_simulator' returned '0': CMAKE_PREFIX_PATH=/opt/ros/humble /usr/bin/cmake --build /home/tinsae/ASDFR/assignment1_ws/build/RELbot_simulator -- -j16 -l16
[10.872s] Invoking command in '/home/tinsae/ASDFR/assignment1_ws/build/RELbot_simulator': CMAKE_PREFIX_PATH=/opt/ros/humble /usr/bin/cmake --install /home/tinsae/ASDFR/assignment1_ws/build/RELbot_simulator
[10.879s] -- Install configuration: ""
[10.879s] -- Installing: /home/tinsae/ASDFR/assignment1_ws/install/RELbot_simulator/lib/RELbot_simulator/RELbot_simulator
[10.883s] -- Set runtime path of "/home/tinsae/ASDFR/assignment1_ws/install/RELbot_simulator/lib/RELbot_simulator/RELbot_simulator" to ""
[10.883s] -- Installing: /home/tinsae/ASDFR/assignment1_ws/install/RELbot_simulator/share/ament_index/resource_index/package_run_dependencies/RELbot_simulator
[10.883s] -- Installing: /home/tinsae/ASDFR/assignment1_ws/install/RELbot_simulator/share/ament_index/resource_index/parent_prefix_path/RELbot_simulator
[10.883s] -- Installing: /home/tinsae/ASDFR/assignment1_ws/install/RELbot_simulator/share/RELbot_simulator/environment/ament_prefix_path.sh
[10.883s] -- Installing: /home/tinsae/ASDFR/assignment1_ws/install/RELbot_simulator/share/RELbot_simulator/environment/ament_prefix_path.dsv
[10.883s] -- Installing: /home/tinsae/ASDFR/assignment1_ws/install/RELbot_simulator/share/RELbot_simulator/environment/path.sh
[10.883s] -- Installing: /home/tinsae/ASDFR/assignment1_ws/install/RELbot_simulator/share/RELbot_simulator/environment/path.dsv
[10.883s] -- Installing: /home/tinsae/ASDFR/assignment1_ws/install/RELbot_simulator/share/RELbot_simulator/local_setup.bash
[10.883s] -- Installing: /home/tinsae/ASDFR/assignment1_ws/install/RELbot_simulator/share/RELbot_simulator/local_setup.sh
[10.883s] -- Installing: /home/tinsae/ASDFR/assignment1_ws/install/RELbot_simulator/share/RELbot_simulator/local_setup.zsh
[10.883s] -- Installing: /home/tinsae/ASDFR/assignment1_ws/install/RELbot_simulator/share/RELbot_simulator/local_setup.dsv
[10.884s] -- Installing: /home/tinsae/ASDFR/assignment1_ws/install/RELbot_simulator/share/RELbot_simulator/package.dsv
[10.884s] -- Installing: /home/tinsae/ASDFR/assignment1_ws/install/RELbot_simulator/share/ament_index/resource_index/packages/RELbot_simulator
[10.884s] -- Installing: /home/tinsae/ASDFR/assignment1_ws/install/RELbot_simulator/share/RELbot_simulator/cmake/RELbot_simulatorConfig.cmake
[10.884s] -- Installing: /home/tinsae/ASDFR/assignment1_ws/install/RELbot_simulator/share/RELbot_simulator/cmake/RELbot_simulatorConfig-version.cmake
[10.884s] -- Installing: /home/tinsae/ASDFR/assignment1_ws/install/RELbot_simulator/share/RELbot_simulator/package.xml
[10.884s] -- Installing: /home/tinsae/ASDFR/assignment1_ws/install/RELbot_simulator/share/RELbot_simulator//launch
[10.884s] -- Installing: /home/tinsae/ASDFR/assignment1_ws/install/RELbot_simulator/share/RELbot_simulator//launch/RELbot_simulator.launch.py
[10.885s] Invoked command in '/home/tinsae/ASDFR/assignment1_ws/build/RELbot_simulator' returned '0': CMAKE_PREFIX_PATH=/opt/ros/humble /usr/bin/cmake --install /home/tinsae/ASDFR/assignment1_ws/build/RELbot_simulator
