[35m[1mConsolidate compiler generated dependencies of target light_pos_indicator_node[0m
[ 50%] Built target brightness_node
[ 75%] [32mBuilding CXX object CMakeFiles/light_pos_indicator_node.dir/src/light_pos_indicator_node.cpp.o[0m
[01m[K/home/tinsae/ASDFR/assignment1_ws/src/cam_imag_pro/src/light_pos_indicator_node.cpp:[m[K In member function ‘[01m[Kvoid LightPoseNode::callback(const Image&)[m[K’:
[01m[K/home/tinsae/ASDFR/assignment1_ws/src/cam_imag_pro/src/light_pos_indicator_node.cpp:37:16:[m[K [01;35m[Kwarning: [m[Kvariable ‘[01m[Kcenter[m[K’ set but not used [[01;35m[K]8;;https://gcc.gnu.org/onlinedocs/gcc/Warning-Options.html#index-Wunused-but-set-variable-Wunused-but-set-variable]8;;[m[K]
   37 |     cv::Scalar [01;35m[Kcenter[m[K = cv::mean(white_pixels_indices);
      |                [01;35m[K^~~~~~[m[K
[100%] [32m[1mLinking CXX executable light_pos_indicator_node[0m
[100%] Built target light_pos_indicator_node
-- Install configuration: ""
-- Installing: /home/tinsae/ASDFR/assignment1_ws/install/cam_imag_pro/lib/cam_imag_pro/brightness_node
-- Set runtime path of "/home/tinsae/ASDFR/assignment1_ws/install/cam_imag_pro/lib/cam_imag_pro/brightness_node" to ""
-- Installing: /home/tinsae/ASDFR/assignment1_ws/install/cam_imag_pro/lib/cam_imag_pro/light_pos_indicator_node
-- Set runtime path of "/home/tinsae/ASDFR/assignment1_ws/install/cam_imag_pro/lib/cam_imag_pro/light_pos_indicator_node" to ""
-- Installing: /home/tinsae/ASDFR/assignment1_ws/install/cam_imag_pro/share/ament_index/resource_index/package_run_dependencies/cam_imag_pro
-- Installing: /home/tinsae/ASDFR/assignment1_ws/install/cam_imag_pro/share/ament_index/resource_index/parent_prefix_path/cam_imag_pro
-- Installing: /home/tinsae/ASDFR/assignment1_ws/install/cam_imag_pro/share/cam_imag_pro/environment/ament_prefix_path.sh
-- Installing: /home/tinsae/ASDFR/assignment1_ws/install/cam_imag_pro/share/cam_imag_pro/environment/ament_prefix_path.dsv
-- Installing: /home/tinsae/ASDFR/assignment1_ws/install/cam_imag_pro/share/cam_imag_pro/environment/path.sh
-- Installing: /home/tinsae/ASDFR/assignment1_ws/install/cam_imag_pro/share/cam_imag_pro/environment/path.dsv
-- Installing: /home/tinsae/ASDFR/assignment1_ws/install/cam_imag_pro/share/cam_imag_pro/local_setup.bash
-- Installing: /home/tinsae/ASDFR/assignment1_ws/install/cam_imag_pro/share/cam_imag_pro/local_setup.sh
-- Installing: /home/tinsae/ASDFR/assignment1_ws/install/cam_imag_pro/share/cam_imag_pro/local_setup.zsh
-- Installing: /home/tinsae/ASDFR/assignment1_ws/install/cam_imag_pro/share/cam_imag_pro/local_setup.dsv
-- Installing: /home/tinsae/ASDFR/assignment1_ws/install/cam_imag_pro/share/cam_imag_pro/package.dsv
-- Installing: /home/tinsae/ASDFR/assignment1_ws/install/cam_imag_pro/share/ament_index/resource_index/packages/cam_imag_pro
-- Installing: /home/tinsae/ASDFR/assignment1_ws/install/cam_imag_pro/share/cam_imag_pro/cmake/cam_imag_proConfig.cmake
-- Installing: /home/tinsae/ASDFR/assignment1_ws/install/cam_imag_pro/share/cam_imag_pro/cmake/cam_imag_proConfig-version.cmake
-- Installing: /home/tinsae/ASDFR/assignment1_ws/install/cam_imag_pro/share/cam_imag_pro/package.xml
