[0.051s] Invoking command in '/home/tinsae/ASDFR/assignment1_ws/build/cam_imag_pro': CMAKE_PREFIX_PATH=${CMAKE_PREFIX_PATH}:/opt/ros/humble /usr/bin/cmake --build /home/tinsae/ASDFR/assignment1_ws/build/cam_imag_pro -- -j16 -l16
[0.079s] [35m[1mConsolidate compiler generated dependencies of target light_pos_indicator_node[0m
[0.089s] [ 50%] Built target brightness_node
[0.092s] [ 75%] [32mBuilding CXX object CMakeFiles/light_pos_indicator_node.dir/src/light_pos_indicator_node.cpp.o[0m
[6.244s] [100%] [32m[1mLinking CXX executable light_pos_indicator_node[0m
[6.667s] [100%] Built target light_pos_indicator_node
[6.675s] Invoked command in '/home/tinsae/ASDFR/assignment1_ws/build/cam_imag_pro' returned '0': CMAKE_PREFIX_PATH=${CMAKE_PREFIX_PATH}:/opt/ros/humble /usr/bin/cmake --build /home/tinsae/ASDFR/assignment1_ws/build/cam_imag_pro -- -j16 -l16
[6.699s] Invoking command in '/home/tinsae/ASDFR/assignment1_ws/build/cam_imag_pro': CMAKE_PREFIX_PATH=${CMAKE_PREFIX_PATH}:/opt/ros/humble /usr/bin/cmake --install /home/tinsae/ASDFR/assignment1_ws/build/cam_imag_pro
[6.703s] -- Install configuration: ""
[6.703s] -- Up-to-date: /home/tinsae/ASDFR/assignment1_ws/install/cam_imag_pro/lib/cam_imag_pro/brightness_node
[6.704s] -- Installing: /home/tinsae/ASDFR/assignment1_ws/install/cam_imag_pro/lib/cam_imag_pro/light_pos_indicator_node
[6.706s] -- Set runtime path of "/home/tinsae/ASDFR/assignment1_ws/install/cam_imag_pro/lib/cam_imag_pro/light_pos_indicator_node" to ""
[6.706s] -- Up-to-date: /home/tinsae/ASDFR/assignment1_ws/install/cam_imag_pro/share/ament_index/resource_index/package_run_dependencies/cam_imag_pro
[6.707s] -- Up-to-date: /home/tinsae/ASDFR/assignment1_ws/install/cam_imag_pro/share/ament_index/resource_index/parent_prefix_path/cam_imag_pro
[6.707s] -- Up-to-date: /home/tinsae/ASDFR/assignment1_ws/install/cam_imag_pro/share/cam_imag_pro/environment/ament_prefix_path.sh
[6.707s] -- Up-to-date: /home/tinsae/ASDFR/assignment1_ws/install/cam_imag_pro/share/cam_imag_pro/environment/ament_prefix_path.dsv
[6.707s] -- Up-to-date: /home/tinsae/ASDFR/assignment1_ws/install/cam_imag_pro/share/cam_imag_pro/environment/path.sh
[6.707s] -- Up-to-date: /home/tinsae/ASDFR/assignment1_ws/install/cam_imag_pro/share/cam_imag_pro/environment/path.dsv
[6.707s] -- Up-to-date: /home/tinsae/ASDFR/assignment1_ws/install/cam_imag_pro/share/cam_imag_pro/local_setup.bash
[6.707s] -- Up-to-date: /home/tinsae/ASDFR/assignment1_ws/install/cam_imag_pro/share/cam_imag_pro/local_setup.sh
[6.707s] -- Up-to-date: /home/tinsae/ASDFR/assignment1_ws/install/cam_imag_pro/share/cam_imag_pro/local_setup.zsh
[6.707s] -- Up-to-date: /home/tinsae/ASDFR/assignment1_ws/install/cam_imag_pro/share/cam_imag_pro/local_setup.dsv
[6.707s] -- Installing: /home/tinsae/ASDFR/assignment1_ws/install/cam_imag_pro/share/cam_imag_pro/package.dsv
[6.707s] -- Up-to-date: /home/tinsae/ASDFR/assignment1_ws/install/cam_imag_pro/share/ament_index/resource_index/packages/cam_imag_pro
[6.707s] -- Up-to-date: /home/tinsae/ASDFR/assignment1_ws/install/cam_imag_pro/share/cam_imag_pro/cmake/cam_imag_proConfig.cmake
[6.707s] -- Up-to-date: /home/tinsae/ASDFR/assignment1_ws/install/cam_imag_pro/share/cam_imag_pro/cmake/cam_imag_proConfig-version.cmake
[6.707s] -- Up-to-date: /home/tinsae/ASDFR/assignment1_ws/install/cam_imag_pro/share/cam_imag_pro/package.xml
[6.708s] Invoked command in '/home/tinsae/ASDFR/assignment1_ws/build/cam_imag_pro' returned '0': CMAKE_PREFIX_PATH=${CMAKE_PREFIX_PATH}:/opt/ros/humble /usr/bin/cmake --install /home/tinsae/ASDFR/assignment1_ws/build/cam_imag_pro
