[0.041s] Invoking command in '/home/tinsae/ASDFR/assignment1_ws/build/cam_imag_pro': CMAKE_PREFIX_PATH=/opt/ros/humble /usr/bin/cmake /home/tinsae/ASDFR/assignment1_ws/src/cam_imag_pro -DCMAKE_INSTALL_PREFIX=/home/tinsae/ASDFR/assignment1_ws/install/cam_imag_pro
[0.175s] -- The C compiler identification is GNU 11.4.0
[0.270s] -- The CXX compiler identification is GNU 11.4.0
[0.277s] -- Detecting C compiler ABI info
[0.367s] -- Detecting C compiler ABI info - done
[0.372s] -- Check for working C compiler: /usr/bin/cc - skipped
[0.373s] -- Detecting C compile features
[0.374s] -- Detecting C compile features - done
[0.378s] -- Detecting CXX compiler ABI info
[0.466s] -- Detecting CXX compiler ABI info - done
[0.470s] -- Check for working CXX compiler: /usr/bin/c++ - skipped
[0.470s] -- Detecting CXX compile features
[0.471s] -- Detecting CXX compile features - done
[0.475s] -- Found ament_cmake: 1.3.6 (/opt/ros/humble/share/ament_cmake/cmake)
[0.606s] -- Found Python3: /usr/bin/python3.10 (found version "3.10.12") found components: Interpreter 
[0.669s] -- Found rclcpp: 16.0.7 (/opt/ros/humble/share/rclcpp/cmake)
[0.704s] -- Found rosidl_generator_c: 3.1.5 (/opt/ros/humble/share/rosidl_generator_c/cmake)
[0.708s] -- Found rosidl_adapter: 3.1.5 (/opt/ros/humble/share/rosidl_adapter/cmake)
[0.714s] -- Found rosidl_generator_cpp: 3.1.5 (/opt/ros/humble/share/rosidl_generator_cpp/cmake)
[0.725s] -- Using all available rosidl_typesupport_c: rosidl_typesupport_fastrtps_c;rosidl_typesupport_introspection_c
[0.739s] -- Using all available rosidl_typesupport_cpp: rosidl_typesupport_fastrtps_cpp;rosidl_typesupport_introspection_cpp
[0.788s] -- Found rmw_implementation_cmake: 6.1.1 (/opt/ros/humble/share/rmw_implementation_cmake/cmake)
[0.790s] -- Found rmw_fastrtps_cpp: 6.2.5 (/opt/ros/humble/share/rmw_fastrtps_cpp/cmake)
[0.871s] -- Found OpenSSL: /usr/lib/x86_64-linux-gnu/libcrypto.so (found version "3.0.2")  
[0.892s] -- Found FastRTPS: /opt/ros/humble/include  
[0.922s] -- Using RMW implementation 'rmw_fastrtps_cpp' as default
[0.930s] -- Looking for pthread.h
[1.004s] -- Looking for pthread.h - found
[1.004s] -- Performing Test CMAKE_HAVE_LIBC_PTHREAD
[1.074s] -- Performing Test CMAKE_HAVE_LIBC_PTHREAD - Success
[1.074s] -- Found Threads: TRUE  
[1.191s] -- Found sensor_msgs: 4.2.3 (/opt/ros/humble/share/sensor_msgs/cmake)
[1.274s] -- Found cv_bridge: 3.2.1 (/opt/ros/humble/share/cv_bridge/cmake)
[1.287s] -- Found OpenCV: /usr (found version "4.5.4") 
[1.291s] -- Configuring incomplete, errors occurred!
[1.291s] See also "/home/tinsae/ASDFR/assignment1_ws/build/cam_imag_pro/CMakeFiles/CMakeOutput.log".
[1.291s] [31mCMake Error at /opt/ros/humble/share/ament_cmake_target_dependencies/cmake/ament_target_dependencies.cmake:42 (message):
[1.291s]   ament_target_dependencies() the first argument must be a valid target name
[1.291s] Call Stack (most recent call first):
[1.291s]   CMakeLists.txt:19 (ament_target_dependencies)
[1.291s] 
[1.291s] [0m
[1.297s] Invoked command in '/home/tinsae/ASDFR/assignment1_ws/build/cam_imag_pro' returned '1': CMAKE_PREFIX_PATH=/opt/ros/humble /usr/bin/cmake /home/tinsae/ASDFR/assignment1_ws/src/cam_imag_pro -DCMAKE_INSTALL_PREFIX=/home/tinsae/ASDFR/assignment1_ws/install/cam_imag_pro
