[0.138s] Invoking command in '/home/tinsae/ASDFR/assignment1_ws/build/RELbot_simulator': CMAKE_PREFIX_PATH=${CMAKE_PREFIX_PATH}:/opt/ros/humble /usr/bin/cmake --build /home/tinsae/ASDFR/assignment1_ws/build/RELbot_simulator -- -j16 -l16
[0.171s] [100%] Built target RELbot_simulator
[0.178s] Invoked command in '/home/tinsae/ASDFR/assignment1_ws/build/RELbot_simulator' returned '0': CMAKE_PREFIX_PATH=${CMAKE_PREFIX_PATH}:/opt/ros/humble /usr/bin/cmake --build /home/tinsae/ASDFR/assignment1_ws/build/RELbot_simulator -- -j16 -l16
[0.200s] Invoking command in '/home/tinsae/ASDFR/assignment1_ws/build/RELbot_simulator': CMAKE_PREFIX_PATH=${CMAKE_PREFIX_PATH}:/opt/ros/humble /usr/bin/cmake --install /home/tinsae/ASDFR/assignment1_ws/build/RELbot_simulator
[0.204s] -- Install configuration: ""
[0.205s] -- Up-to-date: /home/tinsae/ASDFR/assignment1_ws/install/RELbot_simulator/lib/RELbot_simulator/RELbot_simulator
[0.205s] -- Up-to-date: /home/tinsae/ASDFR/assignment1_ws/install/RELbot_simulator/share/ament_index/resource_index/package_run_dependencies/RELbot_simulator
[0.205s] -- Up-to-date: /home/tinsae/ASDFR/assignment1_ws/install/RELbot_simulator/share/ament_index/resource_index/parent_prefix_path/RELbot_simulator
[0.205s] -- Up-to-date: /home/tinsae/ASDFR/assignment1_ws/install/RELbot_simulator/share/RELbot_simulator/environment/ament_prefix_path.sh
[0.205s] -- Up-to-date: /home/tinsae/ASDFR/assignment1_ws/install/RELbot_simulator/share/RELbot_simulator/environment/ament_prefix_path.dsv
[0.205s] -- Up-to-date: /home/tinsae/ASDFR/assignment1_ws/install/RELbot_simulator/share/RELbot_simulator/environment/path.sh
[0.205s] -- Up-to-date: /home/tinsae/ASDFR/assignment1_ws/install/RELbot_simulator/share/RELbot_simulator/environment/path.dsv
[0.205s] -- Up-to-date: /home/tinsae/ASDFR/assignment1_ws/install/RELbot_simulator/share/RELbot_simulator/local_setup.bash
[0.205s] -- Up-to-date: /home/tinsae/ASDFR/assignment1_ws/install/RELbot_simulator/share/RELbot_simulator/local_setup.sh
[0.205s] -- Up-to-date: /home/tinsae/ASDFR/assignment1_ws/install/RELbot_simulator/share/RELbot_simulator/local_setup.zsh
[0.205s] -- Up-to-date: /home/tinsae/ASDFR/assignment1_ws/install/RELbot_simulator/share/RELbot_simulator/local_setup.dsv
[0.205s] -- Installing: /home/tinsae/ASDFR/assignment1_ws/install/RELbot_simulator/share/RELbot_simulator/package.dsv
[0.205s] -- Up-to-date: /home/tinsae/ASDFR/assignment1_ws/install/RELbot_simulator/share/ament_index/resource_index/packages/RELbot_simulator
[0.205s] -- Up-to-date: /home/tinsae/ASDFR/assignment1_ws/install/RELbot_simulator/share/RELbot_simulator/cmake/RELbot_simulatorConfig.cmake
[0.205s] -- Up-to-date: /home/tinsae/ASDFR/assignment1_ws/install/RELbot_simulator/share/RELbot_simulator/cmake/RELbot_simulatorConfig-version.cmake
[0.205s] -- Up-to-date: /home/tinsae/ASDFR/assignment1_ws/install/RELbot_simulator/share/RELbot_simulator/package.xml
[0.205s] -- Up-to-date: /home/tinsae/ASDFR/assignment1_ws/install/RELbot_simulator/share/RELbot_simulator//launch
[0.205s] -- Up-to-date: /home/tinsae/ASDFR/assignment1_ws/install/RELbot_simulator/share/RELbot_simulator//launch/RELbot_simulator.launch.py
[0.207s] Invoked command in '/home/tinsae/ASDFR/assignment1_ws/build/RELbot_simulator' returned '0': CMAKE_PREFIX_PATH=${CMAKE_PREFIX_PATH}:/opt/ros/humble /usr/bin/cmake --install /home/tinsae/ASDFR/assignment1_ws/build/RELbot_simulator
