[0.704s] DEBUG:colcon:Command line arguments: ['/usr/bin/colcon', 'build']
[0.704s] DEBUG:colcon:Parsed command line arguments: Namespace(log_base=None, log_level=None, verb_name='build', build_base='build', install_base='install', merge_install=False, symlink_install=False, test_result_base=None, continue_on_error=False, executor='parallel', parallel_workers=16, event_handlers=None, ignore_user_meta=False, metas=['./colcon.meta'], base_paths=['.'], packages_ignore=None, packages_ignore_regex=None, paths=None, packages_up_to=None, packages_up_to_regex=None, packages_above=None, packages_above_and_dependencies=None, packages_above_depth=None, packages_select_by_dep=None, packages_skip_by_dep=None, packages_skip_up_to=None, packages_select_build_failed=False, packages_skip_build_finished=False, packages_select_test_failures=False, packages_skip_test_passed=False, packages_select=None, packages_skip=None, packages_select_regex=None, packages_skip_regex=None, packages_start=None, packages_end=None, allow_overriding=[], cmake_args=None, cmake_target=None, cmake_target_skip_unavailable=False, cmake_clean_cache=False, cmake_clean_first=False, cmake_force_configure=False, ament_cmake_args=None, catkin_cmake_args=None, catkin_skip_building_tests=False, verb_parser=<colcon_defaults.argument_parser.defaults.DefaultArgumentsDecorator object at 0x7f66ca31bee0>, verb_extension=<colcon_core.verb.build.BuildVerb object at 0x7f66ca70fdf0>, main=<bound method BuildVerb.main of <colcon_core.verb.build.BuildVerb object at 0x7f66ca70fdf0>>)
[0.735s] Level 1:colcon.colcon_core.package_discovery:discover_packages(colcon_meta) check parameters
[0.735s] Level 1:colcon.colcon_core.package_discovery:discover_packages(recursive) check parameters
[0.735s] Level 1:colcon.colcon_core.package_discovery:discover_packages(ignore) check parameters
[0.735s] Level 1:colcon.colcon_core.package_discovery:discover_packages(path) check parameters
[0.735s] Level 1:colcon.colcon_core.package_discovery:discover_packages(colcon_meta) discover
[0.735s] Level 1:colcon.colcon_core.package_discovery:discover_packages(recursive) discover
[0.735s] INFO:colcon.colcon_core.package_discovery:Crawling recursively for packages in '/home/tinsae/ASDFR/assignment1_ws'
[0.735s] Level 1:colcon.colcon_core.package_identification:_identify(.) by extensions ['ignore', 'ignore_ament_install']
[0.735s] Level 1:colcon.colcon_core.package_identification:_identify(.) by extension 'ignore'
[0.735s] Level 1:colcon.colcon_core.package_identification:_identify(.) by extension 'ignore_ament_install'
[0.735s] Level 1:colcon.colcon_core.package_identification:_identify(.) by extensions ['colcon_pkg']
[0.735s] Level 1:colcon.colcon_core.package_identification:_identify(.) by extension 'colcon_pkg'
[0.735s] Level 1:colcon.colcon_core.package_identification:_identify(.) by extensions ['colcon_meta']
[0.735s] Level 1:colcon.colcon_core.package_identification:_identify(.) by extension 'colcon_meta'
[0.735s] Level 1:colcon.colcon_core.package_identification:_identify(.) by extensions ['ros']
[0.735s] Level 1:colcon.colcon_core.package_identification:_identify(.) by extension 'ros'
[0.742s] Level 1:colcon.colcon_core.package_identification:_identify(.) by extensions ['cmake', 'python']
[0.742s] Level 1:colcon.colcon_core.package_identification:_identify(.) by extension 'cmake'
[0.742s] Level 1:colcon.colcon_core.package_identification:_identify(.) by extension 'python'
[0.742s] Level 1:colcon.colcon_core.package_identification:_identify(.) by extensions ['python_setup_py']
[0.742s] Level 1:colcon.colcon_core.package_identification:_identify(.) by extension 'python_setup_py'
[0.742s] Level 1:colcon.colcon_core.package_identification:_identify(build) by extensions ['ignore', 'ignore_ament_install']
[0.742s] Level 1:colcon.colcon_core.package_identification:_identify(build) by extension 'ignore'
[0.742s] Level 1:colcon.colcon_core.package_identification:_identify(build) ignored
[0.742s] Level 1:colcon.colcon_core.package_identification:_identify(install) by extensions ['ignore', 'ignore_ament_install']
[0.742s] Level 1:colcon.colcon_core.package_identification:_identify(install) by extension 'ignore'
[0.742s] Level 1:colcon.colcon_core.package_identification:_identify(install) ignored
[0.742s] Level 1:colcon.colcon_core.package_identification:_identify(log) by extensions ['ignore', 'ignore_ament_install']
[0.742s] Level 1:colcon.colcon_core.package_identification:_identify(log) by extension 'ignore'
[0.742s] Level 1:colcon.colcon_core.package_identification:_identify(log) ignored
[0.743s] Level 1:colcon.colcon_core.package_identification:_identify(src) by extensions ['ignore', 'ignore_ament_install']
[0.743s] Level 1:colcon.colcon_core.package_identification:_identify(src) by extension 'ignore'
[0.743s] Level 1:colcon.colcon_core.package_identification:_identify(src) by extension 'ignore_ament_install'
[0.743s] Level 1:colcon.colcon_core.package_identification:_identify(src) by extensions ['colcon_pkg']
[0.743s] Level 1:colcon.colcon_core.package_identification:_identify(src) by extension 'colcon_pkg'
[0.743s] Level 1:colcon.colcon_core.package_identification:_identify(src) by extensions ['colcon_meta']
[0.743s] Level 1:colcon.colcon_core.package_identification:_identify(src) by extension 'colcon_meta'
[0.743s] Level 1:colcon.colcon_core.package_identification:_identify(src) by extensions ['ros']
[0.743s] Level 1:colcon.colcon_core.package_identification:_identify(src) by extension 'ros'
[0.743s] Level 1:colcon.colcon_core.package_identification:_identify(src) by extensions ['cmake', 'python']
[0.743s] Level 1:colcon.colcon_core.package_identification:_identify(src) by extension 'cmake'
[0.743s] Level 1:colcon.colcon_core.package_identification:_identify(src) by extension 'python'
[0.743s] Level 1:colcon.colcon_core.package_identification:_identify(src) by extensions ['python_setup_py']
[0.743s] Level 1:colcon.colcon_core.package_identification:_identify(src) by extension 'python_setup_py'
[0.743s] Level 1:colcon.colcon_core.package_identification:_identify(src/RELbot_simulator) by extensions ['ignore', 'ignore_ament_install']
[0.743s] Level 1:colcon.colcon_core.package_identification:_identify(src/RELbot_simulator) by extension 'ignore'
[0.743s] Level 1:colcon.colcon_core.package_identification:_identify(src/RELbot_simulator) by extension 'ignore_ament_install'
[0.743s] Level 1:colcon.colcon_core.package_identification:_identify(src/RELbot_simulator) by extensions ['colcon_pkg']
[0.743s] Level 1:colcon.colcon_core.package_identification:_identify(src/RELbot_simulator) by extension 'colcon_pkg'
[0.743s] Level 1:colcon.colcon_core.package_identification:_identify(src/RELbot_simulator) by extensions ['colcon_meta']
[0.743s] Level 1:colcon.colcon_core.package_identification:_identify(src/RELbot_simulator) by extension 'colcon_meta'
[0.743s] Level 1:colcon.colcon_core.package_identification:_identify(src/RELbot_simulator) by extensions ['ros']
[0.743s] Level 1:colcon.colcon_core.package_identification:_identify(src/RELbot_simulator) by extension 'ros'
[0.745s] DEBUG:colcon.colcon_core.package_identification:Package 'src/RELbot_simulator' with type 'ros.ament_cmake' and name 'RELbot_simulator'
[0.745s] Level 1:colcon.colcon_core.package_identification:_identify(src/cam_imag_pro) by extensions ['ignore', 'ignore_ament_install']
[0.745s] Level 1:colcon.colcon_core.package_identification:_identify(src/cam_imag_pro) by extension 'ignore'
[0.745s] Level 1:colcon.colcon_core.package_identification:_identify(src/cam_imag_pro) by extension 'ignore_ament_install'
[0.745s] Level 1:colcon.colcon_core.package_identification:_identify(src/cam_imag_pro) by extensions ['colcon_pkg']
[0.745s] Level 1:colcon.colcon_core.package_identification:_identify(src/cam_imag_pro) by extension 'colcon_pkg'
[0.745s] Level 1:colcon.colcon_core.package_identification:_identify(src/cam_imag_pro) by extensions ['colcon_meta']
[0.745s] Level 1:colcon.colcon_core.package_identification:_identify(src/cam_imag_pro) by extension 'colcon_meta'
[0.745s] Level 1:colcon.colcon_core.package_identification:_identify(src/cam_imag_pro) by extensions ['ros']
[0.745s] Level 1:colcon.colcon_core.package_identification:_identify(src/cam_imag_pro) by extension 'ros'
[0.746s] DEBUG:colcon.colcon_core.package_identification:Package 'src/cam_imag_pro' with type 'ros.ament_cmake' and name 'cam_imag_pro'
[0.746s] Level 1:colcon.colcon_core.package_identification:_identify(src/setpoints_publisher) by extensions ['ignore', 'ignore_ament_install']
[0.746s] Level 1:colcon.colcon_core.package_identification:_identify(src/setpoints_publisher) by extension 'ignore'
[0.746s] Level 1:colcon.colcon_core.package_identification:_identify(src/setpoints_publisher) by extension 'ignore_ament_install'
[0.746s] Level 1:colcon.colcon_core.package_identification:_identify(src/setpoints_publisher) by extensions ['colcon_pkg']
[0.746s] Level 1:colcon.colcon_core.package_identification:_identify(src/setpoints_publisher) by extension 'colcon_pkg'
[0.746s] Level 1:colcon.colcon_core.package_identification:_identify(src/setpoints_publisher) by extensions ['colcon_meta']
[0.746s] Level 1:colcon.colcon_core.package_identification:_identify(src/setpoints_publisher) by extension 'colcon_meta'
[0.746s] Level 1:colcon.colcon_core.package_identification:_identify(src/setpoints_publisher) by extensions ['ros']
[0.746s] Level 1:colcon.colcon_core.package_identification:_identify(src/setpoints_publisher) by extension 'ros'
[0.746s] DEBUG:colcon.colcon_core.package_identification:Package 'src/setpoints_publisher' with type 'ros.ament_cmake' and name 'setpoints_publisher'
[0.746s] Level 1:colcon.colcon_core.package_discovery:discover_packages(recursive) using defaults
[0.746s] Level 1:colcon.colcon_core.package_discovery:discover_packages(ignore) discover
[0.746s] Level 1:colcon.colcon_core.package_discovery:discover_packages(ignore) using defaults
[0.746s] Level 1:colcon.colcon_core.package_discovery:discover_packages(path) discover
[0.746s] Level 1:colcon.colcon_core.package_discovery:discover_packages(path) using defaults
[0.818s] Level 1:colcon.colcon_core.package_discovery:discover_packages(prefix_path) check parameters
[0.818s] Level 1:colcon.colcon_core.package_discovery:discover_packages(prefix_path) discover
[0.840s] DEBUG:colcon.colcon_installed_package_information.package_discovery:Found 412 installed packages in /opt/ros/humble
[0.841s] Level 1:colcon.colcon_core.package_discovery:discover_packages(prefix_path) using defaults
[0.910s] Level 5:colcon.colcon_core.verb:set package 'RELbot_simulator' build argument 'cmake_args' from command line to 'None'
[0.910s] Level 5:colcon.colcon_core.verb:set package 'RELbot_simulator' build argument 'cmake_target' from command line to 'None'
[0.910s] Level 5:colcon.colcon_core.verb:set package 'RELbot_simulator' build argument 'cmake_target_skip_unavailable' from command line to 'False'
[0.910s] Level 5:colcon.colcon_core.verb:set package 'RELbot_simulator' build argument 'cmake_clean_cache' from command line to 'False'
[0.910s] Level 5:colcon.colcon_core.verb:set package 'RELbot_simulator' build argument 'cmake_clean_first' from command line to 'False'
[0.910s] Level 5:colcon.colcon_core.verb:set package 'RELbot_simulator' build argument 'cmake_force_configure' from command line to 'False'
[0.910s] Level 5:colcon.colcon_core.verb:set package 'RELbot_simulator' build argument 'ament_cmake_args' from command line to 'None'
[0.910s] Level 5:colcon.colcon_core.verb:set package 'RELbot_simulator' build argument 'catkin_cmake_args' from command line to 'None'
[0.910s] Level 5:colcon.colcon_core.verb:set package 'RELbot_simulator' build argument 'catkin_skip_building_tests' from command line to 'False'
[0.910s] DEBUG:colcon.colcon_core.verb:Building package 'RELbot_simulator' with the following arguments: {'ament_cmake_args': None, 'build_base': '/home/tinsae/ASDFR/assignment1_ws/build/RELbot_simulator', 'catkin_cmake_args': None, 'catkin_skip_building_tests': False, 'cmake_args': None, 'cmake_clean_cache': False, 'cmake_clean_first': False, 'cmake_force_configure': False, 'cmake_target': None, 'cmake_target_skip_unavailable': False, 'install_base': '/home/tinsae/ASDFR/assignment1_ws/install/RELbot_simulator', 'merge_install': False, 'path': '/home/tinsae/ASDFR/assignment1_ws/src/RELbot_simulator', 'symlink_install': False, 'test_result_base': None}
[0.920s] Level 5:colcon.colcon_core.verb:set package 'cam_imag_pro' build argument 'cmake_args' from command line to 'None'
[0.920s] Level 5:colcon.colcon_core.verb:set package 'cam_imag_pro' build argument 'cmake_target' from command line to 'None'
[0.921s] Level 5:colcon.colcon_core.verb:set package 'cam_imag_pro' build argument 'cmake_target_skip_unavailable' from command line to 'False'
[0.921s] Level 5:colcon.colcon_core.verb:set package 'cam_imag_pro' build argument 'cmake_clean_cache' from command line to 'False'
[0.921s] Level 5:colcon.colcon_core.verb:set package 'cam_imag_pro' build argument 'cmake_clean_first' from command line to 'False'
[0.921s] Level 5:colcon.colcon_core.verb:set package 'cam_imag_pro' build argument 'cmake_force_configure' from command line to 'False'
[0.921s] Level 5:colcon.colcon_core.verb:set package 'cam_imag_pro' build argument 'ament_cmake_args' from command line to 'None'
[0.921s] Level 5:colcon.colcon_core.verb:set package 'cam_imag_pro' build argument 'catkin_cmake_args' from command line to 'None'
[0.921s] Level 5:colcon.colcon_core.verb:set package 'cam_imag_pro' build argument 'catkin_skip_building_tests' from command line to 'False'
[0.921s] DEBUG:colcon.colcon_core.verb:Building package 'cam_imag_pro' with the following arguments: {'ament_cmake_args': None, 'build_base': '/home/tinsae/ASDFR/assignment1_ws/build/cam_imag_pro', 'catkin_cmake_args': None, 'catkin_skip_building_tests': False, 'cmake_args': None, 'cmake_clean_cache': False, 'cmake_clean_first': False, 'cmake_force_configure': False, 'cmake_target': None, 'cmake_target_skip_unavailable': False, 'install_base': '/home/tinsae/ASDFR/assignment1_ws/install/cam_imag_pro', 'merge_install': False, 'path': '/home/tinsae/ASDFR/assignment1_ws/src/cam_imag_pro', 'symlink_install': False, 'test_result_base': None}
[0.931s] Level 5:colcon.colcon_core.verb:set package 'setpoints_publisher' build argument 'cmake_args' from command line to 'None'
[0.931s] Level 5:colcon.colcon_core.verb:set package 'setpoints_publisher' build argument 'cmake_target' from command line to 'None'
[0.931s] Level 5:colcon.colcon_core.verb:set package 'setpoints_publisher' build argument 'cmake_target_skip_unavailable' from command line to 'False'
[0.931s] Level 5:colcon.colcon_core.verb:set package 'setpoints_publisher' build argument 'cmake_clean_cache' from command line to 'False'
[0.931s] Level 5:colcon.colcon_core.verb:set package 'setpoints_publisher' build argument 'cmake_clean_first' from command line to 'False'
[0.931s] Level 5:colcon.colcon_core.verb:set package 'setpoints_publisher' build argument 'cmake_force_configure' from command line to 'False'
[0.931s] Level 5:colcon.colcon_core.verb:set package 'setpoints_publisher' build argument 'ament_cmake_args' from command line to 'None'
[0.931s] Level 5:colcon.colcon_core.verb:set package 'setpoints_publisher' build argument 'catkin_cmake_args' from command line to 'None'
[0.931s] Level 5:colcon.colcon_core.verb:set package 'setpoints_publisher' build argument 'catkin_skip_building_tests' from command line to 'False'
[0.931s] DEBUG:colcon.colcon_core.verb:Building package 'setpoints_publisher' with the following arguments: {'ament_cmake_args': None, 'build_base': '/home/tinsae/ASDFR/assignment1_ws/build/setpoints_publisher', 'catkin_cmake_args': None, 'catkin_skip_building_tests': False, 'cmake_args': None, 'cmake_clean_cache': False, 'cmake_clean_first': False, 'cmake_force_configure': False, 'cmake_target': None, 'cmake_target_skip_unavailable': False, 'install_base': '/home/tinsae/ASDFR/assignment1_ws/install/setpoints_publisher', 'merge_install': False, 'path': '/home/tinsae/ASDFR/assignment1_ws/src/setpoints_publisher', 'symlink_install': False, 'test_result_base': None}
[0.942s] INFO:colcon.colcon_core.executor:Executing jobs using 'parallel' executor
[0.953s] DEBUG:colcon.colcon_parallel_executor.executor.parallel:run_until_complete
[0.953s] INFO:colcon.colcon_ros.task.ament_cmake.build:Building ROS package in '/home/tinsae/ASDFR/assignment1_ws/src/RELbot_simulator' with build type 'ament_cmake'
[0.953s] INFO:colcon.colcon_cmake.task.cmake.build:Building CMake package in '/home/tinsae/ASDFR/assignment1_ws/src/RELbot_simulator'
[0.965s] INFO:colcon.colcon_core.plugin_system:Skipping extension 'colcon_core.shell.bat': Not used on non-Windows systems
[0.965s] INFO:colcon.colcon_core.shell:Skip shell extension 'powershell' for command environment: Not usable outside of PowerShell
[0.965s] DEBUG:colcon.colcon_core.shell:Skip shell extension 'dsv' for command environment
[0.989s] INFO:colcon.colcon_ros.task.ament_cmake.build:Building ROS package in '/home/tinsae/ASDFR/assignment1_ws/src/cam_imag_pro' with build type 'ament_cmake'
[0.989s] INFO:colcon.colcon_cmake.task.cmake.build:Building CMake package in '/home/tinsae/ASDFR/assignment1_ws/src/cam_imag_pro'
[0.999s] INFO:colcon.colcon_core.shell:Skip shell extension 'powershell' for command environment: Not usable outside of PowerShell
[1.000s] DEBUG:colcon.colcon_core.shell:Skip shell extension 'dsv' for command environment
[1.023s] INFO:colcon.colcon_ros.task.ament_cmake.build:Building ROS package in '/home/tinsae/ASDFR/assignment1_ws/src/setpoints_publisher' with build type 'ament_cmake'
[1.023s] INFO:colcon.colcon_cmake.task.cmake.build:Building CMake package in '/home/tinsae/ASDFR/assignment1_ws/src/setpoints_publisher'
[1.035s] INFO:colcon.colcon_core.shell:Skip shell extension 'powershell' for command environment: Not usable outside of PowerShell
[1.035s] DEBUG:colcon.colcon_core.shell:Skip shell extension 'dsv' for command environment
[1.061s] DEBUG:colcon.colcon_core.event_handler.log_command:Invoking command in '/home/tinsae/ASDFR/assignment1_ws/build/RELbot_simulator': CMAKE_PREFIX_PATH=/opt/ros/humble /usr/bin/cmake --build /home/tinsae/ASDFR/assignment1_ws/build/RELbot_simulator -- -j16 -l16
[1.063s] DEBUG:colcon.colcon_core.event_handler.log_command:Invoking command in '/home/tinsae/ASDFR/assignment1_ws/build/cam_imag_pro': CMAKE_PREFIX_PATH=/opt/ros/humble /usr/bin/cmake --build /home/tinsae/ASDFR/assignment1_ws/build/cam_imag_pro -- -j16 -l16
[1.065s] DEBUG:colcon.colcon_core.event_handler.log_command:Invoking command in '/home/tinsae/ASDFR/assignment1_ws/build/setpoints_publisher': CMAKE_PREFIX_PATH=/opt/ros/humble /usr/bin/cmake --build /home/tinsae/ASDFR/assignment1_ws/build/setpoints_publisher -- -j16 -l16
[1.106s] DEBUG:colcon.colcon_core.event_handler.log_command:Invoked command in '/home/tinsae/ASDFR/assignment1_ws/build/cam_imag_pro' returned '0': CMAKE_PREFIX_PATH=/opt/ros/humble /usr/bin/cmake --build /home/tinsae/ASDFR/assignment1_ws/build/cam_imag_pro -- -j16 -l16
[1.109s] DEBUG:colcon.colcon_core.event_handler.log_command:Invoked command in '/home/tinsae/ASDFR/assignment1_ws/build/RELbot_simulator' returned '0': CMAKE_PREFIX_PATH=/opt/ros/humble /usr/bin/cmake --build /home/tinsae/ASDFR/assignment1_ws/build/RELbot_simulator -- -j16 -l16
[1.127s] DEBUG:colcon.colcon_core.event_handler.log_command:Invoking command in '/home/tinsae/ASDFR/assignment1_ws/build/cam_imag_pro': CMAKE_PREFIX_PATH=/opt/ros/humble /usr/bin/cmake --install /home/tinsae/ASDFR/assignment1_ws/build/cam_imag_pro
[1.128s] DEBUG:colcon.colcon_core.event_handler.log_command:Invoking command in '/home/tinsae/ASDFR/assignment1_ws/build/RELbot_simulator': CMAKE_PREFIX_PATH=/opt/ros/humble /usr/bin/cmake --install /home/tinsae/ASDFR/assignment1_ws/build/RELbot_simulator
[1.133s] Level 1:colcon.colcon_core.environment:create_environment_scripts_only(cam_imag_pro)
[1.134s] DEBUG:colcon.colcon_core.event_handler.log_command:Invoked command in '/home/tinsae/ASDFR/assignment1_ws/build/cam_imag_pro' returned '0': CMAKE_PREFIX_PATH=/opt/ros/humble /usr/bin/cmake --install /home/tinsae/ASDFR/assignment1_ws/build/cam_imag_pro
[1.147s] Level 1:colcon.colcon_core.environment:checking '/home/tinsae/ASDFR/assignment1_ws/install/cam_imag_pro' for CMake module files
[1.147s] Level 1:colcon.colcon_core.environment:checking '/home/tinsae/ASDFR/assignment1_ws/install/cam_imag_pro' for CMake config files
[1.147s] Level 1:colcon.colcon_core.shell:create_environment_hook('cam_imag_pro', 'cmake_prefix_path')
[1.159s] INFO:colcon.colcon_core.shell:Creating environment hook '/home/tinsae/ASDFR/assignment1_ws/install/cam_imag_pro/share/cam_imag_pro/hook/cmake_prefix_path.ps1'
[1.159s] INFO:colcon.colcon_core.shell:Creating environment descriptor '/home/tinsae/ASDFR/assignment1_ws/install/cam_imag_pro/share/cam_imag_pro/hook/cmake_prefix_path.dsv'
[1.159s] INFO:colcon.colcon_core.shell:Creating environment hook '/home/tinsae/ASDFR/assignment1_ws/install/cam_imag_pro/share/cam_imag_pro/hook/cmake_prefix_path.sh'
[1.160s] Level 1:colcon.colcon_core.environment:checking '/home/tinsae/ASDFR/assignment1_ws/install/cam_imag_pro/lib'
[1.160s] Level 1:colcon.colcon_core.environment:checking '/home/tinsae/ASDFR/assignment1_ws/install/cam_imag_pro/bin'
[1.160s] Level 1:colcon.colcon_core.environment:checking '/home/tinsae/ASDFR/assignment1_ws/install/cam_imag_pro/lib/pkgconfig/cam_imag_pro.pc'
[1.160s] Level 1:colcon.colcon_core.environment:checking '/home/tinsae/ASDFR/assignment1_ws/install/cam_imag_pro/lib/python3.10/site-packages'
[1.160s] Level 1:colcon.colcon_core.environment:checking '/home/tinsae/ASDFR/assignment1_ws/install/cam_imag_pro/bin'
[1.172s] INFO:colcon.colcon_core.shell:Creating package script '/home/tinsae/ASDFR/assignment1_ws/install/cam_imag_pro/share/cam_imag_pro/package.ps1'
[1.172s] INFO:colcon.colcon_core.shell:Creating package descriptor '/home/tinsae/ASDFR/assignment1_ws/install/cam_imag_pro/share/cam_imag_pro/package.dsv'
[1.172s] INFO:colcon.colcon_core.shell:Creating package script '/home/tinsae/ASDFR/assignment1_ws/install/cam_imag_pro/share/cam_imag_pro/package.sh'
[1.173s] INFO:colcon.colcon_core.shell:Creating package script '/home/tinsae/ASDFR/assignment1_ws/install/cam_imag_pro/share/cam_imag_pro/package.bash'
[1.173s] INFO:colcon.colcon_core.shell:Creating package script '/home/tinsae/ASDFR/assignment1_ws/install/cam_imag_pro/share/cam_imag_pro/package.zsh'
[1.174s] Level 1:colcon.colcon_core.environment:create_file_with_runtime_dependencies(/home/tinsae/ASDFR/assignment1_ws/install/cam_imag_pro/share/colcon-core/packages/cam_imag_pro)
[1.175s] Level 1:colcon.colcon_core.environment:create_environment_scripts_only(RELbot_simulator)
[1.175s] DEBUG:colcon.colcon_core.event_handler.log_command:Invoked command in '/home/tinsae/ASDFR/assignment1_ws/build/RELbot_simulator' returned '0': CMAKE_PREFIX_PATH=/opt/ros/humble /usr/bin/cmake --install /home/tinsae/ASDFR/assignment1_ws/build/RELbot_simulator
[1.187s] Level 1:colcon.colcon_core.environment:checking '/home/tinsae/ASDFR/assignment1_ws/install/RELbot_simulator' for CMake module files
[1.187s] Level 1:colcon.colcon_core.environment:checking '/home/tinsae/ASDFR/assignment1_ws/install/RELbot_simulator' for CMake config files
[1.187s] Level 1:colcon.colcon_core.shell:create_environment_hook('RELbot_simulator', 'cmake_prefix_path')
[1.199s] INFO:colcon.colcon_core.shell:Creating environment hook '/home/tinsae/ASDFR/assignment1_ws/install/RELbot_simulator/share/RELbot_simulator/hook/cmake_prefix_path.ps1'
[1.200s] INFO:colcon.colcon_core.shell:Creating environment descriptor '/home/tinsae/ASDFR/assignment1_ws/install/RELbot_simulator/share/RELbot_simulator/hook/cmake_prefix_path.dsv'
[1.200s] INFO:colcon.colcon_core.shell:Creating environment hook '/home/tinsae/ASDFR/assignment1_ws/install/RELbot_simulator/share/RELbot_simulator/hook/cmake_prefix_path.sh'
[1.200s] Level 1:colcon.colcon_core.environment:checking '/home/tinsae/ASDFR/assignment1_ws/install/RELbot_simulator/lib'
[1.200s] Level 1:colcon.colcon_core.environment:checking '/home/tinsae/ASDFR/assignment1_ws/install/RELbot_simulator/bin'
[1.200s] Level 1:colcon.colcon_core.environment:checking '/home/tinsae/ASDFR/assignment1_ws/install/RELbot_simulator/lib/pkgconfig/RELbot_simulator.pc'
[1.200s] Level 1:colcon.colcon_core.environment:checking '/home/tinsae/ASDFR/assignment1_ws/install/RELbot_simulator/lib/python3.10/site-packages'
[1.200s] Level 1:colcon.colcon_core.environment:checking '/home/tinsae/ASDFR/assignment1_ws/install/RELbot_simulator/bin'
[1.212s] INFO:colcon.colcon_core.shell:Creating package script '/home/tinsae/ASDFR/assignment1_ws/install/RELbot_simulator/share/RELbot_simulator/package.ps1'
[1.212s] INFO:colcon.colcon_core.shell:Creating package descriptor '/home/tinsae/ASDFR/assignment1_ws/install/RELbot_simulator/share/RELbot_simulator/package.dsv'
[1.212s] INFO:colcon.colcon_core.shell:Creating package script '/home/tinsae/ASDFR/assignment1_ws/install/RELbot_simulator/share/RELbot_simulator/package.sh'
[1.212s] INFO:colcon.colcon_core.shell:Creating package script '/home/tinsae/ASDFR/assignment1_ws/install/RELbot_simulator/share/RELbot_simulator/package.bash'
[1.213s] INFO:colcon.colcon_core.shell:Creating package script '/home/tinsae/ASDFR/assignment1_ws/install/RELbot_simulator/share/RELbot_simulator/package.zsh'
[1.213s] Level 1:colcon.colcon_core.environment:create_file_with_runtime_dependencies(/home/tinsae/ASDFR/assignment1_ws/install/RELbot_simulator/share/colcon-core/packages/RELbot_simulator)
[1.225s] Level 1:colcon.colcon_core.environment:create_environment_scripts_only(cam_imag_pro)
[1.236s] Level 1:colcon.colcon_core.environment:checking '/home/tinsae/ASDFR/assignment1_ws/install/cam_imag_pro' for CMake module files
[1.236s] Level 1:colcon.colcon_core.environment:checking '/home/tinsae/ASDFR/assignment1_ws/install/cam_imag_pro' for CMake config files
[1.236s] Level 1:colcon.colcon_core.shell:create_environment_hook('cam_imag_pro', 'cmake_prefix_path')
[1.248s] INFO:colcon.colcon_core.shell:Creating environment hook '/home/tinsae/ASDFR/assignment1_ws/install/cam_imag_pro/share/cam_imag_pro/hook/cmake_prefix_path.ps1'
[1.248s] INFO:colcon.colcon_core.shell:Creating environment descriptor '/home/tinsae/ASDFR/assignment1_ws/install/cam_imag_pro/share/cam_imag_pro/hook/cmake_prefix_path.dsv'
[1.248s] INFO:colcon.colcon_core.shell:Creating environment hook '/home/tinsae/ASDFR/assignment1_ws/install/cam_imag_pro/share/cam_imag_pro/hook/cmake_prefix_path.sh'
[1.248s] Level 1:colcon.colcon_core.environment:checking '/home/tinsae/ASDFR/assignment1_ws/install/cam_imag_pro/lib'
[1.249s] Level 1:colcon.colcon_core.environment:checking '/home/tinsae/ASDFR/assignment1_ws/install/cam_imag_pro/bin'
[1.249s] Level 1:colcon.colcon_core.environment:checking '/home/tinsae/ASDFR/assignment1_ws/install/cam_imag_pro/lib/pkgconfig/cam_imag_pro.pc'
[1.249s] Level 1:colcon.colcon_core.environment:checking '/home/tinsae/ASDFR/assignment1_ws/install/cam_imag_pro/lib/python3.10/site-packages'
[1.249s] Level 1:colcon.colcon_core.environment:checking '/home/tinsae/ASDFR/assignment1_ws/install/cam_imag_pro/bin'
[1.260s] INFO:colcon.colcon_core.shell:Creating package script '/home/tinsae/ASDFR/assignment1_ws/install/cam_imag_pro/share/cam_imag_pro/package.ps1'
[1.260s] INFO:colcon.colcon_core.shell:Creating package descriptor '/home/tinsae/ASDFR/assignment1_ws/install/cam_imag_pro/share/cam_imag_pro/package.dsv'
[1.260s] INFO:colcon.colcon_core.shell:Creating package script '/home/tinsae/ASDFR/assignment1_ws/install/cam_imag_pro/share/cam_imag_pro/package.sh'
[1.261s] INFO:colcon.colcon_core.shell:Creating package script '/home/tinsae/ASDFR/assignment1_ws/install/cam_imag_pro/share/cam_imag_pro/package.bash'
[1.261s] INFO:colcon.colcon_core.shell:Creating package script '/home/tinsae/ASDFR/assignment1_ws/install/cam_imag_pro/share/cam_imag_pro/package.zsh'
[1.261s] Level 1:colcon.colcon_core.environment:create_file_with_runtime_dependencies(/home/tinsae/ASDFR/assignment1_ws/install/cam_imag_pro/share/colcon-core/packages/cam_imag_pro)
[1.273s] Level 1:colcon.colcon_core.environment:create_environment_scripts_only(RELbot_simulator)
[1.284s] Level 1:colcon.colcon_core.environment:checking '/home/tinsae/ASDFR/assignment1_ws/install/RELbot_simulator' for CMake module files
[1.284s] Level 1:colcon.colcon_core.environment:checking '/home/tinsae/ASDFR/assignment1_ws/install/RELbot_simulator' for CMake config files
[1.284s] Level 1:colcon.colcon_core.shell:create_environment_hook('RELbot_simulator', 'cmake_prefix_path')
[1.295s] INFO:colcon.colcon_core.shell:Creating environment hook '/home/tinsae/ASDFR/assignment1_ws/install/RELbot_simulator/share/RELbot_simulator/hook/cmake_prefix_path.ps1'
[1.296s] INFO:colcon.colcon_core.shell:Creating environment descriptor '/home/tinsae/ASDFR/assignment1_ws/install/RELbot_simulator/share/RELbot_simulator/hook/cmake_prefix_path.dsv'
[1.296s] INFO:colcon.colcon_core.shell:Creating environment hook '/home/tinsae/ASDFR/assignment1_ws/install/RELbot_simulator/share/RELbot_simulator/hook/cmake_prefix_path.sh'
[1.296s] Level 1:colcon.colcon_core.environment:checking '/home/tinsae/ASDFR/assignment1_ws/install/RELbot_simulator/lib'
[1.296s] Level 1:colcon.colcon_core.environment:checking '/home/tinsae/ASDFR/assignment1_ws/install/RELbot_simulator/bin'
[1.296s] Level 1:colcon.colcon_core.environment:checking '/home/tinsae/ASDFR/assignment1_ws/install/RELbot_simulator/lib/pkgconfig/RELbot_simulator.pc'
[1.296s] Level 1:colcon.colcon_core.environment:checking '/home/tinsae/ASDFR/assignment1_ws/install/RELbot_simulator/lib/python3.10/site-packages'
[1.296s] Level 1:colcon.colcon_core.environment:checking '/home/tinsae/ASDFR/assignment1_ws/install/RELbot_simulator/bin'
[1.307s] INFO:colcon.colcon_core.shell:Creating package script '/home/tinsae/ASDFR/assignment1_ws/install/RELbot_simulator/share/RELbot_simulator/package.ps1'
[1.308s] INFO:colcon.colcon_core.shell:Creating package descriptor '/home/tinsae/ASDFR/assignment1_ws/install/RELbot_simulator/share/RELbot_simulator/package.dsv'
[1.308s] INFO:colcon.colcon_core.shell:Creating package script '/home/tinsae/ASDFR/assignment1_ws/install/RELbot_simulator/share/RELbot_simulator/package.sh'
[1.308s] INFO:colcon.colcon_core.shell:Creating package script '/home/tinsae/ASDFR/assignment1_ws/install/RELbot_simulator/share/RELbot_simulator/package.bash'
[1.308s] INFO:colcon.colcon_core.shell:Creating package script '/home/tinsae/ASDFR/assignment1_ws/install/RELbot_simulator/share/RELbot_simulator/package.zsh'
[1.308s] Level 1:colcon.colcon_core.environment:create_file_with_runtime_dependencies(/home/tinsae/ASDFR/assignment1_ws/install/RELbot_simulator/share/colcon-core/packages/RELbot_simulator)
[1.518s] DEBUG:colcon.colcon_core.event_handler.log_command:Invoked command in '/home/tinsae/ASDFR/assignment1_ws/build/setpoints_publisher' returned '0': CMAKE_PREFIX_PATH=/opt/ros/humble /usr/bin/cmake --build /home/tinsae/ASDFR/assignment1_ws/build/setpoints_publisher -- -j16 -l16
[1.556s] DEBUG:colcon.colcon_core.event_handler.log_command:Invoking command in '/home/tinsae/ASDFR/assignment1_ws/build/setpoints_publisher': CMAKE_PREFIX_PATH=/opt/ros/humble /usr/bin/cmake --install /home/tinsae/ASDFR/assignment1_ws/build/setpoints_publisher
[1.571s] Level 1:colcon.colcon_core.environment:create_environment_scripts_only(setpoints_publisher)
[1.572s] DEBUG:colcon.colcon_core.event_handler.log_command:Invoked command in '/home/tinsae/ASDFR/assignment1_ws/build/setpoints_publisher' returned '0': CMAKE_PREFIX_PATH=/opt/ros/humble /usr/bin/cmake --install /home/tinsae/ASDFR/assignment1_ws/build/setpoints_publisher
[1.593s] Level 1:colcon.colcon_core.environment:checking '/home/tinsae/ASDFR/assignment1_ws/install/setpoints_publisher' for CMake module files
[1.593s] Level 1:colcon.colcon_core.environment:checking '/home/tinsae/ASDFR/assignment1_ws/install/setpoints_publisher' for CMake config files
[1.593s] Level 1:colcon.colcon_core.shell:create_environment_hook('setpoints_publisher', 'cmake_prefix_path')
[1.604s] INFO:colcon.colcon_core.shell:Creating environment hook '/home/tinsae/ASDFR/assignment1_ws/install/setpoints_publisher/share/setpoints_publisher/hook/cmake_prefix_path.ps1'
[1.604s] INFO:colcon.colcon_core.shell:Creating environment descriptor '/home/tinsae/ASDFR/assignment1_ws/install/setpoints_publisher/share/setpoints_publisher/hook/cmake_prefix_path.dsv'
[1.604s] INFO:colcon.colcon_core.shell:Creating environment hook '/home/tinsae/ASDFR/assignment1_ws/install/setpoints_publisher/share/setpoints_publisher/hook/cmake_prefix_path.sh'
[1.605s] Level 1:colcon.colcon_core.environment:checking '/home/tinsae/ASDFR/assignment1_ws/install/setpoints_publisher/lib'
[1.605s] Level 1:colcon.colcon_core.environment:checking '/home/tinsae/ASDFR/assignment1_ws/install/setpoints_publisher/bin'
[1.605s] Level 1:colcon.colcon_core.environment:checking '/home/tinsae/ASDFR/assignment1_ws/install/setpoints_publisher/lib/pkgconfig/setpoints_publisher.pc'
[1.605s] Level 1:colcon.colcon_core.environment:checking '/home/tinsae/ASDFR/assignment1_ws/install/setpoints_publisher/lib/python3.10/site-packages'
[1.605s] Level 1:colcon.colcon_core.environment:checking '/home/tinsae/ASDFR/assignment1_ws/install/setpoints_publisher/bin'
[1.616s] INFO:colcon.colcon_core.shell:Creating package script '/home/tinsae/ASDFR/assignment1_ws/install/setpoints_publisher/share/setpoints_publisher/package.ps1'
[1.616s] INFO:colcon.colcon_core.shell:Creating package descriptor '/home/tinsae/ASDFR/assignment1_ws/install/setpoints_publisher/share/setpoints_publisher/package.dsv'
[1.616s] INFO:colcon.colcon_core.shell:Creating package script '/home/tinsae/ASDFR/assignment1_ws/install/setpoints_publisher/share/setpoints_publisher/package.sh'
[1.617s] INFO:colcon.colcon_core.shell:Creating package script '/home/tinsae/ASDFR/assignment1_ws/install/setpoints_publisher/share/setpoints_publisher/package.bash'
[1.617s] INFO:colcon.colcon_core.shell:Creating package script '/home/tinsae/ASDFR/assignment1_ws/install/setpoints_publisher/share/setpoints_publisher/package.zsh'
[1.617s] Level 1:colcon.colcon_core.environment:create_file_with_runtime_dependencies(/home/tinsae/ASDFR/assignment1_ws/install/setpoints_publisher/share/colcon-core/packages/setpoints_publisher)
[1.644s] Level 1:colcon.colcon_core.environment:create_environment_scripts_only(setpoints_publisher)
[1.656s] Level 1:colcon.colcon_core.environment:checking '/home/tinsae/ASDFR/assignment1_ws/install/setpoints_publisher' for CMake module files
[1.656s] Level 1:colcon.colcon_core.environment:checking '/home/tinsae/ASDFR/assignment1_ws/install/setpoints_publisher' for CMake config files
[1.656s] Level 1:colcon.colcon_core.shell:create_environment_hook('setpoints_publisher', 'cmake_prefix_path')
[1.667s] INFO:colcon.colcon_core.shell:Creating environment hook '/home/tinsae/ASDFR/assignment1_ws/install/setpoints_publisher/share/setpoints_publisher/hook/cmake_prefix_path.ps1'
[1.668s] INFO:colcon.colcon_core.shell:Creating environment descriptor '/home/tinsae/ASDFR/assignment1_ws/install/setpoints_publisher/share/setpoints_publisher/hook/cmake_prefix_path.dsv'
[1.668s] INFO:colcon.colcon_core.shell:Creating environment hook '/home/tinsae/ASDFR/assignment1_ws/install/setpoints_publisher/share/setpoints_publisher/hook/cmake_prefix_path.sh'
[1.668s] Level 1:colcon.colcon_core.environment:checking '/home/tinsae/ASDFR/assignment1_ws/install/setpoints_publisher/lib'
[1.668s] Level 1:colcon.colcon_core.environment:checking '/home/tinsae/ASDFR/assignment1_ws/install/setpoints_publisher/bin'
[1.668s] Level 1:colcon.colcon_core.environment:checking '/home/tinsae/ASDFR/assignment1_ws/install/setpoints_publisher/lib/pkgconfig/setpoints_publisher.pc'
[1.668s] Level 1:colcon.colcon_core.environment:checking '/home/tinsae/ASDFR/assignment1_ws/install/setpoints_publisher/lib/python3.10/site-packages'
[1.668s] Level 1:colcon.colcon_core.environment:checking '/home/tinsae/ASDFR/assignment1_ws/install/setpoints_publisher/bin'
[1.679s] INFO:colcon.colcon_core.shell:Creating package script '/home/tinsae/ASDFR/assignment1_ws/install/setpoints_publisher/share/setpoints_publisher/package.ps1'
[1.679s] INFO:colcon.colcon_core.shell:Creating package descriptor '/home/tinsae/ASDFR/assignment1_ws/install/setpoints_publisher/share/setpoints_publisher/package.dsv'
[1.680s] INFO:colcon.colcon_core.shell:Creating package script '/home/tinsae/ASDFR/assignment1_ws/install/setpoints_publisher/share/setpoints_publisher/package.sh'
[1.680s] INFO:colcon.colcon_core.shell:Creating package script '/home/tinsae/ASDFR/assignment1_ws/install/setpoints_publisher/share/setpoints_publisher/package.bash'
[1.680s] INFO:colcon.colcon_core.shell:Creating package script '/home/tinsae/ASDFR/assignment1_ws/install/setpoints_publisher/share/setpoints_publisher/package.zsh'
[1.680s] Level 1:colcon.colcon_core.environment:create_file_with_runtime_dependencies(/home/tinsae/ASDFR/assignment1_ws/install/setpoints_publisher/share/colcon-core/packages/setpoints_publisher)
[1.681s] DEBUG:colcon.colcon_parallel_executor.executor.parallel:closing loop
[1.681s] DEBUG:colcon.colcon_parallel_executor.executor.parallel:loop closed
[1.681s] DEBUG:colcon.colcon_parallel_executor.executor.parallel:run_until_complete finished with '0'
[1.681s] DEBUG:colcon.colcon_core.event_reactor:joining thread
[1.695s] INFO:colcon.colcon_core.plugin_system:Skipping extension 'colcon_notification.desktop_notification.terminal_notifier': Not used on non-Darwin systems
[1.695s] INFO:colcon.colcon_core.plugin_system:Skipping extension 'colcon_notification.desktop_notification.win32': Not used on non-Windows systems
[1.695s] INFO:colcon.colcon_notification.desktop_notification:Sending desktop notification using 'notify2'
[1.703s] DEBUG:colcon.colcon_core.event_reactor:joined thread
[1.714s] INFO:colcon.colcon_core.shell:Creating prefix script '/home/tinsae/ASDFR/assignment1_ws/install/local_setup.ps1'
[1.715s] INFO:colcon.colcon_core.shell:Creating prefix util module '/home/tinsae/ASDFR/assignment1_ws/install/_local_setup_util_ps1.py'
[1.716s] INFO:colcon.colcon_core.shell:Creating prefix chain script '/home/tinsae/ASDFR/assignment1_ws/install/setup.ps1'
[1.729s] INFO:colcon.colcon_core.shell:Creating prefix script '/home/tinsae/ASDFR/assignment1_ws/install/local_setup.sh'
[1.729s] INFO:colcon.colcon_core.shell:Creating prefix util module '/home/tinsae/ASDFR/assignment1_ws/install/_local_setup_util_sh.py'
[1.729s] INFO:colcon.colcon_core.shell:Creating prefix chain script '/home/tinsae/ASDFR/assignment1_ws/install/setup.sh'
[1.742s] INFO:colcon.colcon_core.shell:Creating prefix script '/home/tinsae/ASDFR/assignment1_ws/install/local_setup.bash'
[1.743s] INFO:colcon.colcon_core.shell:Creating prefix chain script '/home/tinsae/ASDFR/assignment1_ws/install/setup.bash'
[1.757s] INFO:colcon.colcon_core.shell:Creating prefix script '/home/tinsae/ASDFR/assignment1_ws/install/local_setup.zsh'
[1.758s] INFO:colcon.colcon_core.shell:Creating prefix chain script '/home/tinsae/ASDFR/assignment1_ws/install/setup.zsh'
