[0.042s] Invoking command in '/home/tinsae/ASDFR/assignment1_ws/build/cam_imag_pro': CMAKE_PREFIX_PATH=/opt/ros/humble /usr/bin/cmake --build /home/tinsae/ASDFR/assignment1_ws/build/cam_imag_pro -- -j16 -l16
[0.078s] [35m[1mConsolidate compiler generated dependencies of target light_pos_indicator_node[0m
[0.088s] [ 50%] Built target brightness_node
[0.092s] [ 75%] [32mBuilding CXX object CMakeFiles/light_pos_indicator_node.dir/src/light_pos_indicator_node.cpp.o[0m
[6.583s] [100%] [32m[1mLinking CXX executable light_pos_indicator_node[0m
[7.031s] [100%] Built target light_pos_indicator_node
[7.040s] Invoked command in '/home/tinsae/ASDFR/assignment1_ws/build/cam_imag_pro' returned '0': CMAKE_PREFIX_PATH=/opt/ros/humble /usr/bin/cmake --build /home/tinsae/ASDFR/assignment1_ws/build/cam_imag_pro -- -j16 -l16
[7.079s] Invoking command in '/home/tinsae/ASDFR/assignment1_ws/build/cam_imag_pro': CMAKE_PREFIX_PATH=/opt/ros/humble /usr/bin/cmake --install /home/tinsae/ASDFR/assignment1_ws/build/cam_imag_pro
[7.084s] -- Install configuration: ""
[7.084s] -- Up-to-date: /home/tinsae/ASDFR/assignment1_ws/install/cam_imag_pro/lib/cam_imag_pro/brightness_node
[7.084s] -- Installing: /home/tinsae/ASDFR/assignment1_ws/install/cam_imag_pro/lib/cam_imag_pro/light_pos_indicator_node
[7.087s] -- Set runtime path of "/home/tinsae/ASDFR/assignment1_ws/install/cam_imag_pro/lib/cam_imag_pro/light_pos_indicator_node" to ""
[7.087s] -- Up-to-date: /home/tinsae/ASDFR/assignment1_ws/install/cam_imag_pro/share/ament_index/resource_index/package_run_dependencies/cam_imag_pro
[7.087s] -- Up-to-date: /home/tinsae/ASDFR/assignment1_ws/install/cam_imag_pro/share/ament_index/resource_index/parent_prefix_path/cam_imag_pro
[7.087s] -- Up-to-date: /home/tinsae/ASDFR/assignment1_ws/install/cam_imag_pro/share/cam_imag_pro/environment/ament_prefix_path.sh
[7.087s] -- Up-to-date: /home/tinsae/ASDFR/assignment1_ws/install/cam_imag_pro/share/cam_imag_pro/environment/ament_prefix_path.dsv
[7.087s] -- Up-to-date: /home/tinsae/ASDFR/assignment1_ws/install/cam_imag_pro/share/cam_imag_pro/environment/path.sh
[7.087s] -- Up-to-date: /home/tinsae/ASDFR/assignment1_ws/install/cam_imag_pro/share/cam_imag_pro/environment/path.dsv
[7.087s] -- Up-to-date: /home/tinsae/ASDFR/assignment1_ws/install/cam_imag_pro/share/cam_imag_pro/local_setup.bash
[7.087s] -- Up-to-date: /home/tinsae/ASDFR/assignment1_ws/install/cam_imag_pro/share/cam_imag_pro/local_setup.sh
[7.087s] -- Up-to-date: /home/tinsae/ASDFR/assignment1_ws/install/cam_imag_pro/share/cam_imag_pro/local_setup.zsh
[7.087s] -- Up-to-date: /home/tinsae/ASDFR/assignment1_ws/install/cam_imag_pro/share/cam_imag_pro/local_setup.dsv
[7.087s] -- Installing: /home/tinsae/ASDFR/assignment1_ws/install/cam_imag_pro/share/cam_imag_pro/package.dsv
[7.087s] -- Up-to-date: /home/tinsae/ASDFR/assignment1_ws/install/cam_imag_pro/share/ament_index/resource_index/packages/cam_imag_pro
[7.087s] -- Up-to-date: /home/tinsae/ASDFR/assignment1_ws/install/cam_imag_pro/share/cam_imag_pro/cmake/cam_imag_proConfig.cmake
[7.088s] -- Up-to-date: /home/tinsae/ASDFR/assignment1_ws/install/cam_imag_pro/share/cam_imag_pro/cmake/cam_imag_proConfig-version.cmake
[7.088s] -- Up-to-date: /home/tinsae/ASDFR/assignment1_ws/install/cam_imag_pro/share/cam_imag_pro/package.xml
[7.089s] Invoked command in '/home/tinsae/ASDFR/assignment1_ws/build/cam_imag_pro' returned '0': CMAKE_PREFIX_PATH=/opt/ros/humble /usr/bin/cmake --install /home/tinsae/ASDFR/assignment1_ws/build/cam_imag_pro
