[0.745s] DEBUG:colcon:Command line arguments: ['/usr/bin/colcon', 'build']
[0.745s] DEBUG:colcon:Parsed command line arguments: Namespace(log_base=None, log_level=None, verb_name='build', build_base='build', install_base='install', merge_install=False, symlink_install=False, test_result_base=None, continue_on_error=False, executor='parallel', parallel_workers=16, event_handlers=None, ignore_user_meta=False, metas=['./colcon.meta'], base_paths=['.'], packages_ignore=None, packages_ignore_regex=None, paths=None, packages_up_to=None, packages_up_to_regex=None, packages_above=None, packages_above_and_dependencies=None, packages_above_depth=None, packages_select_by_dep=None, packages_skip_by_dep=None, packages_skip_up_to=None, packages_select_build_failed=False, packages_skip_build_finished=False, packages_select_test_failures=False, packages_skip_test_passed=False, packages_select=None, packages_skip=None, packages_select_regex=None, packages_skip_regex=None, packages_start=None, packages_end=None, allow_overriding=[], cmake_args=None, cmake_target=None, cmake_target_skip_unavailable=False, cmake_clean_cache=False, cmake_clean_first=False, cmake_force_configure=False, ament_cmake_args=None, catkin_cmake_args=None, catkin_skip_building_tests=False, verb_parser=<colcon_defaults.argument_parser.defaults.DefaultArgumentsDecorator object at 0x7fa26fbbb4c0>, verb_extension=<colcon_core.verb.build.BuildVerb object at 0x7fa270003df0>, main=<bound method BuildVerb.main of <colcon_core.verb.build.BuildVerb object at 0x7fa270003df0>>)
[0.780s] Level 1:colcon.colcon_core.package_discovery:discover_packages(colcon_meta) check parameters
[0.780s] Level 1:colcon.colcon_core.package_discovery:discover_packages(recursive) check parameters
[0.780s] Level 1:colcon.colcon_core.package_discovery:discover_packages(ignore) check parameters
[0.780s] Level 1:colcon.colcon_core.package_discovery:discover_packages(path) check parameters
[0.780s] Level 1:colcon.colcon_core.package_discovery:discover_packages(colcon_meta) discover
[0.780s] Level 1:colcon.colcon_core.package_discovery:discover_packages(recursive) discover
[0.780s] INFO:colcon.colcon_core.package_discovery:Crawling recursively for packages in '/home/tinsae/ASDFR/assignment1_ws'
[0.781s] Level 1:colcon.colcon_core.package_identification:_identify(.) by extensions ['ignore', 'ignore_ament_install']
[0.781s] Level 1:colcon.colcon_core.package_identification:_identify(.) by extension 'ignore'
[0.781s] Level 1:colcon.colcon_core.package_identification:_identify(.) by extension 'ignore_ament_install'
[0.781s] Level 1:colcon.colcon_core.package_identification:_identify(.) by extensions ['colcon_pkg']
[0.781s] Level 1:colcon.colcon_core.package_identification:_identify(.) by extension 'colcon_pkg'
[0.781s] Level 1:colcon.colcon_core.package_identification:_identify(.) by extensions ['colcon_meta']
[0.781s] Level 1:colcon.colcon_core.package_identification:_identify(.) by extension 'colcon_meta'
[0.781s] Level 1:colcon.colcon_core.package_identification:_identify(.) by extensions ['ros']
[0.781s] Level 1:colcon.colcon_core.package_identification:_identify(.) by extension 'ros'
[0.788s] Level 1:colcon.colcon_core.package_identification:_identify(.) by extensions ['cmake', 'python']
[0.788s] Level 1:colcon.colcon_core.package_identification:_identify(.) by extension 'cmake'
[0.788s] Level 1:colcon.colcon_core.package_identification:_identify(.) by extension 'python'
[0.788s] Level 1:colcon.colcon_core.package_identification:_identify(.) by extensions ['python_setup_py']
[0.788s] Level 1:colcon.colcon_core.package_identification:_identify(.) by extension 'python_setup_py'
[0.788s] Level 1:colcon.colcon_core.package_identification:_identify(build) by extensions ['ignore', 'ignore_ament_install']
[0.788s] Level 1:colcon.colcon_core.package_identification:_identify(build) by extension 'ignore'
[0.788s] Level 1:colcon.colcon_core.package_identification:_identify(build) ignored
[0.788s] Level 1:colcon.colcon_core.package_identification:_identify(install) by extensions ['ignore', 'ignore_ament_install']
[0.788s] Level 1:colcon.colcon_core.package_identification:_identify(install) by extension 'ignore'
[0.788s] Level 1:colcon.colcon_core.package_identification:_identify(install) ignored
[0.788s] Level 1:colcon.colcon_core.package_identification:_identify(log) by extensions ['ignore', 'ignore_ament_install']
[0.788s] Level 1:colcon.colcon_core.package_identification:_identify(log) by extension 'ignore'
[0.788s] Level 1:colcon.colcon_core.package_identification:_identify(log) ignored
[0.788s] Level 1:colcon.colcon_core.package_identification:_identify(src) by extensions ['ignore', 'ignore_ament_install']
[0.788s] Level 1:colcon.colcon_core.package_identification:_identify(src) by extension 'ignore'
[0.788s] Level 1:colcon.colcon_core.package_identification:_identify(src) by extension 'ignore_ament_install'
[0.788s] Level 1:colcon.colcon_core.package_identification:_identify(src) by extensions ['colcon_pkg']
[0.788s] Level 1:colcon.colcon_core.package_identification:_identify(src) by extension 'colcon_pkg'
[0.788s] Level 1:colcon.colcon_core.package_identification:_identify(src) by extensions ['colcon_meta']
[0.788s] Level 1:colcon.colcon_core.package_identification:_identify(src) by extension 'colcon_meta'
[0.788s] Level 1:colcon.colcon_core.package_identification:_identify(src) by extensions ['ros']
[0.788s] Level 1:colcon.colcon_core.package_identification:_identify(src) by extension 'ros'
[0.788s] Level 1:colcon.colcon_core.package_identification:_identify(src) by extensions ['cmake', 'python']
[0.788s] Level 1:colcon.colcon_core.package_identification:_identify(src) by extension 'cmake'
[0.788s] Level 1:colcon.colcon_core.package_identification:_identify(src) by extension 'python'
[0.789s] Level 1:colcon.colcon_core.package_identification:_identify(src) by extensions ['python_setup_py']
[0.789s] Level 1:colcon.colcon_core.package_identification:_identify(src) by extension 'python_setup_py'
[0.789s] Level 1:colcon.colcon_core.package_identification:_identify(src/RELbot_simulator) by extensions ['ignore', 'ignore_ament_install']
[0.789s] Level 1:colcon.colcon_core.package_identification:_identify(src/RELbot_simulator) by extension 'ignore'
[0.789s] Level 1:colcon.colcon_core.package_identification:_identify(src/RELbot_simulator) by extension 'ignore_ament_install'
[0.789s] Level 1:colcon.colcon_core.package_identification:_identify(src/RELbot_simulator) by extensions ['colcon_pkg']
[0.789s] Level 1:colcon.colcon_core.package_identification:_identify(src/RELbot_simulator) by extension 'colcon_pkg'
[0.789s] Level 1:colcon.colcon_core.package_identification:_identify(src/RELbot_simulator) by extensions ['colcon_meta']
[0.789s] Level 1:colcon.colcon_core.package_identification:_identify(src/RELbot_simulator) by extension 'colcon_meta'
[0.789s] Level 1:colcon.colcon_core.package_identification:_identify(src/RELbot_simulator) by extensions ['ros']
[0.789s] Level 1:colcon.colcon_core.package_identification:_identify(src/RELbot_simulator) by extension 'ros'
[0.790s] DEBUG:colcon.colcon_core.package_identification:Package 'src/RELbot_simulator' with type 'ros.ament_cmake' and name 'RELbot_simulator'
[0.791s] Level 1:colcon.colcon_core.package_identification:_identify(src/cam_imag_pro) by extensions ['ignore', 'ignore_ament_install']
[0.791s] Level 1:colcon.colcon_core.package_identification:_identify(src/cam_imag_pro) by extension 'ignore'
[0.791s] Level 1:colcon.colcon_core.package_identification:_identify(src/cam_imag_pro) by extension 'ignore_ament_install'
[0.791s] Level 1:colcon.colcon_core.package_identification:_identify(src/cam_imag_pro) by extensions ['colcon_pkg']
[0.791s] Level 1:colcon.colcon_core.package_identification:_identify(src/cam_imag_pro) by extension 'colcon_pkg'
[0.791s] Level 1:colcon.colcon_core.package_identification:_identify(src/cam_imag_pro) by extensions ['colcon_meta']
[0.791s] Level 1:colcon.colcon_core.package_identification:_identify(src/cam_imag_pro) by extension 'colcon_meta'
[0.791s] Level 1:colcon.colcon_core.package_identification:_identify(src/cam_imag_pro) by extensions ['ros']
[0.791s] Level 1:colcon.colcon_core.package_identification:_identify(src/cam_imag_pro) by extension 'ros'
[0.791s] DEBUG:colcon.colcon_core.package_identification:Package 'src/cam_imag_pro' with type 'ros.ament_cmake' and name 'cam_imag_pro'
[0.791s] Level 1:colcon.colcon_core.package_identification:_identify(src/setpoints_publisher) by extensions ['ignore', 'ignore_ament_install']
[0.791s] Level 1:colcon.colcon_core.package_identification:_identify(src/setpoints_publisher) by extension 'ignore'
[0.791s] Level 1:colcon.colcon_core.package_identification:_identify(src/setpoints_publisher) by extension 'ignore_ament_install'
[0.791s] Level 1:colcon.colcon_core.package_identification:_identify(src/setpoints_publisher) by extensions ['colcon_pkg']
[0.791s] Level 1:colcon.colcon_core.package_identification:_identify(src/setpoints_publisher) by extension 'colcon_pkg'
[0.791s] Level 1:colcon.colcon_core.package_identification:_identify(src/setpoints_publisher) by extensions ['colcon_meta']
[0.791s] Level 1:colcon.colcon_core.package_identification:_identify(src/setpoints_publisher) by extension 'colcon_meta'
[0.791s] Level 1:colcon.colcon_core.package_identification:_identify(src/setpoints_publisher) by extensions ['ros']
[0.791s] Level 1:colcon.colcon_core.package_identification:_identify(src/setpoints_publisher) by extension 'ros'
[0.792s] DEBUG:colcon.colcon_core.package_identification:Package 'src/setpoints_publisher' with type 'ros.ament_cmake' and name 'setpoints_publisher'
[0.792s] Level 1:colcon.colcon_core.package_discovery:discover_packages(recursive) using defaults
[0.792s] Level 1:colcon.colcon_core.package_discovery:discover_packages(ignore) discover
[0.792s] Level 1:colcon.colcon_core.package_discovery:discover_packages(ignore) using defaults
[0.792s] Level 1:colcon.colcon_core.package_discovery:discover_packages(path) discover
[0.792s] Level 1:colcon.colcon_core.package_discovery:discover_packages(path) using defaults
[0.863s] Level 1:colcon.colcon_core.package_discovery:discover_packages(prefix_path) check parameters
[0.863s] Level 1:colcon.colcon_core.package_discovery:discover_packages(prefix_path) discover
[0.886s] DEBUG:colcon.colcon_installed_package_information.package_discovery:Found 3 installed packages in /home/tinsae/ASDFR/assignment1_ws/install
[0.897s] DEBUG:colcon.colcon_installed_package_information.package_discovery:Found 412 installed packages in /opt/ros/humble
[0.898s] Level 1:colcon.colcon_core.package_discovery:discover_packages(prefix_path) using defaults
[0.968s] Level 5:colcon.colcon_core.verb:set package 'RELbot_simulator' build argument 'cmake_args' from command line to 'None'
[0.968s] Level 5:colcon.colcon_core.verb:set package 'RELbot_simulator' build argument 'cmake_target' from command line to 'None'
[0.968s] Level 5:colcon.colcon_core.verb:set package 'RELbot_simulator' build argument 'cmake_target_skip_unavailable' from command line to 'False'
[0.968s] Level 5:colcon.colcon_core.verb:set package 'RELbot_simulator' build argument 'cmake_clean_cache' from command line to 'False'
[0.968s] Level 5:colcon.colcon_core.verb:set package 'RELbot_simulator' build argument 'cmake_clean_first' from command line to 'False'
[0.968s] Level 5:colcon.colcon_core.verb:set package 'RELbot_simulator' build argument 'cmake_force_configure' from command line to 'False'
[0.968s] Level 5:colcon.colcon_core.verb:set package 'RELbot_simulator' build argument 'ament_cmake_args' from command line to 'None'
[0.968s] Level 5:colcon.colcon_core.verb:set package 'RELbot_simulator' build argument 'catkin_cmake_args' from command line to 'None'
[0.968s] Level 5:colcon.colcon_core.verb:set package 'RELbot_simulator' build argument 'catkin_skip_building_tests' from command line to 'False'
[0.968s] DEBUG:colcon.colcon_core.verb:Building package 'RELbot_simulator' with the following arguments: {'ament_cmake_args': None, 'build_base': '/home/tinsae/ASDFR/assignment1_ws/build/RELbot_simulator', 'catkin_cmake_args': None, 'catkin_skip_building_tests': False, 'cmake_args': None, 'cmake_clean_cache': False, 'cmake_clean_first': False, 'cmake_force_configure': False, 'cmake_target': None, 'cmake_target_skip_unavailable': False, 'install_base': '/home/tinsae/ASDFR/assignment1_ws/install/RELbot_simulator', 'merge_install': False, 'path': '/home/tinsae/ASDFR/assignment1_ws/src/RELbot_simulator', 'symlink_install': False, 'test_result_base': None}
[0.979s] Level 5:colcon.colcon_core.verb:set package 'cam_imag_pro' build argument 'cmake_args' from command line to 'None'
[0.979s] Level 5:colcon.colcon_core.verb:set package 'cam_imag_pro' build argument 'cmake_target' from command line to 'None'
[0.979s] Level 5:colcon.colcon_core.verb:set package 'cam_imag_pro' build argument 'cmake_target_skip_unavailable' from command line to 'False'
[0.979s] Level 5:colcon.colcon_core.verb:set package 'cam_imag_pro' build argument 'cmake_clean_cache' from command line to 'False'
[0.979s] Level 5:colcon.colcon_core.verb:set package 'cam_imag_pro' build argument 'cmake_clean_first' from command line to 'False'
[0.979s] Level 5:colcon.colcon_core.verb:set package 'cam_imag_pro' build argument 'cmake_force_configure' from command line to 'False'
[0.979s] Level 5:colcon.colcon_core.verb:set package 'cam_imag_pro' build argument 'ament_cmake_args' from command line to 'None'
[0.979s] Level 5:colcon.colcon_core.verb:set package 'cam_imag_pro' build argument 'catkin_cmake_args' from command line to 'None'
[0.979s] Level 5:colcon.colcon_core.verb:set package 'cam_imag_pro' build argument 'catkin_skip_building_tests' from command line to 'False'
[0.979s] DEBUG:colcon.colcon_core.verb:Building package 'cam_imag_pro' with the following arguments: {'ament_cmake_args': None, 'build_base': '/home/tinsae/ASDFR/assignment1_ws/build/cam_imag_pro', 'catkin_cmake_args': None, 'catkin_skip_building_tests': False, 'cmake_args': None, 'cmake_clean_cache': False, 'cmake_clean_first': False, 'cmake_force_configure': False, 'cmake_target': None, 'cmake_target_skip_unavailable': False, 'install_base': '/home/tinsae/ASDFR/assignment1_ws/install/cam_imag_pro', 'merge_install': False, 'path': '/home/tinsae/ASDFR/assignment1_ws/src/cam_imag_pro', 'symlink_install': False, 'test_result_base': None}
[0.989s] Level 5:colcon.colcon_core.verb:set package 'setpoints_publisher' build argument 'cmake_args' from command line to 'None'
[0.989s] Level 5:colcon.colcon_core.verb:set package 'setpoints_publisher' build argument 'cmake_target' from command line to 'None'
[0.989s] Level 5:colcon.colcon_core.verb:set package 'setpoints_publisher' build argument 'cmake_target_skip_unavailable' from command line to 'False'
[0.989s] Level 5:colcon.colcon_core.verb:set package 'setpoints_publisher' build argument 'cmake_clean_cache' from command line to 'False'
[0.989s] Level 5:colcon.colcon_core.verb:set package 'setpoints_publisher' build argument 'cmake_clean_first' from command line to 'False'
[0.989s] Level 5:colcon.colcon_core.verb:set package 'setpoints_publisher' build argument 'cmake_force_configure' from command line to 'False'
[0.989s] Level 5:colcon.colcon_core.verb:set package 'setpoints_publisher' build argument 'ament_cmake_args' from command line to 'None'
[0.989s] Level 5:colcon.colcon_core.verb:set package 'setpoints_publisher' build argument 'catkin_cmake_args' from command line to 'None'
[0.989s] Level 5:colcon.colcon_core.verb:set package 'setpoints_publisher' build argument 'catkin_skip_building_tests' from command line to 'False'
[0.990s] DEBUG:colcon.colcon_core.verb:Building package 'setpoints_publisher' with the following arguments: {'ament_cmake_args': None, 'build_base': '/home/tinsae/ASDFR/assignment1_ws/build/setpoints_publisher', 'catkin_cmake_args': None, 'catkin_skip_building_tests': False, 'cmake_args': None, 'cmake_clean_cache': False, 'cmake_clean_first': False, 'cmake_force_configure': False, 'cmake_target': None, 'cmake_target_skip_unavailable': False, 'install_base': '/home/tinsae/ASDFR/assignment1_ws/install/setpoints_publisher', 'merge_install': False, 'path': '/home/tinsae/ASDFR/assignment1_ws/src/setpoints_publisher', 'symlink_install': False, 'test_result_base': None}
[1.000s] INFO:colcon.colcon_core.executor:Executing jobs using 'parallel' executor
[1.011s] DEBUG:colcon.colcon_parallel_executor.executor.parallel:run_until_complete
[1.011s] INFO:colcon.colcon_ros.task.ament_cmake.build:Building ROS package in '/home/tinsae/ASDFR/assignment1_ws/src/RELbot_simulator' with build type 'ament_cmake'
[1.011s] INFO:colcon.colcon_cmake.task.cmake.build:Building CMake package in '/home/tinsae/ASDFR/assignment1_ws/src/RELbot_simulator'
[1.023s] INFO:colcon.colcon_core.plugin_system:Skipping extension 'colcon_core.shell.bat': Not used on non-Windows systems
[1.023s] INFO:colcon.colcon_core.shell:Skip shell extension 'powershell' for command environment: Not usable outside of PowerShell
[1.023s] DEBUG:colcon.colcon_core.shell:Skip shell extension 'dsv' for command environment
[1.057s] INFO:colcon.colcon_ros.task.ament_cmake.build:Building ROS package in '/home/tinsae/ASDFR/assignment1_ws/src/cam_imag_pro' with build type 'ament_cmake'
[1.057s] INFO:colcon.colcon_cmake.task.cmake.build:Building CMake package in '/home/tinsae/ASDFR/assignment1_ws/src/cam_imag_pro'
[1.068s] INFO:colcon.colcon_core.shell:Skip shell extension 'powershell' for command environment: Not usable outside of PowerShell
[1.068s] DEBUG:colcon.colcon_core.shell:Skip shell extension 'dsv' for command environment
[1.102s] INFO:colcon.colcon_ros.task.ament_cmake.build:Building ROS package in '/home/tinsae/ASDFR/assignment1_ws/src/setpoints_publisher' with build type 'ament_cmake'
[1.102s] INFO:colcon.colcon_cmake.task.cmake.build:Building CMake package in '/home/tinsae/ASDFR/assignment1_ws/src/setpoints_publisher'
[1.113s] INFO:colcon.colcon_core.shell:Skip shell extension 'powershell' for command environment: Not usable outside of PowerShell
[1.113s] DEBUG:colcon.colcon_core.shell:Skip shell extension 'dsv' for command environment
[1.150s] DEBUG:colcon.colcon_core.event_handler.log_command:Invoking command in '/home/tinsae/ASDFR/assignment1_ws/build/RELbot_simulator': CMAKE_PREFIX_PATH=${CMAKE_PREFIX_PATH}:/opt/ros/humble /usr/bin/cmake --build /home/tinsae/ASDFR/assignment1_ws/build/RELbot_simulator -- -j16 -l16
[1.151s] DEBUG:colcon.colcon_core.event_handler.log_command:Invoking command in '/home/tinsae/ASDFR/assignment1_ws/build/cam_imag_pro': CMAKE_PREFIX_PATH=${CMAKE_PREFIX_PATH}:/opt/ros/humble /usr/bin/cmake --build /home/tinsae/ASDFR/assignment1_ws/build/cam_imag_pro -- -j16 -l16
[1.154s] DEBUG:colcon.colcon_core.event_handler.log_command:Invoking command in '/home/tinsae/ASDFR/assignment1_ws/build/setpoints_publisher': CMAKE_PREFIX_PATH=${CMAKE_PREFIX_PATH}:/opt/ros/humble /usr/bin/cmake --build /home/tinsae/ASDFR/assignment1_ws/build/setpoints_publisher -- -j16 -l16
[1.189s] DEBUG:colcon.colcon_core.event_handler.log_command:Invoked command in '/home/tinsae/ASDFR/assignment1_ws/build/RELbot_simulator' returned '0': CMAKE_PREFIX_PATH=${CMAKE_PREFIX_PATH}:/opt/ros/humble /usr/bin/cmake --build /home/tinsae/ASDFR/assignment1_ws/build/RELbot_simulator -- -j16 -l16
[1.191s] DEBUG:colcon.colcon_core.event_handler.log_command:Invoked command in '/home/tinsae/ASDFR/assignment1_ws/build/setpoints_publisher' returned '0': CMAKE_PREFIX_PATH=${CMAKE_PREFIX_PATH}:/opt/ros/humble /usr/bin/cmake --build /home/tinsae/ASDFR/assignment1_ws/build/setpoints_publisher -- -j16 -l16
[1.192s] DEBUG:colcon.colcon_core.event_handler.log_command:Invoked command in '/home/tinsae/ASDFR/assignment1_ws/build/cam_imag_pro' returned '0': CMAKE_PREFIX_PATH=${CMAKE_PREFIX_PATH}:/opt/ros/humble /usr/bin/cmake --build /home/tinsae/ASDFR/assignment1_ws/build/cam_imag_pro -- -j16 -l16
[1.211s] DEBUG:colcon.colcon_core.event_handler.log_command:Invoking command in '/home/tinsae/ASDFR/assignment1_ws/build/setpoints_publisher': CMAKE_PREFIX_PATH=${CMAKE_PREFIX_PATH}:/opt/ros/humble /usr/bin/cmake --install /home/tinsae/ASDFR/assignment1_ws/build/setpoints_publisher
[1.212s] DEBUG:colcon.colcon_core.event_handler.log_command:Invoking command in '/home/tinsae/ASDFR/assignment1_ws/build/RELbot_simulator': CMAKE_PREFIX_PATH=${CMAKE_PREFIX_PATH}:/opt/ros/humble /usr/bin/cmake --install /home/tinsae/ASDFR/assignment1_ws/build/RELbot_simulator
[1.213s] DEBUG:colcon.colcon_core.event_handler.log_command:Invoking command in '/home/tinsae/ASDFR/assignment1_ws/build/cam_imag_pro': CMAKE_PREFIX_PATH=${CMAKE_PREFIX_PATH}:/opt/ros/humble /usr/bin/cmake --install /home/tinsae/ASDFR/assignment1_ws/build/cam_imag_pro
[1.217s] Level 1:colcon.colcon_core.environment:create_environment_scripts_only(setpoints_publisher)
[1.218s] DEBUG:colcon.colcon_core.event_handler.log_command:Invoked command in '/home/tinsae/ASDFR/assignment1_ws/build/setpoints_publisher' returned '0': CMAKE_PREFIX_PATH=${CMAKE_PREFIX_PATH}:/opt/ros/humble /usr/bin/cmake --install /home/tinsae/ASDFR/assignment1_ws/build/setpoints_publisher
[1.232s] Level 1:colcon.colcon_core.environment:checking '/home/tinsae/ASDFR/assignment1_ws/install/setpoints_publisher' for CMake module files
[1.232s] Level 1:colcon.colcon_core.environment:checking '/home/tinsae/ASDFR/assignment1_ws/install/setpoints_publisher' for CMake config files
[1.232s] Level 1:colcon.colcon_core.shell:create_environment_hook('setpoints_publisher', 'cmake_prefix_path')
[1.243s] INFO:colcon.colcon_core.shell:Creating environment hook '/home/tinsae/ASDFR/assignment1_ws/install/setpoints_publisher/share/setpoints_publisher/hook/cmake_prefix_path.ps1'
[1.243s] INFO:colcon.colcon_core.shell:Creating environment descriptor '/home/tinsae/ASDFR/assignment1_ws/install/setpoints_publisher/share/setpoints_publisher/hook/cmake_prefix_path.dsv'
[1.244s] INFO:colcon.colcon_core.shell:Creating environment hook '/home/tinsae/ASDFR/assignment1_ws/install/setpoints_publisher/share/setpoints_publisher/hook/cmake_prefix_path.sh'
[1.244s] Level 1:colcon.colcon_core.environment:checking '/home/tinsae/ASDFR/assignment1_ws/install/setpoints_publisher/lib'
[1.244s] Level 1:colcon.colcon_core.environment:checking '/home/tinsae/ASDFR/assignment1_ws/install/setpoints_publisher/bin'
[1.244s] Level 1:colcon.colcon_core.environment:checking '/home/tinsae/ASDFR/assignment1_ws/install/setpoints_publisher/lib/pkgconfig/setpoints_publisher.pc'
[1.245s] Level 1:colcon.colcon_core.environment:checking '/home/tinsae/ASDFR/assignment1_ws/install/setpoints_publisher/lib/python3.10/site-packages'
[1.245s] Level 1:colcon.colcon_core.environment:checking '/home/tinsae/ASDFR/assignment1_ws/install/setpoints_publisher/bin'
[1.255s] INFO:colcon.colcon_core.shell:Creating package script '/home/tinsae/ASDFR/assignment1_ws/install/setpoints_publisher/share/setpoints_publisher/package.ps1'
[1.256s] INFO:colcon.colcon_core.shell:Creating package descriptor '/home/tinsae/ASDFR/assignment1_ws/install/setpoints_publisher/share/setpoints_publisher/package.dsv'
[1.256s] INFO:colcon.colcon_core.shell:Creating package script '/home/tinsae/ASDFR/assignment1_ws/install/setpoints_publisher/share/setpoints_publisher/package.sh'
[1.257s] INFO:colcon.colcon_core.shell:Creating package script '/home/tinsae/ASDFR/assignment1_ws/install/setpoints_publisher/share/setpoints_publisher/package.bash'
[1.257s] INFO:colcon.colcon_core.shell:Creating package script '/home/tinsae/ASDFR/assignment1_ws/install/setpoints_publisher/share/setpoints_publisher/package.zsh'
[1.257s] Level 1:colcon.colcon_core.environment:create_file_with_runtime_dependencies(/home/tinsae/ASDFR/assignment1_ws/install/setpoints_publisher/share/colcon-core/packages/setpoints_publisher)
[1.259s] Level 1:colcon.colcon_core.environment:create_environment_scripts_only(RELbot_simulator)
[1.259s] DEBUG:colcon.colcon_core.event_handler.log_command:Invoked command in '/home/tinsae/ASDFR/assignment1_ws/build/RELbot_simulator' returned '0': CMAKE_PREFIX_PATH=${CMAKE_PREFIX_PATH}:/opt/ros/humble /usr/bin/cmake --install /home/tinsae/ASDFR/assignment1_ws/build/RELbot_simulator
[1.270s] Level 1:colcon.colcon_core.environment:checking '/home/tinsae/ASDFR/assignment1_ws/install/RELbot_simulator' for CMake module files
[1.270s] Level 1:colcon.colcon_core.environment:checking '/home/tinsae/ASDFR/assignment1_ws/install/RELbot_simulator' for CMake config files
[1.271s] Level 1:colcon.colcon_core.shell:create_environment_hook('RELbot_simulator', 'cmake_prefix_path')
[1.281s] INFO:colcon.colcon_core.shell:Creating environment hook '/home/tinsae/ASDFR/assignment1_ws/install/RELbot_simulator/share/RELbot_simulator/hook/cmake_prefix_path.ps1'
[1.282s] INFO:colcon.colcon_core.shell:Creating environment descriptor '/home/tinsae/ASDFR/assignment1_ws/install/RELbot_simulator/share/RELbot_simulator/hook/cmake_prefix_path.dsv'
[1.282s] INFO:colcon.colcon_core.shell:Creating environment hook '/home/tinsae/ASDFR/assignment1_ws/install/RELbot_simulator/share/RELbot_simulator/hook/cmake_prefix_path.sh'
[1.282s] Level 1:colcon.colcon_core.environment:checking '/home/tinsae/ASDFR/assignment1_ws/install/RELbot_simulator/lib'
[1.282s] Level 1:colcon.colcon_core.environment:checking '/home/tinsae/ASDFR/assignment1_ws/install/RELbot_simulator/bin'
[1.282s] Level 1:colcon.colcon_core.environment:checking '/home/tinsae/ASDFR/assignment1_ws/install/RELbot_simulator/lib/pkgconfig/RELbot_simulator.pc'
[1.282s] Level 1:colcon.colcon_core.environment:checking '/home/tinsae/ASDFR/assignment1_ws/install/RELbot_simulator/lib/python3.10/site-packages'
[1.282s] Level 1:colcon.colcon_core.environment:checking '/home/tinsae/ASDFR/assignment1_ws/install/RELbot_simulator/bin'
[1.293s] INFO:colcon.colcon_core.shell:Creating package script '/home/tinsae/ASDFR/assignment1_ws/install/RELbot_simulator/share/RELbot_simulator/package.ps1'
[1.293s] INFO:colcon.colcon_core.shell:Creating package descriptor '/home/tinsae/ASDFR/assignment1_ws/install/RELbot_simulator/share/RELbot_simulator/package.dsv'
[1.294s] INFO:colcon.colcon_core.shell:Creating package script '/home/tinsae/ASDFR/assignment1_ws/install/RELbot_simulator/share/RELbot_simulator/package.sh'
[1.294s] INFO:colcon.colcon_core.shell:Creating package script '/home/tinsae/ASDFR/assignment1_ws/install/RELbot_simulator/share/RELbot_simulator/package.bash'
[1.294s] INFO:colcon.colcon_core.shell:Creating package script '/home/tinsae/ASDFR/assignment1_ws/install/RELbot_simulator/share/RELbot_simulator/package.zsh'
[1.294s] Level 1:colcon.colcon_core.environment:create_file_with_runtime_dependencies(/home/tinsae/ASDFR/assignment1_ws/install/RELbot_simulator/share/colcon-core/packages/RELbot_simulator)
[1.295s] Level 1:colcon.colcon_core.environment:create_environment_scripts_only(cam_imag_pro)
[1.295s] DEBUG:colcon.colcon_core.event_handler.log_command:Invoked command in '/home/tinsae/ASDFR/assignment1_ws/build/cam_imag_pro' returned '0': CMAKE_PREFIX_PATH=${CMAKE_PREFIX_PATH}:/opt/ros/humble /usr/bin/cmake --install /home/tinsae/ASDFR/assignment1_ws/build/cam_imag_pro
[1.306s] Level 1:colcon.colcon_core.environment:checking '/home/tinsae/ASDFR/assignment1_ws/install/cam_imag_pro' for CMake module files
[1.306s] Level 1:colcon.colcon_core.environment:checking '/home/tinsae/ASDFR/assignment1_ws/install/cam_imag_pro' for CMake config files
[1.306s] Level 1:colcon.colcon_core.shell:create_environment_hook('cam_imag_pro', 'cmake_prefix_path')
[1.317s] INFO:colcon.colcon_core.shell:Creating environment hook '/home/tinsae/ASDFR/assignment1_ws/install/cam_imag_pro/share/cam_imag_pro/hook/cmake_prefix_path.ps1'
[1.318s] INFO:colcon.colcon_core.shell:Creating environment descriptor '/home/tinsae/ASDFR/assignment1_ws/install/cam_imag_pro/share/cam_imag_pro/hook/cmake_prefix_path.dsv'
[1.318s] INFO:colcon.colcon_core.shell:Creating environment hook '/home/tinsae/ASDFR/assignment1_ws/install/cam_imag_pro/share/cam_imag_pro/hook/cmake_prefix_path.sh'
[1.318s] Level 1:colcon.colcon_core.environment:checking '/home/tinsae/ASDFR/assignment1_ws/install/cam_imag_pro/lib'
[1.318s] Level 1:colcon.colcon_core.environment:checking '/home/tinsae/ASDFR/assignment1_ws/install/cam_imag_pro/bin'
[1.318s] Level 1:colcon.colcon_core.environment:checking '/home/tinsae/ASDFR/assignment1_ws/install/cam_imag_pro/lib/pkgconfig/cam_imag_pro.pc'
[1.318s] Level 1:colcon.colcon_core.environment:checking '/home/tinsae/ASDFR/assignment1_ws/install/cam_imag_pro/lib/python3.10/site-packages'
[1.318s] Level 1:colcon.colcon_core.environment:checking '/home/tinsae/ASDFR/assignment1_ws/install/cam_imag_pro/bin'
[1.329s] INFO:colcon.colcon_core.shell:Creating package script '/home/tinsae/ASDFR/assignment1_ws/install/cam_imag_pro/share/cam_imag_pro/package.ps1'
[1.329s] INFO:colcon.colcon_core.shell:Creating package descriptor '/home/tinsae/ASDFR/assignment1_ws/install/cam_imag_pro/share/cam_imag_pro/package.dsv'
[1.329s] INFO:colcon.colcon_core.shell:Creating package script '/home/tinsae/ASDFR/assignment1_ws/install/cam_imag_pro/share/cam_imag_pro/package.sh'
[1.329s] INFO:colcon.colcon_core.shell:Creating package script '/home/tinsae/ASDFR/assignment1_ws/install/cam_imag_pro/share/cam_imag_pro/package.bash'
[1.330s] INFO:colcon.colcon_core.shell:Creating package script '/home/tinsae/ASDFR/assignment1_ws/install/cam_imag_pro/share/cam_imag_pro/package.zsh'
[1.330s] Level 1:colcon.colcon_core.environment:create_file_with_runtime_dependencies(/home/tinsae/ASDFR/assignment1_ws/install/cam_imag_pro/share/colcon-core/packages/cam_imag_pro)
[1.341s] Level 1:colcon.colcon_core.environment:create_environment_scripts_only(setpoints_publisher)
[1.352s] Level 1:colcon.colcon_core.environment:checking '/home/tinsae/ASDFR/assignment1_ws/install/setpoints_publisher' for CMake module files
[1.353s] Level 1:colcon.colcon_core.environment:checking '/home/tinsae/ASDFR/assignment1_ws/install/setpoints_publisher' for CMake config files
[1.353s] Level 1:colcon.colcon_core.shell:create_environment_hook('setpoints_publisher', 'cmake_prefix_path')
[1.363s] INFO:colcon.colcon_core.shell:Creating environment hook '/home/tinsae/ASDFR/assignment1_ws/install/setpoints_publisher/share/setpoints_publisher/hook/cmake_prefix_path.ps1'
[1.364s] INFO:colcon.colcon_core.shell:Creating environment descriptor '/home/tinsae/ASDFR/assignment1_ws/install/setpoints_publisher/share/setpoints_publisher/hook/cmake_prefix_path.dsv'
[1.364s] INFO:colcon.colcon_core.shell:Creating environment hook '/home/tinsae/ASDFR/assignment1_ws/install/setpoints_publisher/share/setpoints_publisher/hook/cmake_prefix_path.sh'
[1.364s] Level 1:colcon.colcon_core.environment:checking '/home/tinsae/ASDFR/assignment1_ws/install/setpoints_publisher/lib'
[1.364s] Level 1:colcon.colcon_core.environment:checking '/home/tinsae/ASDFR/assignment1_ws/install/setpoints_publisher/bin'
[1.364s] Level 1:colcon.colcon_core.environment:checking '/home/tinsae/ASDFR/assignment1_ws/install/setpoints_publisher/lib/pkgconfig/setpoints_publisher.pc'
[1.364s] Level 1:colcon.colcon_core.environment:checking '/home/tinsae/ASDFR/assignment1_ws/install/setpoints_publisher/lib/python3.10/site-packages'
[1.364s] Level 1:colcon.colcon_core.environment:checking '/home/tinsae/ASDFR/assignment1_ws/install/setpoints_publisher/bin'
[1.375s] INFO:colcon.colcon_core.shell:Creating package script '/home/tinsae/ASDFR/assignment1_ws/install/setpoints_publisher/share/setpoints_publisher/package.ps1'
[1.375s] INFO:colcon.colcon_core.shell:Creating package descriptor '/home/tinsae/ASDFR/assignment1_ws/install/setpoints_publisher/share/setpoints_publisher/package.dsv'
[1.375s] INFO:colcon.colcon_core.shell:Creating package script '/home/tinsae/ASDFR/assignment1_ws/install/setpoints_publisher/share/setpoints_publisher/package.sh'
[1.376s] INFO:colcon.colcon_core.shell:Creating package script '/home/tinsae/ASDFR/assignment1_ws/install/setpoints_publisher/share/setpoints_publisher/package.bash'
[1.376s] INFO:colcon.colcon_core.shell:Creating package script '/home/tinsae/ASDFR/assignment1_ws/install/setpoints_publisher/share/setpoints_publisher/package.zsh'
[1.376s] Level 1:colcon.colcon_core.environment:create_file_with_runtime_dependencies(/home/tinsae/ASDFR/assignment1_ws/install/setpoints_publisher/share/colcon-core/packages/setpoints_publisher)
[1.387s] Level 1:colcon.colcon_core.environment:create_environment_scripts_only(RELbot_simulator)
[1.398s] Level 1:colcon.colcon_core.environment:checking '/home/tinsae/ASDFR/assignment1_ws/install/RELbot_simulator' for CMake module files
[1.398s] Level 1:colcon.colcon_core.environment:checking '/home/tinsae/ASDFR/assignment1_ws/install/RELbot_simulator' for CMake config files
[1.398s] Level 1:colcon.colcon_core.shell:create_environment_hook('RELbot_simulator', 'cmake_prefix_path')
[1.408s] INFO:colcon.colcon_core.shell:Creating environment hook '/home/tinsae/ASDFR/assignment1_ws/install/RELbot_simulator/share/RELbot_simulator/hook/cmake_prefix_path.ps1'
[1.409s] INFO:colcon.colcon_core.shell:Creating environment descriptor '/home/tinsae/ASDFR/assignment1_ws/install/RELbot_simulator/share/RELbot_simulator/hook/cmake_prefix_path.dsv'
[1.409s] INFO:colcon.colcon_core.shell:Creating environment hook '/home/tinsae/ASDFR/assignment1_ws/install/RELbot_simulator/share/RELbot_simulator/hook/cmake_prefix_path.sh'
[1.409s] Level 1:colcon.colcon_core.environment:checking '/home/tinsae/ASDFR/assignment1_ws/install/RELbot_simulator/lib'
[1.409s] Level 1:colcon.colcon_core.environment:checking '/home/tinsae/ASDFR/assignment1_ws/install/RELbot_simulator/bin'
[1.409s] Level 1:colcon.colcon_core.environment:checking '/home/tinsae/ASDFR/assignment1_ws/install/RELbot_simulator/lib/pkgconfig/RELbot_simulator.pc'
[1.409s] Level 1:colcon.colcon_core.environment:checking '/home/tinsae/ASDFR/assignment1_ws/install/RELbot_simulator/lib/python3.10/site-packages'
[1.410s] Level 1:colcon.colcon_core.environment:checking '/home/tinsae/ASDFR/assignment1_ws/install/RELbot_simulator/bin'
[1.420s] INFO:colcon.colcon_core.shell:Creating package script '/home/tinsae/ASDFR/assignment1_ws/install/RELbot_simulator/share/RELbot_simulator/package.ps1'
[1.420s] INFO:colcon.colcon_core.shell:Creating package descriptor '/home/tinsae/ASDFR/assignment1_ws/install/RELbot_simulator/share/RELbot_simulator/package.dsv'
[1.421s] INFO:colcon.colcon_core.shell:Creating package script '/home/tinsae/ASDFR/assignment1_ws/install/RELbot_simulator/share/RELbot_simulator/package.sh'
[1.421s] INFO:colcon.colcon_core.shell:Creating package script '/home/tinsae/ASDFR/assignment1_ws/install/RELbot_simulator/share/RELbot_simulator/package.bash'
[1.421s] INFO:colcon.colcon_core.shell:Creating package script '/home/tinsae/ASDFR/assignment1_ws/install/RELbot_simulator/share/RELbot_simulator/package.zsh'
[1.421s] Level 1:colcon.colcon_core.environment:create_file_with_runtime_dependencies(/home/tinsae/ASDFR/assignment1_ws/install/RELbot_simulator/share/colcon-core/packages/RELbot_simulator)
[1.432s] Level 1:colcon.colcon_core.environment:create_environment_scripts_only(cam_imag_pro)
[1.443s] Level 1:colcon.colcon_core.environment:checking '/home/tinsae/ASDFR/assignment1_ws/install/cam_imag_pro' for CMake module files
[1.444s] Level 1:colcon.colcon_core.environment:checking '/home/tinsae/ASDFR/assignment1_ws/install/cam_imag_pro' for CMake config files
[1.444s] Level 1:colcon.colcon_core.shell:create_environment_hook('cam_imag_pro', 'cmake_prefix_path')
[1.454s] INFO:colcon.colcon_core.shell:Creating environment hook '/home/tinsae/ASDFR/assignment1_ws/install/cam_imag_pro/share/cam_imag_pro/hook/cmake_prefix_path.ps1'
[1.455s] INFO:colcon.colcon_core.shell:Creating environment descriptor '/home/tinsae/ASDFR/assignment1_ws/install/cam_imag_pro/share/cam_imag_pro/hook/cmake_prefix_path.dsv'
[1.455s] INFO:colcon.colcon_core.shell:Creating environment hook '/home/tinsae/ASDFR/assignment1_ws/install/cam_imag_pro/share/cam_imag_pro/hook/cmake_prefix_path.sh'
[1.455s] Level 1:colcon.colcon_core.environment:checking '/home/tinsae/ASDFR/assignment1_ws/install/cam_imag_pro/lib'
[1.455s] Level 1:colcon.colcon_core.environment:checking '/home/tinsae/ASDFR/assignment1_ws/install/cam_imag_pro/bin'
[1.455s] Level 1:colcon.colcon_core.environment:checking '/home/tinsae/ASDFR/assignment1_ws/install/cam_imag_pro/lib/pkgconfig/cam_imag_pro.pc'
[1.455s] Level 1:colcon.colcon_core.environment:checking '/home/tinsae/ASDFR/assignment1_ws/install/cam_imag_pro/lib/python3.10/site-packages'
[1.455s] Level 1:colcon.colcon_core.environment:checking '/home/tinsae/ASDFR/assignment1_ws/install/cam_imag_pro/bin'
[1.466s] INFO:colcon.colcon_core.shell:Creating package script '/home/tinsae/ASDFR/assignment1_ws/install/cam_imag_pro/share/cam_imag_pro/package.ps1'
[1.466s] INFO:colcon.colcon_core.shell:Creating package descriptor '/home/tinsae/ASDFR/assignment1_ws/install/cam_imag_pro/share/cam_imag_pro/package.dsv'
[1.467s] INFO:colcon.colcon_core.shell:Creating package script '/home/tinsae/ASDFR/assignment1_ws/install/cam_imag_pro/share/cam_imag_pro/package.sh'
[1.467s] INFO:colcon.colcon_core.shell:Creating package script '/home/tinsae/ASDFR/assignment1_ws/install/cam_imag_pro/share/cam_imag_pro/package.bash'
[1.467s] INFO:colcon.colcon_core.shell:Creating package script '/home/tinsae/ASDFR/assignment1_ws/install/cam_imag_pro/share/cam_imag_pro/package.zsh'
[1.467s] Level 1:colcon.colcon_core.environment:create_file_with_runtime_dependencies(/home/tinsae/ASDFR/assignment1_ws/install/cam_imag_pro/share/colcon-core/packages/cam_imag_pro)
[1.467s] DEBUG:colcon.colcon_parallel_executor.executor.parallel:closing loop
[1.467s] DEBUG:colcon.colcon_parallel_executor.executor.parallel:loop closed
[1.467s] DEBUG:colcon.colcon_parallel_executor.executor.parallel:run_until_complete finished with '0'
[1.467s] DEBUG:colcon.colcon_core.event_reactor:joining thread
[1.482s] INFO:colcon.colcon_core.plugin_system:Skipping extension 'colcon_notification.desktop_notification.terminal_notifier': Not used on non-Darwin systems
[1.482s] INFO:colcon.colcon_core.plugin_system:Skipping extension 'colcon_notification.desktop_notification.win32': Not used on non-Windows systems
[1.482s] INFO:colcon.colcon_notification.desktop_notification:Sending desktop notification using 'notify2'
[1.490s] DEBUG:colcon.colcon_core.event_reactor:joined thread
[1.502s] INFO:colcon.colcon_core.shell:Creating prefix script '/home/tinsae/ASDFR/assignment1_ws/install/local_setup.ps1'
[1.502s] INFO:colcon.colcon_core.shell:Creating prefix util module '/home/tinsae/ASDFR/assignment1_ws/install/_local_setup_util_ps1.py'
[1.503s] INFO:colcon.colcon_core.shell:Creating prefix chain script '/home/tinsae/ASDFR/assignment1_ws/install/setup.ps1'
[1.521s] INFO:colcon.colcon_core.shell:Creating prefix script '/home/tinsae/ASDFR/assignment1_ws/install/local_setup.sh'
[1.521s] INFO:colcon.colcon_core.shell:Creating prefix util module '/home/tinsae/ASDFR/assignment1_ws/install/_local_setup_util_sh.py'
[1.522s] INFO:colcon.colcon_core.shell:Creating prefix chain script '/home/tinsae/ASDFR/assignment1_ws/install/setup.sh'
[1.533s] INFO:colcon.colcon_core.shell:Creating prefix script '/home/tinsae/ASDFR/assignment1_ws/install/local_setup.bash'
[1.533s] INFO:colcon.colcon_core.shell:Creating prefix chain script '/home/tinsae/ASDFR/assignment1_ws/install/setup.bash'
[1.544s] INFO:colcon.colcon_core.shell:Creating prefix script '/home/tinsae/ASDFR/assignment1_ws/install/local_setup.zsh'
[1.545s] INFO:colcon.colcon_core.shell:Creating prefix chain script '/home/tinsae/ASDFR/assignment1_ws/install/setup.zsh'
