[0.042s] Invoking command in '/home/tinsae/ASDFR/assignment1_ws/build/setpoints_publisher': CMAKE_PREFIX_PATH=/opt/ros/humble /usr/bin/cmake --build /home/tinsae/ASDFR/assignment1_ws/build/setpoints_publisher -- -j16 -l16
[0.056s] -- Found ament_cmake: 1.3.6 (/opt/ros/humble/share/ament_cmake/cmake)
[0.146s] -- Found rclcpp: 16.0.7 (/opt/ros/humble/share/rclcpp/cmake)
[0.164s] -- Found rosidl_generator_c: 3.1.5 (/opt/ros/humble/share/rosidl_generator_c/cmake)
[0.165s] -- Found rosidl_adapter: 3.1.5 (/opt/ros/humble/share/rosidl_adapter/cmake)
[0.169s] -- Found rosidl_generator_cpp: 3.1.5 (/opt/ros/humble/share/rosidl_generator_cpp/cmake)
[0.176s] -- Using all available rosidl_typesupport_c: rosidl_typesupport_fastrtps_c;rosidl_typesupport_introspection_c
[0.185s] -- Using all available rosidl_typesupport_cpp: rosidl_typesupport_fastrtps_cpp;rosidl_typesupport_introspection_cpp
[0.219s] -- Found rmw_implementation_cmake: 6.1.1 (/opt/ros/humble/share/rmw_implementation_cmake/cmake)
[0.219s] -- Found rmw_fastrtps_cpp: 6.2.5 (/opt/ros/humble/share/rmw_fastrtps_cpp/cmake)
[0.295s] -- Using RMW implementation 'rmw_fastrtps_cpp' as default
[0.388s] -- Found ament_lint_auto: 0.12.9 (/opt/ros/humble/share/ament_lint_auto/cmake)
[0.428s] -- Added test 'cppcheck' to perform static code analysis on C / C++ code
[0.428s] -- Configured cppcheck include dirs: $<BUILD_INTERFACE:/home/tinsae/ASDFR/assignment1_ws/src/setpoints_publisher/include>
[0.428s] -- Configured cppcheck exclude dirs and/or files: 
[0.428s] -- Added test 'flake8' to check Python code syntax and style conventions
[0.428s] -- Added test 'lint_cmake' to check CMake code style
[0.428s] -- Added test 'pep257' to check Python code against some of the docstring style conventions in PEP 257
[0.428s] -- Added test 'uncrustify' to check C / C++ code style
[0.429s] -- Configured uncrustify additional arguments: 
[0.429s] -- Added test 'xmllint' to check XML markup files
[0.429s] -- Configuring done
[0.434s] -- Generating done
[0.434s] -- Build files have been written to: /home/tinsae/ASDFR/assignment1_ws/build/setpoints_publisher
[0.451s] [35m[1mConsolidate compiler generated dependencies of target setpoints_publisher[0m
[0.469s] [100%] Built target setpoints_publisher
[0.478s] Invoked command in '/home/tinsae/ASDFR/assignment1_ws/build/setpoints_publisher' returned '0': CMAKE_PREFIX_PATH=/opt/ros/humble /usr/bin/cmake --build /home/tinsae/ASDFR/assignment1_ws/build/setpoints_publisher -- -j16 -l16
[0.520s] Invoking command in '/home/tinsae/ASDFR/assignment1_ws/build/setpoints_publisher': CMAKE_PREFIX_PATH=/opt/ros/humble /usr/bin/cmake --install /home/tinsae/ASDFR/assignment1_ws/build/setpoints_publisher
[0.531s] -- Install configuration: ""
[0.531s] -- Installing: /home/tinsae/ASDFR/assignment1_ws/install/setpoints_publisher/share/setpoints_publisher//launch
[0.531s] -- Installing: /home/tinsae/ASDFR/assignment1_ws/install/setpoints_publisher/share/setpoints_publisher//launch/start_all_nodes.py
[0.532s] -- Up-to-date: /home/tinsae/ASDFR/assignment1_ws/install/setpoints_publisher/lib/setpoints_publisher/setpoints_publisher
[0.532s] -- Up-to-date: /home/tinsae/ASDFR/assignment1_ws/install/setpoints_publisher/share/ament_index/resource_index/package_run_dependencies/setpoints_publisher
[0.532s] -- Up-to-date: /home/tinsae/ASDFR/assignment1_ws/install/setpoints_publisher/share/ament_index/resource_index/parent_prefix_path/setpoints_publisher
[0.532s] -- Up-to-date: /home/tinsae/ASDFR/assignment1_ws/install/setpoints_publisher/share/setpoints_publisher/environment/ament_prefix_path.sh
[0.532s] -- Installing: /home/tinsae/ASDFR/assignment1_ws/install/setpoints_publisher/share/setpoints_publisher/environment/ament_prefix_path.dsv
[0.532s] -- Up-to-date: /home/tinsae/ASDFR/assignment1_ws/install/setpoints_publisher/share/setpoints_publisher/environment/path.sh
[0.533s] -- Installing: /home/tinsae/ASDFR/assignment1_ws/install/setpoints_publisher/share/setpoints_publisher/environment/path.dsv
[0.533s] -- Up-to-date: /home/tinsae/ASDFR/assignment1_ws/install/setpoints_publisher/share/setpoints_publisher/local_setup.bash
[0.533s] -- Up-to-date: /home/tinsae/ASDFR/assignment1_ws/install/setpoints_publisher/share/setpoints_publisher/local_setup.sh
[0.533s] -- Up-to-date: /home/tinsae/ASDFR/assignment1_ws/install/setpoints_publisher/share/setpoints_publisher/local_setup.zsh
[0.533s] -- Installing: /home/tinsae/ASDFR/assignment1_ws/install/setpoints_publisher/share/setpoints_publisher/local_setup.dsv
[0.533s] -- Installing: /home/tinsae/ASDFR/assignment1_ws/install/setpoints_publisher/share/setpoints_publisher/package.dsv
[0.533s] -- Up-to-date: /home/tinsae/ASDFR/assignment1_ws/install/setpoints_publisher/share/ament_index/resource_index/packages/setpoints_publisher
[0.533s] -- Up-to-date: /home/tinsae/ASDFR/assignment1_ws/install/setpoints_publisher/share/setpoints_publisher/cmake/setpoints_publisherConfig.cmake
[0.533s] -- Up-to-date: /home/tinsae/ASDFR/assignment1_ws/install/setpoints_publisher/share/setpoints_publisher/cmake/setpoints_publisherConfig-version.cmake
[0.534s] -- Up-to-date: /home/tinsae/ASDFR/assignment1_ws/install/setpoints_publisher/share/setpoints_publisher/package.xml
[0.535s] Invoked command in '/home/tinsae/ASDFR/assignment1_ws/build/setpoints_publisher' returned '0': CMAKE_PREFIX_PATH=/opt/ros/humble /usr/bin/cmake --install /home/tinsae/ASDFR/assignment1_ws/build/setpoints_publisher
