[100%] Built target setpoints_publisher
-- Install configuration: ""
-- Up-to-date: /home/tinsae/ASDFR/assignment1_ws/install/setpoints_publisher/share/setpoints_publisher//launch
-- Installing: /home/tinsae/ASDFR/assignment1_ws/install/setpoints_publisher/share/setpoints_publisher//launch/start_all_nodes.py
-- Up-to-date: /home/tinsae/ASDFR/assignment1_ws/install/setpoints_publisher/lib/setpoints_publisher/setpoints_publisher
-- Up-to-date: /home/tinsae/ASDFR/assignment1_ws/install/setpoints_publisher/share/ament_index/resource_index/package_run_dependencies/setpoints_publisher
-- Up-to-date: /home/tinsae/ASDFR/assignment1_ws/install/setpoints_publisher/share/ament_index/resource_index/parent_prefix_path/setpoints_publisher
-- Up-to-date: /home/tinsae/ASDFR/assignment1_ws/install/setpoints_publisher/share/setpoints_publisher/environment/ament_prefix_path.sh
-- Up-to-date: /home/tinsae/ASDFR/assignment1_ws/install/setpoints_publisher/share/setpoints_publisher/environment/ament_prefix_path.dsv
-- Up-to-date: /home/tinsae/ASDFR/assignment1_ws/install/setpoints_publisher/share/setpoints_publisher/environment/path.sh
-- Up-to-date: /home/tinsae/ASDFR/assignment1_ws/install/setpoints_publisher/share/setpoints_publisher/environment/path.dsv
-- Up-to-date: /home/tinsae/ASDFR/assignment1_ws/install/setpoints_publisher/share/setpoints_publisher/local_setup.bash
-- Up-to-date: /home/tinsae/ASDFR/assignment1_ws/install/setpoints_publisher/share/setpoints_publisher/local_setup.sh
-- Up-to-date: /home/tinsae/ASDFR/assignment1_ws/install/setpoints_publisher/share/setpoints_publisher/local_setup.zsh
-- Up-to-date: /home/tinsae/ASDFR/assignment1_ws/install/setpoints_publisher/share/setpoints_publisher/local_setup.dsv
-- Up-to-date: /home/tinsae/ASDFR/assignment1_ws/install/setpoints_publisher/share/setpoints_publisher/package.dsv
-- Up-to-date: /home/tinsae/ASDFR/assignment1_ws/install/setpoints_publisher/share/ament_index/resource_index/packages/setpoints_publisher
-- Up-to-date: /home/tinsae/ASDFR/assignment1_ws/install/setpoints_publisher/share/setpoints_publisher/cmake/setpoints_publisherConfig.cmake
-- Up-to-date: /home/tinsae/ASDFR/assignment1_ws/install/setpoints_publisher/share/setpoints_publisher/cmake/setpoints_publisherConfig-version.cmake
-- Up-to-date: /home/tinsae/ASDFR/assignment1_ws/install/setpoints_publisher/share/setpoints_publisher/package.xml
