[0.052s] Invoking command in '/home/tinsae/ASDFR/assignment1_ws/build/setpoints_publisher': CMAKE_PREFIX_PATH=${CMAKE_PREFIX_PATH}:/opt/ros/humble /usr/bin/cmake --build /home/tinsae/ASDFR/assignment1_ws/build/setpoints_publisher -- -j16 -l16
[0.081s] [100%] Built target setpoints_publisher
[0.089s] Invoked command in '/home/tinsae/ASDFR/assignment1_ws/build/setpoints_publisher' returned '0': CMAKE_PREFIX_PATH=${CMAKE_PREFIX_PATH}:/opt/ros/humble /usr/bin/cmake --build /home/tinsae/ASDFR/assignment1_ws/build/setpoints_publisher -- -j16 -l16
[0.110s] Invoking command in '/home/tinsae/ASDFR/assignment1_ws/build/setpoints_publisher': CMAKE_PREFIX_PATH=${CMAKE_PREFIX_PATH}:/opt/ros/humble /usr/bin/cmake --install /home/tinsae/ASDFR/assignment1_ws/build/setpoints_publisher
[0.115s] -- Install configuration: ""
[0.115s] -- Up-to-date: /home/tinsae/ASDFR/assignment1_ws/install/setpoints_publisher/share/setpoints_publisher//launch
[0.115s] -- Installing: /home/tinsae/ASDFR/assignment1_ws/install/setpoints_publisher/share/setpoints_publisher//launch/start_all_nodes.py
[0.115s] -- Up-to-date: /home/tinsae/ASDFR/assignment1_ws/install/setpoints_publisher/lib/setpoints_publisher/setpoints_publisher
[0.115s] -- Up-to-date: /home/tinsae/ASDFR/assignment1_ws/install/setpoints_publisher/share/ament_index/resource_index/package_run_dependencies/setpoints_publisher
[0.115s] -- Up-to-date: /home/tinsae/ASDFR/assignment1_ws/install/setpoints_publisher/share/ament_index/resource_index/parent_prefix_path/setpoints_publisher
[0.116s] -- Up-to-date: /home/tinsae/ASDFR/assignment1_ws/install/setpoints_publisher/share/setpoints_publisher/environment/ament_prefix_path.sh
[0.116s] -- Up-to-date: /home/tinsae/ASDFR/assignment1_ws/install/setpoints_publisher/share/setpoints_publisher/environment/ament_prefix_path.dsv
[0.116s] -- Up-to-date: /home/tinsae/ASDFR/assignment1_ws/install/setpoints_publisher/share/setpoints_publisher/environment/path.sh
[0.116s] -- Up-to-date: /home/tinsae/ASDFR/assignment1_ws/install/setpoints_publisher/share/setpoints_publisher/environment/path.dsv
[0.116s] -- Up-to-date: /home/tinsae/ASDFR/assignment1_ws/install/setpoints_publisher/share/setpoints_publisher/local_setup.bash
[0.116s] -- Up-to-date: /home/tinsae/ASDFR/assignment1_ws/install/setpoints_publisher/share/setpoints_publisher/local_setup.sh
[0.116s] -- Up-to-date: /home/tinsae/ASDFR/assignment1_ws/install/setpoints_publisher/share/setpoints_publisher/local_setup.zsh
[0.116s] -- Up-to-date: /home/tinsae/ASDFR/assignment1_ws/install/setpoints_publisher/share/setpoints_publisher/local_setup.dsv
[0.116s] -- Up-to-date: /home/tinsae/ASDFR/assignment1_ws/install/setpoints_publisher/share/setpoints_publisher/package.dsv
[0.116s] -- Up-to-date: /home/tinsae/ASDFR/assignment1_ws/install/setpoints_publisher/share/ament_index/resource_index/packages/setpoints_publisher
[0.116s] -- Up-to-date: /home/tinsae/ASDFR/assignment1_ws/install/setpoints_publisher/share/setpoints_publisher/cmake/setpoints_publisherConfig.cmake
[0.116s] -- Up-to-date: /home/tinsae/ASDFR/assignment1_ws/install/setpoints_publisher/share/setpoints_publisher/cmake/setpoints_publisherConfig-version.cmake
[0.117s] -- Up-to-date: /home/tinsae/ASDFR/assignment1_ws/install/setpoints_publisher/share/setpoints_publisher/package.xml
[0.157s] Invoked command in '/home/tinsae/ASDFR/assignment1_ws/build/setpoints_publisher' returned '0': CMAKE_PREFIX_PATH=${CMAKE_PREFIX_PATH}:/opt/ros/humble /usr/bin/cmake --install /home/tinsae/ASDFR/assignment1_ws/build/setpoints_publisher
