[0.040s] Invoking command in '/home/tinsae/ASDFR/assignment1_ws/build/setpoints_publisher': CMAKE_PREFIX_PATH=/opt/ros/humble /usr/bin/cmake /home/tinsae/ASDFR/assignment1_ws/src/setpoints_publisher -DCMAKE_INSTALL_PREFIX=/home/tinsae/ASDFR/assignment1_ws/install/setpoints_publisher
[0.072s] -- The C compiler identification is GNU 11.4.0
[0.104s] -- The CXX compiler identification is GNU 11.4.0
[0.108s] -- Detecting C compiler ABI info
[0.151s] -- Detecting C compiler ABI info - done
[0.155s] -- Check for working C compiler: /usr/bin/cc - skipped
[0.155s] -- Detecting C compile features
[0.155s] -- Detecting C compile features - done
[0.157s] -- Detecting CXX compiler ABI info
[0.206s] -- Detecting CXX compiler ABI info - done
[0.211s] -- Check for working CXX compiler: /usr/bin/c++ - skipped
[0.211s] -- Detecting CXX compile features
[0.211s] -- Detecting CXX compile features - done
[0.213s] -- Found ament_cmake: 1.3.6 (/opt/ros/humble/share/ament_cmake/cmake)
[0.317s] -- Found Python3: /usr/bin/python3.10 (found version "3.10.12") found components: Interpreter 
[0.372s] -- Found rclcpp: 16.0.7 (/opt/ros/humble/share/rclcpp/cmake)
[0.398s] -- Found rosidl_generator_c: 3.1.5 (/opt/ros/humble/share/rosidl_generator_c/cmake)
[0.401s] -- Found rosidl_adapter: 3.1.5 (/opt/ros/humble/share/rosidl_adapter/cmake)
[0.407s] -- Found rosidl_generator_cpp: 3.1.5 (/opt/ros/humble/share/rosidl_generator_cpp/cmake)
[0.415s] -- Using all available rosidl_typesupport_c: rosidl_typesupport_fastrtps_c;rosidl_typesupport_introspection_c
[0.427s] -- Using all available rosidl_typesupport_cpp: rosidl_typesupport_fastrtps_cpp;rosidl_typesupport_introspection_cpp
[0.470s] -- Found rmw_implementation_cmake: 6.1.1 (/opt/ros/humble/share/rmw_implementation_cmake/cmake)
[0.471s] -- Found rmw_fastrtps_cpp: 6.2.5 (/opt/ros/humble/share/rmw_fastrtps_cpp/cmake)
[0.530s] -- Found OpenSSL: /usr/lib/x86_64-linux-gnu/libcrypto.so (found version "3.0.2")  
[0.547s] -- Found FastRTPS: /opt/ros/humble/include  
[0.578s] -- Using RMW implementation 'rmw_fastrtps_cpp' as default
[0.584s] -- Looking for pthread.h
[0.628s] -- Looking for pthread.h - found
[0.628s] -- Performing Test CMAKE_HAVE_LIBC_PTHREAD
[0.673s] -- Performing Test CMAKE_HAVE_LIBC_PTHREAD - Success
[0.674s] -- Found Threads: TRUE  
[0.772s] -- Found ament_lint_auto: 0.12.9 (/opt/ros/humble/share/ament_lint_auto/cmake)
[0.819s] -- Added test 'cppcheck' to perform static code analysis on C / C++ code
[0.819s] -- Configured cppcheck include dirs: $<BUILD_INTERFACE:/home/tinsae/ASDFR/assignment1_ws/src/setpoints_publisher/include>
[0.819s] -- Configured cppcheck exclude dirs and/or files: 
[0.819s] -- Added test 'flake8' to check Python code syntax and style conventions
[0.819s] -- Added test 'lint_cmake' to check CMake code style
[0.820s] -- Added test 'pep257' to check Python code against some of the docstring style conventions in PEP 257
[0.820s] -- Added test 'uncrustify' to check C / C++ code style
[0.820s] -- Configured uncrustify additional arguments: 
[0.820s] -- Added test 'xmllint' to check XML markup files
[0.821s] -- Configuring done
[0.826s] -- Generating done
[0.827s] -- Build files have been written to: /home/tinsae/ASDFR/assignment1_ws/build/setpoints_publisher
[0.834s] Invoked command in '/home/tinsae/ASDFR/assignment1_ws/build/setpoints_publisher' returned '0': CMAKE_PREFIX_PATH=/opt/ros/humble /usr/bin/cmake /home/tinsae/ASDFR/assignment1_ws/src/setpoints_publisher -DCMAKE_INSTALL_PREFIX=/home/tinsae/ASDFR/assignment1_ws/install/setpoints_publisher
[0.834s] Invoking command in '/home/tinsae/ASDFR/assignment1_ws/build/setpoints_publisher': CMAKE_PREFIX_PATH=/opt/ros/humble /usr/bin/cmake --build /home/tinsae/ASDFR/assignment1_ws/build/setpoints_publisher -- -j16 -l16
[0.863s] [ 50%] [32mBuilding CXX object CMakeFiles/setpoints_publisher.dir/src/setpoints_publisher.cpp.o[0m
[3.680s] [100%] [32m[1mLinking CXX executable setpoints_publisher[0m
[3.794s] [100%] Built target setpoints_publisher
[3.802s] Invoked command in '/home/tinsae/ASDFR/assignment1_ws/build/setpoints_publisher' returned '0': CMAKE_PREFIX_PATH=/opt/ros/humble /usr/bin/cmake --build /home/tinsae/ASDFR/assignment1_ws/build/setpoints_publisher -- -j16 -l16
[3.823s] Invoking command in '/home/tinsae/ASDFR/assignment1_ws/build/setpoints_publisher': CMAKE_PREFIX_PATH=/opt/ros/humble /usr/bin/cmake --install /home/tinsae/ASDFR/assignment1_ws/build/setpoints_publisher
[3.827s] -- Install configuration: ""
[3.827s] -- Installing: /home/tinsae/ASDFR/assignment1_ws/install/setpoints_publisher/lib/setpoints_publisher/setpoints_publisher
[3.828s] -- Set runtime path of "/home/tinsae/ASDFR/assignment1_ws/install/setpoints_publisher/lib/setpoints_publisher/setpoints_publisher" to ""
[3.828s] -- Installing: /home/tinsae/ASDFR/assignment1_ws/install/setpoints_publisher/share/ament_index/resource_index/package_run_dependencies/setpoints_publisher
[3.829s] -- Installing: /home/tinsae/ASDFR/assignment1_ws/install/setpoints_publisher/share/ament_index/resource_index/parent_prefix_path/setpoints_publisher
[3.829s] -- Installing: /home/tinsae/ASDFR/assignment1_ws/install/setpoints_publisher/share/setpoints_publisher/environment/ament_prefix_path.sh
[3.829s] -- Installing: /home/tinsae/ASDFR/assignment1_ws/install/setpoints_publisher/share/setpoints_publisher/environment/ament_prefix_path.dsv
[3.829s] -- Installing: /home/tinsae/ASDFR/assignment1_ws/install/setpoints_publisher/share/setpoints_publisher/environment/path.sh
[3.829s] -- Installing: /home/tinsae/ASDFR/assignment1_ws/install/setpoints_publisher/share/setpoints_publisher/environment/path.dsv
[3.829s] -- Installing: /home/tinsae/ASDFR/assignment1_ws/install/setpoints_publisher/share/setpoints_publisher/local_setup.bash
[3.829s] -- Installing: /home/tinsae/ASDFR/assignment1_ws/install/setpoints_publisher/share/setpoints_publisher/local_setup.sh
[3.829s] -- Installing: /home/tinsae/ASDFR/assignment1_ws/install/setpoints_publisher/share/setpoints_publisher/local_setup.zsh
[3.829s] -- Installing: /home/tinsae/ASDFR/assignment1_ws/install/setpoints_publisher/share/setpoints_publisher/local_setup.dsv
[3.829s] -- Installing: /home/tinsae/ASDFR/assignment1_ws/install/setpoints_publisher/share/setpoints_publisher/package.dsv
[3.829s] -- Installing: /home/tinsae/ASDFR/assignment1_ws/install/setpoints_publisher/share/ament_index/resource_index/packages/setpoints_publisher
[3.829s] -- Installing: /home/tinsae/ASDFR/assignment1_ws/install/setpoints_publisher/share/setpoints_publisher/cmake/setpoints_publisherConfig.cmake
[3.829s] -- Installing: /home/tinsae/ASDFR/assignment1_ws/install/setpoints_publisher/share/setpoints_publisher/cmake/setpoints_publisherConfig-version.cmake
[3.829s] -- Installing: /home/tinsae/ASDFR/assignment1_ws/install/setpoints_publisher/share/setpoints_publisher/package.xml
[3.831s] Invoked command in '/home/tinsae/ASDFR/assignment1_ws/build/setpoints_publisher' returned '0': CMAKE_PREFIX_PATH=/opt/ros/humble /usr/bin/cmake --install /home/tinsae/ASDFR/assignment1_ws/build/setpoints_publisher
