[0.717s] DEBUG:colcon:Command line arguments: ['/usr/bin/colcon', 'build']
[0.717s] DEBUG:colcon:Parsed command line arguments: Namespace(log_base=None, log_level=None, verb_name='build', build_base='build', install_base='install', merge_install=False, symlink_install=False, test_result_base=None, continue_on_error=False, executor='parallel', parallel_workers=16, event_handlers=None, ignore_user_meta=False, metas=['./colcon.meta'], base_paths=['.'], packages_ignore=None, packages_ignore_regex=None, paths=None, packages_up_to=None, packages_up_to_regex=None, packages_above=None, packages_above_and_dependencies=None, packages_above_depth=None, packages_select_by_dep=None, packages_skip_by_dep=None, packages_skip_up_to=None, packages_select_build_failed=False, packages_skip_build_finished=False, packages_select_test_failures=False, packages_skip_test_passed=False, packages_select=None, packages_skip=None, packages_select_regex=None, packages_skip_regex=None, packages_start=None, packages_end=None, allow_overriding=[], cmake_args=None, cmake_target=None, cmake_target_skip_unavailable=False, cmake_clean_cache=False, cmake_clean_first=False, cmake_force_configure=False, ament_cmake_args=None, catkin_cmake_args=None, catkin_skip_building_tests=False, verb_parser=<colcon_defaults.argument_parser.defaults.DefaultArgumentsDecorator object at 0x7f2990eb7fa0>, verb_extension=<colcon_core.verb.build.BuildVerb object at 0x7f29914fbdf0>, main=<bound method BuildVerb.main of <colcon_core.verb.build.BuildVerb object at 0x7f29914fbdf0>>)
[0.749s] Level 1:colcon.colcon_core.package_discovery:discover_packages(colcon_meta) check parameters
[0.749s] Level 1:colcon.colcon_core.package_discovery:discover_packages(recursive) check parameters
[0.749s] Level 1:colcon.colcon_core.package_discovery:discover_packages(ignore) check parameters
[0.749s] Level 1:colcon.colcon_core.package_discovery:discover_packages(path) check parameters
[0.749s] Level 1:colcon.colcon_core.package_discovery:discover_packages(colcon_meta) discover
[0.749s] Level 1:colcon.colcon_core.package_discovery:discover_packages(recursive) discover
[0.749s] INFO:colcon.colcon_core.package_discovery:Crawling recursively for packages in '/home/tinsae/ASDFR/assignment1_ws'
[0.749s] Level 1:colcon.colcon_core.package_identification:_identify(.) by extensions ['ignore', 'ignore_ament_install']
[0.749s] Level 1:colcon.colcon_core.package_identification:_identify(.) by extension 'ignore'
[0.749s] Level 1:colcon.colcon_core.package_identification:_identify(.) by extension 'ignore_ament_install'
[0.749s] Level 1:colcon.colcon_core.package_identification:_identify(.) by extensions ['colcon_pkg']
[0.749s] Level 1:colcon.colcon_core.package_identification:_identify(.) by extension 'colcon_pkg'
[0.749s] Level 1:colcon.colcon_core.package_identification:_identify(.) by extensions ['colcon_meta']
[0.749s] Level 1:colcon.colcon_core.package_identification:_identify(.) by extension 'colcon_meta'
[0.749s] Level 1:colcon.colcon_core.package_identification:_identify(.) by extensions ['ros']
[0.749s] Level 1:colcon.colcon_core.package_identification:_identify(.) by extension 'ros'
[0.756s] Level 1:colcon.colcon_core.package_identification:_identify(.) by extensions ['cmake', 'python']
[0.756s] Level 1:colcon.colcon_core.package_identification:_identify(.) by extension 'cmake'
[0.756s] Level 1:colcon.colcon_core.package_identification:_identify(.) by extension 'python'
[0.756s] Level 1:colcon.colcon_core.package_identification:_identify(.) by extensions ['python_setup_py']
[0.756s] Level 1:colcon.colcon_core.package_identification:_identify(.) by extension 'python_setup_py'
[0.756s] Level 1:colcon.colcon_core.package_identification:_identify(build) by extensions ['ignore', 'ignore_ament_install']
[0.756s] Level 1:colcon.colcon_core.package_identification:_identify(build) by extension 'ignore'
[0.756s] Level 1:colcon.colcon_core.package_identification:_identify(build) ignored
[0.756s] Level 1:colcon.colcon_core.package_identification:_identify(install) by extensions ['ignore', 'ignore_ament_install']
[0.757s] Level 1:colcon.colcon_core.package_identification:_identify(install) by extension 'ignore'
[0.757s] Level 1:colcon.colcon_core.package_identification:_identify(install) ignored
[0.757s] Level 1:colcon.colcon_core.package_identification:_identify(log) by extensions ['ignore', 'ignore_ament_install']
[0.757s] Level 1:colcon.colcon_core.package_identification:_identify(log) by extension 'ignore'
[0.757s] Level 1:colcon.colcon_core.package_identification:_identify(log) ignored
[0.757s] Level 1:colcon.colcon_core.package_identification:_identify(src) by extensions ['ignore', 'ignore_ament_install']
[0.757s] Level 1:colcon.colcon_core.package_identification:_identify(src) by extension 'ignore'
[0.757s] Level 1:colcon.colcon_core.package_identification:_identify(src) by extension 'ignore_ament_install'
[0.757s] Level 1:colcon.colcon_core.package_identification:_identify(src) by extensions ['colcon_pkg']
[0.757s] Level 1:colcon.colcon_core.package_identification:_identify(src) by extension 'colcon_pkg'
[0.757s] Level 1:colcon.colcon_core.package_identification:_identify(src) by extensions ['colcon_meta']
[0.757s] Level 1:colcon.colcon_core.package_identification:_identify(src) by extension 'colcon_meta'
[0.757s] Level 1:colcon.colcon_core.package_identification:_identify(src) by extensions ['ros']
[0.757s] Level 1:colcon.colcon_core.package_identification:_identify(src) by extension 'ros'
[0.757s] Level 1:colcon.colcon_core.package_identification:_identify(src) by extensions ['cmake', 'python']
[0.757s] Level 1:colcon.colcon_core.package_identification:_identify(src) by extension 'cmake'
[0.757s] Level 1:colcon.colcon_core.package_identification:_identify(src) by extension 'python'
[0.757s] Level 1:colcon.colcon_core.package_identification:_identify(src) by extensions ['python_setup_py']
[0.757s] Level 1:colcon.colcon_core.package_identification:_identify(src) by extension 'python_setup_py'
[0.757s] Level 1:colcon.colcon_core.package_identification:_identify(src/RELbot_simulator) by extensions ['ignore', 'ignore_ament_install']
[0.757s] Level 1:colcon.colcon_core.package_identification:_identify(src/RELbot_simulator) by extension 'ignore'
[0.757s] Level 1:colcon.colcon_core.package_identification:_identify(src/RELbot_simulator) by extension 'ignore_ament_install'
[0.757s] Level 1:colcon.colcon_core.package_identification:_identify(src/RELbot_simulator) by extensions ['colcon_pkg']
[0.757s] Level 1:colcon.colcon_core.package_identification:_identify(src/RELbot_simulator) by extension 'colcon_pkg'
[0.757s] Level 1:colcon.colcon_core.package_identification:_identify(src/RELbot_simulator) by extensions ['colcon_meta']
[0.757s] Level 1:colcon.colcon_core.package_identification:_identify(src/RELbot_simulator) by extension 'colcon_meta'
[0.757s] Level 1:colcon.colcon_core.package_identification:_identify(src/RELbot_simulator) by extensions ['ros']
[0.757s] Level 1:colcon.colcon_core.package_identification:_identify(src/RELbot_simulator) by extension 'ros'
[0.759s] DEBUG:colcon.colcon_core.package_identification:Package 'src/RELbot_simulator' with type 'ros.ament_cmake' and name 'RELbot_simulator'
[0.759s] Level 1:colcon.colcon_core.package_identification:_identify(src/cam_imag_pro) by extensions ['ignore', 'ignore_ament_install']
[0.759s] Level 1:colcon.colcon_core.package_identification:_identify(src/cam_imag_pro) by extension 'ignore'
[0.759s] Level 1:colcon.colcon_core.package_identification:_identify(src/cam_imag_pro) by extension 'ignore_ament_install'
[0.759s] Level 1:colcon.colcon_core.package_identification:_identify(src/cam_imag_pro) by extensions ['colcon_pkg']
[0.759s] Level 1:colcon.colcon_core.package_identification:_identify(src/cam_imag_pro) by extension 'colcon_pkg'
[0.759s] Level 1:colcon.colcon_core.package_identification:_identify(src/cam_imag_pro) by extensions ['colcon_meta']
[0.759s] Level 1:colcon.colcon_core.package_identification:_identify(src/cam_imag_pro) by extension 'colcon_meta'
[0.759s] Level 1:colcon.colcon_core.package_identification:_identify(src/cam_imag_pro) by extensions ['ros']
[0.759s] Level 1:colcon.colcon_core.package_identification:_identify(src/cam_imag_pro) by extension 'ros'
[0.760s] DEBUG:colcon.colcon_core.package_identification:Package 'src/cam_imag_pro' with type 'ros.ament_cmake' and name 'cam_imag_pro'
[0.760s] Level 1:colcon.colcon_core.package_identification:_identify(src/setpoints_publisher) by extensions ['ignore', 'ignore_ament_install']
[0.760s] Level 1:colcon.colcon_core.package_identification:_identify(src/setpoints_publisher) by extension 'ignore'
[0.760s] Level 1:colcon.colcon_core.package_identification:_identify(src/setpoints_publisher) by extension 'ignore_ament_install'
[0.760s] Level 1:colcon.colcon_core.package_identification:_identify(src/setpoints_publisher) by extensions ['colcon_pkg']
[0.760s] Level 1:colcon.colcon_core.package_identification:_identify(src/setpoints_publisher) by extension 'colcon_pkg'
[0.760s] Level 1:colcon.colcon_core.package_identification:_identify(src/setpoints_publisher) by extensions ['colcon_meta']
[0.760s] Level 1:colcon.colcon_core.package_identification:_identify(src/setpoints_publisher) by extension 'colcon_meta'
[0.760s] Level 1:colcon.colcon_core.package_identification:_identify(src/setpoints_publisher) by extensions ['ros']
[0.760s] Level 1:colcon.colcon_core.package_identification:_identify(src/setpoints_publisher) by extension 'ros'
[0.760s] DEBUG:colcon.colcon_core.package_identification:Package 'src/setpoints_publisher' with type 'ros.ament_cmake' and name 'setpoints_publisher'
[0.760s] Level 1:colcon.colcon_core.package_discovery:discover_packages(recursive) using defaults
[0.760s] Level 1:colcon.colcon_core.package_discovery:discover_packages(ignore) discover
[0.760s] Level 1:colcon.colcon_core.package_discovery:discover_packages(ignore) using defaults
[0.760s] Level 1:colcon.colcon_core.package_discovery:discover_packages(path) discover
[0.760s] Level 1:colcon.colcon_core.package_discovery:discover_packages(path) using defaults
[0.833s] Level 1:colcon.colcon_core.package_discovery:discover_packages(prefix_path) check parameters
[0.833s] Level 1:colcon.colcon_core.package_discovery:discover_packages(prefix_path) discover
[0.855s] DEBUG:colcon.colcon_installed_package_information.package_discovery:Found 3 installed packages in /home/tinsae/ASDFR/assignment1_ws/install
[0.866s] DEBUG:colcon.colcon_installed_package_information.package_discovery:Found 412 installed packages in /opt/ros/humble
[0.868s] Level 1:colcon.colcon_core.package_discovery:discover_packages(prefix_path) using defaults
[0.939s] Level 5:colcon.colcon_core.verb:set package 'RELbot_simulator' build argument 'cmake_args' from command line to 'None'
[0.939s] Level 5:colcon.colcon_core.verb:set package 'RELbot_simulator' build argument 'cmake_target' from command line to 'None'
[0.939s] Level 5:colcon.colcon_core.verb:set package 'RELbot_simulator' build argument 'cmake_target_skip_unavailable' from command line to 'False'
[0.939s] Level 5:colcon.colcon_core.verb:set package 'RELbot_simulator' build argument 'cmake_clean_cache' from command line to 'False'
[0.939s] Level 5:colcon.colcon_core.verb:set package 'RELbot_simulator' build argument 'cmake_clean_first' from command line to 'False'
[0.939s] Level 5:colcon.colcon_core.verb:set package 'RELbot_simulator' build argument 'cmake_force_configure' from command line to 'False'
[0.939s] Level 5:colcon.colcon_core.verb:set package 'RELbot_simulator' build argument 'ament_cmake_args' from command line to 'None'
[0.939s] Level 5:colcon.colcon_core.verb:set package 'RELbot_simulator' build argument 'catkin_cmake_args' from command line to 'None'
[0.939s] Level 5:colcon.colcon_core.verb:set package 'RELbot_simulator' build argument 'catkin_skip_building_tests' from command line to 'False'
[0.939s] DEBUG:colcon.colcon_core.verb:Building package 'RELbot_simulator' with the following arguments: {'ament_cmake_args': None, 'build_base': '/home/tinsae/ASDFR/assignment1_ws/build/RELbot_simulator', 'catkin_cmake_args': None, 'catkin_skip_building_tests': False, 'cmake_args': None, 'cmake_clean_cache': False, 'cmake_clean_first': False, 'cmake_force_configure': False, 'cmake_target': None, 'cmake_target_skip_unavailable': False, 'install_base': '/home/tinsae/ASDFR/assignment1_ws/install/RELbot_simulator', 'merge_install': False, 'path': '/home/tinsae/ASDFR/assignment1_ws/src/RELbot_simulator', 'symlink_install': False, 'test_result_base': None}
[0.950s] Level 5:colcon.colcon_core.verb:set package 'cam_imag_pro' build argument 'cmake_args' from command line to 'None'
[0.950s] Level 5:colcon.colcon_core.verb:set package 'cam_imag_pro' build argument 'cmake_target' from command line to 'None'
[0.950s] Level 5:colcon.colcon_core.verb:set package 'cam_imag_pro' build argument 'cmake_target_skip_unavailable' from command line to 'False'
[0.950s] Level 5:colcon.colcon_core.verb:set package 'cam_imag_pro' build argument 'cmake_clean_cache' from command line to 'False'
[0.950s] Level 5:colcon.colcon_core.verb:set package 'cam_imag_pro' build argument 'cmake_clean_first' from command line to 'False'
[0.950s] Level 5:colcon.colcon_core.verb:set package 'cam_imag_pro' build argument 'cmake_force_configure' from command line to 'False'
[0.950s] Level 5:colcon.colcon_core.verb:set package 'cam_imag_pro' build argument 'ament_cmake_args' from command line to 'None'
[0.950s] Level 5:colcon.colcon_core.verb:set package 'cam_imag_pro' build argument 'catkin_cmake_args' from command line to 'None'
[0.950s] Level 5:colcon.colcon_core.verb:set package 'cam_imag_pro' build argument 'catkin_skip_building_tests' from command line to 'False'
[0.950s] DEBUG:colcon.colcon_core.verb:Building package 'cam_imag_pro' with the following arguments: {'ament_cmake_args': None, 'build_base': '/home/tinsae/ASDFR/assignment1_ws/build/cam_imag_pro', 'catkin_cmake_args': None, 'catkin_skip_building_tests': False, 'cmake_args': None, 'cmake_clean_cache': False, 'cmake_clean_first': False, 'cmake_force_configure': False, 'cmake_target': None, 'cmake_target_skip_unavailable': False, 'install_base': '/home/tinsae/ASDFR/assignment1_ws/install/cam_imag_pro', 'merge_install': False, 'path': '/home/tinsae/ASDFR/assignment1_ws/src/cam_imag_pro', 'symlink_install': False, 'test_result_base': None}
[0.961s] Level 5:colcon.colcon_core.verb:set package 'setpoints_publisher' build argument 'cmake_args' from command line to 'None'
[0.961s] Level 5:colcon.colcon_core.verb:set package 'setpoints_publisher' build argument 'cmake_target' from command line to 'None'
[0.961s] Level 5:colcon.colcon_core.verb:set package 'setpoints_publisher' build argument 'cmake_target_skip_unavailable' from command line to 'False'
[0.961s] Level 5:colcon.colcon_core.verb:set package 'setpoints_publisher' build argument 'cmake_clean_cache' from command line to 'False'
[0.961s] Level 5:colcon.colcon_core.verb:set package 'setpoints_publisher' build argument 'cmake_clean_first' from command line to 'False'
[0.961s] Level 5:colcon.colcon_core.verb:set package 'setpoints_publisher' build argument 'cmake_force_configure' from command line to 'False'
[0.961s] Level 5:colcon.colcon_core.verb:set package 'setpoints_publisher' build argument 'ament_cmake_args' from command line to 'None'
[0.961s] Level 5:colcon.colcon_core.verb:set package 'setpoints_publisher' build argument 'catkin_cmake_args' from command line to 'None'
[0.961s] Level 5:colcon.colcon_core.verb:set package 'setpoints_publisher' build argument 'catkin_skip_building_tests' from command line to 'False'
[0.961s] DEBUG:colcon.colcon_core.verb:Building package 'setpoints_publisher' with the following arguments: {'ament_cmake_args': None, 'build_base': '/home/tinsae/ASDFR/assignment1_ws/build/setpoints_publisher', 'catkin_cmake_args': None, 'catkin_skip_building_tests': False, 'cmake_args': None, 'cmake_clean_cache': False, 'cmake_clean_first': False, 'cmake_force_configure': False, 'cmake_target': None, 'cmake_target_skip_unavailable': False, 'install_base': '/home/tinsae/ASDFR/assignment1_ws/install/setpoints_publisher', 'merge_install': False, 'path': '/home/tinsae/ASDFR/assignment1_ws/src/setpoints_publisher', 'symlink_install': False, 'test_result_base': None}
[0.972s] INFO:colcon.colcon_core.executor:Executing jobs using 'parallel' executor
[0.983s] DEBUG:colcon.colcon_parallel_executor.executor.parallel:run_until_complete
[0.983s] INFO:colcon.colcon_ros.task.ament_cmake.build:Building ROS package in '/home/tinsae/ASDFR/assignment1_ws/src/RELbot_simulator' with build type 'ament_cmake'
[0.983s] INFO:colcon.colcon_cmake.task.cmake.build:Building CMake package in '/home/tinsae/ASDFR/assignment1_ws/src/RELbot_simulator'
[0.995s] INFO:colcon.colcon_core.plugin_system:Skipping extension 'colcon_core.shell.bat': Not used on non-Windows systems
[0.995s] INFO:colcon.colcon_core.shell:Skip shell extension 'powershell' for command environment: Not usable outside of PowerShell
[0.995s] DEBUG:colcon.colcon_core.shell:Skip shell extension 'dsv' for command environment
[1.029s] INFO:colcon.colcon_ros.task.ament_cmake.build:Building ROS package in '/home/tinsae/ASDFR/assignment1_ws/src/cam_imag_pro' with build type 'ament_cmake'
[1.029s] INFO:colcon.colcon_cmake.task.cmake.build:Building CMake package in '/home/tinsae/ASDFR/assignment1_ws/src/cam_imag_pro'
[1.040s] INFO:colcon.colcon_core.shell:Skip shell extension 'powershell' for command environment: Not usable outside of PowerShell
[1.040s] DEBUG:colcon.colcon_core.shell:Skip shell extension 'dsv' for command environment
[1.074s] INFO:colcon.colcon_ros.task.ament_cmake.build:Building ROS package in '/home/tinsae/ASDFR/assignment1_ws/src/setpoints_publisher' with build type 'ament_cmake'
[1.074s] INFO:colcon.colcon_cmake.task.cmake.build:Building CMake package in '/home/tinsae/ASDFR/assignment1_ws/src/setpoints_publisher'
[1.085s] INFO:colcon.colcon_core.shell:Skip shell extension 'powershell' for command environment: Not usable outside of PowerShell
[1.086s] DEBUG:colcon.colcon_core.shell:Skip shell extension 'dsv' for command environment
[1.122s] DEBUG:colcon.colcon_core.event_handler.log_command:Invoking command in '/home/tinsae/ASDFR/assignment1_ws/build/RELbot_simulator': CMAKE_PREFIX_PATH=${CMAKE_PREFIX_PATH}:/opt/ros/humble /usr/bin/cmake --build /home/tinsae/ASDFR/assignment1_ws/build/RELbot_simulator -- -j16 -l16
[1.123s] DEBUG:colcon.colcon_core.event_handler.log_command:Invoking command in '/home/tinsae/ASDFR/assignment1_ws/build/cam_imag_pro': CMAKE_PREFIX_PATH=${CMAKE_PREFIX_PATH}:/opt/ros/humble /usr/bin/cmake --build /home/tinsae/ASDFR/assignment1_ws/build/cam_imag_pro -- -j16 -l16
[1.127s] DEBUG:colcon.colcon_core.event_handler.log_command:Invoking command in '/home/tinsae/ASDFR/assignment1_ws/build/setpoints_publisher': CMAKE_PREFIX_PATH=${CMAKE_PREFIX_PATH}:/opt/ros/humble /usr/bin/cmake --build /home/tinsae/ASDFR/assignment1_ws/build/setpoints_publisher -- -j16 -l16
[1.161s] DEBUG:colcon.colcon_core.event_handler.log_command:Invoked command in '/home/tinsae/ASDFR/assignment1_ws/build/RELbot_simulator' returned '0': CMAKE_PREFIX_PATH=${CMAKE_PREFIX_PATH}:/opt/ros/humble /usr/bin/cmake --build /home/tinsae/ASDFR/assignment1_ws/build/RELbot_simulator -- -j16 -l16
[1.163s] DEBUG:colcon.colcon_core.event_handler.log_command:Invoked command in '/home/tinsae/ASDFR/assignment1_ws/build/cam_imag_pro' returned '0': CMAKE_PREFIX_PATH=${CMAKE_PREFIX_PATH}:/opt/ros/humble /usr/bin/cmake --build /home/tinsae/ASDFR/assignment1_ws/build/cam_imag_pro -- -j16 -l16
[1.164s] DEBUG:colcon.colcon_core.event_handler.log_command:Invoked command in '/home/tinsae/ASDFR/assignment1_ws/build/setpoints_publisher' returned '0': CMAKE_PREFIX_PATH=${CMAKE_PREFIX_PATH}:/opt/ros/humble /usr/bin/cmake --build /home/tinsae/ASDFR/assignment1_ws/build/setpoints_publisher -- -j16 -l16
[1.184s] DEBUG:colcon.colcon_core.event_handler.log_command:Invoking command in '/home/tinsae/ASDFR/assignment1_ws/build/RELbot_simulator': CMAKE_PREFIX_PATH=${CMAKE_PREFIX_PATH}:/opt/ros/humble /usr/bin/cmake --install /home/tinsae/ASDFR/assignment1_ws/build/RELbot_simulator
[1.185s] DEBUG:colcon.colcon_core.event_handler.log_command:Invoking command in '/home/tinsae/ASDFR/assignment1_ws/build/setpoints_publisher': CMAKE_PREFIX_PATH=${CMAKE_PREFIX_PATH}:/opt/ros/humble /usr/bin/cmake --install /home/tinsae/ASDFR/assignment1_ws/build/setpoints_publisher
[1.186s] DEBUG:colcon.colcon_core.event_handler.log_command:Invoking command in '/home/tinsae/ASDFR/assignment1_ws/build/cam_imag_pro': CMAKE_PREFIX_PATH=${CMAKE_PREFIX_PATH}:/opt/ros/humble /usr/bin/cmake --install /home/tinsae/ASDFR/assignment1_ws/build/cam_imag_pro
[1.190s] Level 1:colcon.colcon_core.environment:create_environment_scripts_only(RELbot_simulator)
[1.190s] DEBUG:colcon.colcon_core.event_handler.log_command:Invoked command in '/home/tinsae/ASDFR/assignment1_ws/build/RELbot_simulator' returned '0': CMAKE_PREFIX_PATH=${CMAKE_PREFIX_PATH}:/opt/ros/humble /usr/bin/cmake --install /home/tinsae/ASDFR/assignment1_ws/build/RELbot_simulator
[1.204s] Level 1:colcon.colcon_core.environment:checking '/home/tinsae/ASDFR/assignment1_ws/install/RELbot_simulator' for CMake module files
[1.205s] Level 1:colcon.colcon_core.environment:checking '/home/tinsae/ASDFR/assignment1_ws/install/RELbot_simulator' for CMake config files
[1.205s] Level 1:colcon.colcon_core.shell:create_environment_hook('RELbot_simulator', 'cmake_prefix_path')
[1.216s] INFO:colcon.colcon_core.shell:Creating environment hook '/home/tinsae/ASDFR/assignment1_ws/install/RELbot_simulator/share/RELbot_simulator/hook/cmake_prefix_path.ps1'
[1.216s] INFO:colcon.colcon_core.shell:Creating environment descriptor '/home/tinsae/ASDFR/assignment1_ws/install/RELbot_simulator/share/RELbot_simulator/hook/cmake_prefix_path.dsv'
[1.216s] INFO:colcon.colcon_core.shell:Creating environment hook '/home/tinsae/ASDFR/assignment1_ws/install/RELbot_simulator/share/RELbot_simulator/hook/cmake_prefix_path.sh'
[1.217s] Level 1:colcon.colcon_core.environment:checking '/home/tinsae/ASDFR/assignment1_ws/install/RELbot_simulator/lib'
[1.217s] Level 1:colcon.colcon_core.environment:checking '/home/tinsae/ASDFR/assignment1_ws/install/RELbot_simulator/bin'
[1.217s] Level 1:colcon.colcon_core.environment:checking '/home/tinsae/ASDFR/assignment1_ws/install/RELbot_simulator/lib/pkgconfig/RELbot_simulator.pc'
[1.217s] Level 1:colcon.colcon_core.environment:checking '/home/tinsae/ASDFR/assignment1_ws/install/RELbot_simulator/lib/python3.10/site-packages'
[1.217s] Level 1:colcon.colcon_core.environment:checking '/home/tinsae/ASDFR/assignment1_ws/install/RELbot_simulator/bin'
[1.228s] INFO:colcon.colcon_core.shell:Creating package script '/home/tinsae/ASDFR/assignment1_ws/install/RELbot_simulator/share/RELbot_simulator/package.ps1'
[1.229s] INFO:colcon.colcon_core.shell:Creating package descriptor '/home/tinsae/ASDFR/assignment1_ws/install/RELbot_simulator/share/RELbot_simulator/package.dsv'
[1.229s] INFO:colcon.colcon_core.shell:Creating package script '/home/tinsae/ASDFR/assignment1_ws/install/RELbot_simulator/share/RELbot_simulator/package.sh'
[1.229s] INFO:colcon.colcon_core.shell:Creating package script '/home/tinsae/ASDFR/assignment1_ws/install/RELbot_simulator/share/RELbot_simulator/package.bash'
[1.230s] INFO:colcon.colcon_core.shell:Creating package script '/home/tinsae/ASDFR/assignment1_ws/install/RELbot_simulator/share/RELbot_simulator/package.zsh'
[1.230s] Level 1:colcon.colcon_core.environment:create_file_with_runtime_dependencies(/home/tinsae/ASDFR/assignment1_ws/install/RELbot_simulator/share/colcon-core/packages/RELbot_simulator)
[1.231s] Level 1:colcon.colcon_core.environment:create_environment_scripts_only(setpoints_publisher)
[1.232s] DEBUG:colcon.colcon_core.event_handler.log_command:Invoked command in '/home/tinsae/ASDFR/assignment1_ws/build/setpoints_publisher' returned '0': CMAKE_PREFIX_PATH=${CMAKE_PREFIX_PATH}:/opt/ros/humble /usr/bin/cmake --install /home/tinsae/ASDFR/assignment1_ws/build/setpoints_publisher
[1.243s] Level 1:colcon.colcon_core.environment:checking '/home/tinsae/ASDFR/assignment1_ws/install/setpoints_publisher' for CMake module files
[1.243s] Level 1:colcon.colcon_core.environment:checking '/home/tinsae/ASDFR/assignment1_ws/install/setpoints_publisher' for CMake config files
[1.243s] Level 1:colcon.colcon_core.shell:create_environment_hook('setpoints_publisher', 'cmake_prefix_path')
[1.254s] INFO:colcon.colcon_core.shell:Creating environment hook '/home/tinsae/ASDFR/assignment1_ws/install/setpoints_publisher/share/setpoints_publisher/hook/cmake_prefix_path.ps1'
[1.254s] INFO:colcon.colcon_core.shell:Creating environment descriptor '/home/tinsae/ASDFR/assignment1_ws/install/setpoints_publisher/share/setpoints_publisher/hook/cmake_prefix_path.dsv'
[1.254s] INFO:colcon.colcon_core.shell:Creating environment hook '/home/tinsae/ASDFR/assignment1_ws/install/setpoints_publisher/share/setpoints_publisher/hook/cmake_prefix_path.sh'
[1.254s] Level 1:colcon.colcon_core.environment:checking '/home/tinsae/ASDFR/assignment1_ws/install/setpoints_publisher/lib'
[1.255s] Level 1:colcon.colcon_core.environment:checking '/home/tinsae/ASDFR/assignment1_ws/install/setpoints_publisher/bin'
[1.255s] Level 1:colcon.colcon_core.environment:checking '/home/tinsae/ASDFR/assignment1_ws/install/setpoints_publisher/lib/pkgconfig/setpoints_publisher.pc'
[1.255s] Level 1:colcon.colcon_core.environment:checking '/home/tinsae/ASDFR/assignment1_ws/install/setpoints_publisher/lib/python3.10/site-packages'
[1.255s] Level 1:colcon.colcon_core.environment:checking '/home/tinsae/ASDFR/assignment1_ws/install/setpoints_publisher/bin'
[1.266s] INFO:colcon.colcon_core.shell:Creating package script '/home/tinsae/ASDFR/assignment1_ws/install/setpoints_publisher/share/setpoints_publisher/package.ps1'
[1.266s] INFO:colcon.colcon_core.shell:Creating package descriptor '/home/tinsae/ASDFR/assignment1_ws/install/setpoints_publisher/share/setpoints_publisher/package.dsv'
[1.266s] INFO:colcon.colcon_core.shell:Creating package script '/home/tinsae/ASDFR/assignment1_ws/install/setpoints_publisher/share/setpoints_publisher/package.sh'
[1.267s] INFO:colcon.colcon_core.shell:Creating package script '/home/tinsae/ASDFR/assignment1_ws/install/setpoints_publisher/share/setpoints_publisher/package.bash'
[1.267s] INFO:colcon.colcon_core.shell:Creating package script '/home/tinsae/ASDFR/assignment1_ws/install/setpoints_publisher/share/setpoints_publisher/package.zsh'
[1.267s] Level 1:colcon.colcon_core.environment:create_file_with_runtime_dependencies(/home/tinsae/ASDFR/assignment1_ws/install/setpoints_publisher/share/colcon-core/packages/setpoints_publisher)
[1.267s] Level 1:colcon.colcon_core.environment:create_environment_scripts_only(cam_imag_pro)
[1.268s] DEBUG:colcon.colcon_core.event_handler.log_command:Invoked command in '/home/tinsae/ASDFR/assignment1_ws/build/cam_imag_pro' returned '0': CMAKE_PREFIX_PATH=${CMAKE_PREFIX_PATH}:/opt/ros/humble /usr/bin/cmake --install /home/tinsae/ASDFR/assignment1_ws/build/cam_imag_pro
[1.279s] Level 1:colcon.colcon_core.environment:checking '/home/tinsae/ASDFR/assignment1_ws/install/cam_imag_pro' for CMake module files
[1.279s] Level 1:colcon.colcon_core.environment:checking '/home/tinsae/ASDFR/assignment1_ws/install/cam_imag_pro' for CMake config files
[1.279s] Level 1:colcon.colcon_core.shell:create_environment_hook('cam_imag_pro', 'cmake_prefix_path')
[1.290s] INFO:colcon.colcon_core.shell:Creating environment hook '/home/tinsae/ASDFR/assignment1_ws/install/cam_imag_pro/share/cam_imag_pro/hook/cmake_prefix_path.ps1'
[1.290s] INFO:colcon.colcon_core.shell:Creating environment descriptor '/home/tinsae/ASDFR/assignment1_ws/install/cam_imag_pro/share/cam_imag_pro/hook/cmake_prefix_path.dsv'
[1.290s] INFO:colcon.colcon_core.shell:Creating environment hook '/home/tinsae/ASDFR/assignment1_ws/install/cam_imag_pro/share/cam_imag_pro/hook/cmake_prefix_path.sh'
[1.291s] Level 1:colcon.colcon_core.environment:checking '/home/tinsae/ASDFR/assignment1_ws/install/cam_imag_pro/lib'
[1.291s] Level 1:colcon.colcon_core.environment:checking '/home/tinsae/ASDFR/assignment1_ws/install/cam_imag_pro/bin'
[1.291s] Level 1:colcon.colcon_core.environment:checking '/home/tinsae/ASDFR/assignment1_ws/install/cam_imag_pro/lib/pkgconfig/cam_imag_pro.pc'
[1.291s] Level 1:colcon.colcon_core.environment:checking '/home/tinsae/ASDFR/assignment1_ws/install/cam_imag_pro/lib/python3.10/site-packages'
[1.291s] Level 1:colcon.colcon_core.environment:checking '/home/tinsae/ASDFR/assignment1_ws/install/cam_imag_pro/bin'
[1.302s] INFO:colcon.colcon_core.shell:Creating package script '/home/tinsae/ASDFR/assignment1_ws/install/cam_imag_pro/share/cam_imag_pro/package.ps1'
[1.302s] INFO:colcon.colcon_core.shell:Creating package descriptor '/home/tinsae/ASDFR/assignment1_ws/install/cam_imag_pro/share/cam_imag_pro/package.dsv'
[1.302s] INFO:colcon.colcon_core.shell:Creating package script '/home/tinsae/ASDFR/assignment1_ws/install/cam_imag_pro/share/cam_imag_pro/package.sh'
[1.302s] INFO:colcon.colcon_core.shell:Creating package script '/home/tinsae/ASDFR/assignment1_ws/install/cam_imag_pro/share/cam_imag_pro/package.bash'
[1.302s] INFO:colcon.colcon_core.shell:Creating package script '/home/tinsae/ASDFR/assignment1_ws/install/cam_imag_pro/share/cam_imag_pro/package.zsh'
[1.303s] Level 1:colcon.colcon_core.environment:create_file_with_runtime_dependencies(/home/tinsae/ASDFR/assignment1_ws/install/cam_imag_pro/share/colcon-core/packages/cam_imag_pro)
[1.314s] Level 1:colcon.colcon_core.environment:create_environment_scripts_only(RELbot_simulator)
[1.326s] Level 1:colcon.colcon_core.environment:checking '/home/tinsae/ASDFR/assignment1_ws/install/RELbot_simulator' for CMake module files
[1.326s] Level 1:colcon.colcon_core.environment:checking '/home/tinsae/ASDFR/assignment1_ws/install/RELbot_simulator' for CMake config files
[1.326s] Level 1:colcon.colcon_core.shell:create_environment_hook('RELbot_simulator', 'cmake_prefix_path')
[1.337s] INFO:colcon.colcon_core.shell:Creating environment hook '/home/tinsae/ASDFR/assignment1_ws/install/RELbot_simulator/share/RELbot_simulator/hook/cmake_prefix_path.ps1'
[1.337s] INFO:colcon.colcon_core.shell:Creating environment descriptor '/home/tinsae/ASDFR/assignment1_ws/install/RELbot_simulator/share/RELbot_simulator/hook/cmake_prefix_path.dsv'
[1.337s] INFO:colcon.colcon_core.shell:Creating environment hook '/home/tinsae/ASDFR/assignment1_ws/install/RELbot_simulator/share/RELbot_simulator/hook/cmake_prefix_path.sh'
[1.338s] Level 1:colcon.colcon_core.environment:checking '/home/tinsae/ASDFR/assignment1_ws/install/RELbot_simulator/lib'
[1.338s] Level 1:colcon.colcon_core.environment:checking '/home/tinsae/ASDFR/assignment1_ws/install/RELbot_simulator/bin'
[1.338s] Level 1:colcon.colcon_core.environment:checking '/home/tinsae/ASDFR/assignment1_ws/install/RELbot_simulator/lib/pkgconfig/RELbot_simulator.pc'
[1.338s] Level 1:colcon.colcon_core.environment:checking '/home/tinsae/ASDFR/assignment1_ws/install/RELbot_simulator/lib/python3.10/site-packages'
[1.338s] Level 1:colcon.colcon_core.environment:checking '/home/tinsae/ASDFR/assignment1_ws/install/RELbot_simulator/bin'
[1.349s] INFO:colcon.colcon_core.shell:Creating package script '/home/tinsae/ASDFR/assignment1_ws/install/RELbot_simulator/share/RELbot_simulator/package.ps1'
[1.349s] INFO:colcon.colcon_core.shell:Creating package descriptor '/home/tinsae/ASDFR/assignment1_ws/install/RELbot_simulator/share/RELbot_simulator/package.dsv'
[1.349s] INFO:colcon.colcon_core.shell:Creating package script '/home/tinsae/ASDFR/assignment1_ws/install/RELbot_simulator/share/RELbot_simulator/package.sh'
[1.349s] INFO:colcon.colcon_core.shell:Creating package script '/home/tinsae/ASDFR/assignment1_ws/install/RELbot_simulator/share/RELbot_simulator/package.bash'
[1.349s] INFO:colcon.colcon_core.shell:Creating package script '/home/tinsae/ASDFR/assignment1_ws/install/RELbot_simulator/share/RELbot_simulator/package.zsh'
[1.350s] Level 1:colcon.colcon_core.environment:create_file_with_runtime_dependencies(/home/tinsae/ASDFR/assignment1_ws/install/RELbot_simulator/share/colcon-core/packages/RELbot_simulator)
[1.361s] Level 1:colcon.colcon_core.environment:create_environment_scripts_only(setpoints_publisher)
[1.372s] Level 1:colcon.colcon_core.environment:checking '/home/tinsae/ASDFR/assignment1_ws/install/setpoints_publisher' for CMake module files
[1.372s] Level 1:colcon.colcon_core.environment:checking '/home/tinsae/ASDFR/assignment1_ws/install/setpoints_publisher' for CMake config files
[1.372s] Level 1:colcon.colcon_core.shell:create_environment_hook('setpoints_publisher', 'cmake_prefix_path')
[1.383s] INFO:colcon.colcon_core.shell:Creating environment hook '/home/tinsae/ASDFR/assignment1_ws/install/setpoints_publisher/share/setpoints_publisher/hook/cmake_prefix_path.ps1'
[1.383s] INFO:colcon.colcon_core.shell:Creating environment descriptor '/home/tinsae/ASDFR/assignment1_ws/install/setpoints_publisher/share/setpoints_publisher/hook/cmake_prefix_path.dsv'
[1.383s] INFO:colcon.colcon_core.shell:Creating environment hook '/home/tinsae/ASDFR/assignment1_ws/install/setpoints_publisher/share/setpoints_publisher/hook/cmake_prefix_path.sh'
[1.383s] Level 1:colcon.colcon_core.environment:checking '/home/tinsae/ASDFR/assignment1_ws/install/setpoints_publisher/lib'
[1.384s] Level 1:colcon.colcon_core.environment:checking '/home/tinsae/ASDFR/assignment1_ws/install/setpoints_publisher/bin'
[1.384s] Level 1:colcon.colcon_core.environment:checking '/home/tinsae/ASDFR/assignment1_ws/install/setpoints_publisher/lib/pkgconfig/setpoints_publisher.pc'
[1.384s] Level 1:colcon.colcon_core.environment:checking '/home/tinsae/ASDFR/assignment1_ws/install/setpoints_publisher/lib/python3.10/site-packages'
[1.384s] Level 1:colcon.colcon_core.environment:checking '/home/tinsae/ASDFR/assignment1_ws/install/setpoints_publisher/bin'
[1.395s] INFO:colcon.colcon_core.shell:Creating package script '/home/tinsae/ASDFR/assignment1_ws/install/setpoints_publisher/share/setpoints_publisher/package.ps1'
[1.395s] INFO:colcon.colcon_core.shell:Creating package descriptor '/home/tinsae/ASDFR/assignment1_ws/install/setpoints_publisher/share/setpoints_publisher/package.dsv'
[1.395s] INFO:colcon.colcon_core.shell:Creating package script '/home/tinsae/ASDFR/assignment1_ws/install/setpoints_publisher/share/setpoints_publisher/package.sh'
[1.396s] INFO:colcon.colcon_core.shell:Creating package script '/home/tinsae/ASDFR/assignment1_ws/install/setpoints_publisher/share/setpoints_publisher/package.bash'
[1.396s] INFO:colcon.colcon_core.shell:Creating package script '/home/tinsae/ASDFR/assignment1_ws/install/setpoints_publisher/share/setpoints_publisher/package.zsh'
[1.396s] Level 1:colcon.colcon_core.environment:create_file_with_runtime_dependencies(/home/tinsae/ASDFR/assignment1_ws/install/setpoints_publisher/share/colcon-core/packages/setpoints_publisher)
[1.407s] Level 1:colcon.colcon_core.environment:create_environment_scripts_only(cam_imag_pro)
[1.418s] Level 1:colcon.colcon_core.environment:checking '/home/tinsae/ASDFR/assignment1_ws/install/cam_imag_pro' for CMake module files
[1.418s] Level 1:colcon.colcon_core.environment:checking '/home/tinsae/ASDFR/assignment1_ws/install/cam_imag_pro' for CMake config files
[1.418s] Level 1:colcon.colcon_core.shell:create_environment_hook('cam_imag_pro', 'cmake_prefix_path')
[1.429s] INFO:colcon.colcon_core.shell:Creating environment hook '/home/tinsae/ASDFR/assignment1_ws/install/cam_imag_pro/share/cam_imag_pro/hook/cmake_prefix_path.ps1'
[1.429s] INFO:colcon.colcon_core.shell:Creating environment descriptor '/home/tinsae/ASDFR/assignment1_ws/install/cam_imag_pro/share/cam_imag_pro/hook/cmake_prefix_path.dsv'
[1.429s] INFO:colcon.colcon_core.shell:Creating environment hook '/home/tinsae/ASDFR/assignment1_ws/install/cam_imag_pro/share/cam_imag_pro/hook/cmake_prefix_path.sh'
[1.430s] Level 1:colcon.colcon_core.environment:checking '/home/tinsae/ASDFR/assignment1_ws/install/cam_imag_pro/lib'
[1.430s] Level 1:colcon.colcon_core.environment:checking '/home/tinsae/ASDFR/assignment1_ws/install/cam_imag_pro/bin'
[1.430s] Level 1:colcon.colcon_core.environment:checking '/home/tinsae/ASDFR/assignment1_ws/install/cam_imag_pro/lib/pkgconfig/cam_imag_pro.pc'
[1.430s] Level 1:colcon.colcon_core.environment:checking '/home/tinsae/ASDFR/assignment1_ws/install/cam_imag_pro/lib/python3.10/site-packages'
[1.430s] Level 1:colcon.colcon_core.environment:checking '/home/tinsae/ASDFR/assignment1_ws/install/cam_imag_pro/bin'
[1.441s] INFO:colcon.colcon_core.shell:Creating package script '/home/tinsae/ASDFR/assignment1_ws/install/cam_imag_pro/share/cam_imag_pro/package.ps1'
[1.441s] INFO:colcon.colcon_core.shell:Creating package descriptor '/home/tinsae/ASDFR/assignment1_ws/install/cam_imag_pro/share/cam_imag_pro/package.dsv'
[1.441s] INFO:colcon.colcon_core.shell:Creating package script '/home/tinsae/ASDFR/assignment1_ws/install/cam_imag_pro/share/cam_imag_pro/package.sh'
[1.441s] INFO:colcon.colcon_core.shell:Creating package script '/home/tinsae/ASDFR/assignment1_ws/install/cam_imag_pro/share/cam_imag_pro/package.bash'
[1.442s] INFO:colcon.colcon_core.shell:Creating package script '/home/tinsae/ASDFR/assignment1_ws/install/cam_imag_pro/share/cam_imag_pro/package.zsh'
[1.442s] Level 1:colcon.colcon_core.environment:create_file_with_runtime_dependencies(/home/tinsae/ASDFR/assignment1_ws/install/cam_imag_pro/share/colcon-core/packages/cam_imag_pro)
[1.442s] DEBUG:colcon.colcon_parallel_executor.executor.parallel:closing loop
[1.442s] DEBUG:colcon.colcon_parallel_executor.executor.parallel:loop closed
[1.442s] DEBUG:colcon.colcon_parallel_executor.executor.parallel:run_until_complete finished with '0'
[1.442s] DEBUG:colcon.colcon_core.event_reactor:joining thread
[1.456s] INFO:colcon.colcon_core.plugin_system:Skipping extension 'colcon_notification.desktop_notification.terminal_notifier': Not used on non-Darwin systems
[1.456s] INFO:colcon.colcon_core.plugin_system:Skipping extension 'colcon_notification.desktop_notification.win32': Not used on non-Windows systems
[1.456s] INFO:colcon.colcon_notification.desktop_notification:Sending desktop notification using 'notify2'
[1.464s] DEBUG:colcon.colcon_core.event_reactor:joined thread
[1.477s] INFO:colcon.colcon_core.shell:Creating prefix script '/home/tinsae/ASDFR/assignment1_ws/install/local_setup.ps1'
[1.478s] INFO:colcon.colcon_core.shell:Creating prefix util module '/home/tinsae/ASDFR/assignment1_ws/install/_local_setup_util_ps1.py'
[1.479s] INFO:colcon.colcon_core.shell:Creating prefix chain script '/home/tinsae/ASDFR/assignment1_ws/install/setup.ps1'
[1.497s] INFO:colcon.colcon_core.shell:Creating prefix script '/home/tinsae/ASDFR/assignment1_ws/install/local_setup.sh'
[1.497s] INFO:colcon.colcon_core.shell:Creating prefix util module '/home/tinsae/ASDFR/assignment1_ws/install/_local_setup_util_sh.py'
[1.497s] INFO:colcon.colcon_core.shell:Creating prefix chain script '/home/tinsae/ASDFR/assignment1_ws/install/setup.sh'
[1.509s] INFO:colcon.colcon_core.shell:Creating prefix script '/home/tinsae/ASDFR/assignment1_ws/install/local_setup.bash'
[1.509s] INFO:colcon.colcon_core.shell:Creating prefix chain script '/home/tinsae/ASDFR/assignment1_ws/install/setup.bash'
[1.521s] INFO:colcon.colcon_core.shell:Creating prefix script '/home/tinsae/ASDFR/assignment1_ws/install/local_setup.zsh'
[1.521s] INFO:colcon.colcon_core.shell:Creating prefix chain script '/home/tinsae/ASDFR/assignment1_ws/install/setup.zsh'
