[100%] Built target brightness_node
[100%] Built target light_pos_indicator_node
-- Install configuration: ""
-- Up-to-date: /home/tinsae/ASDFR/assignment1_ws/install/cam_imag_pro/lib/cam_imag_pro/brightness_node
-- Up-to-date: /home/tinsae/ASDFR/assignment1_ws/install/cam_imag_pro/lib/cam_imag_pro/light_pos_indicator_node
-- Up-to-date: /home/tinsae/ASDFR/assignment1_ws/install/cam_imag_pro/share/ament_index/resource_index/package_run_dependencies/cam_imag_pro
-- Up-to-date: /home/tinsae/ASDFR/assignment1_ws/install/cam_imag_pro/share/ament_index/resource_index/parent_prefix_path/cam_imag_pro
-- Up-to-date: /home/tinsae/ASDFR/assignment1_ws/install/cam_imag_pro/share/cam_imag_pro/environment/ament_prefix_path.sh
-- Up-to-date: /home/tinsae/ASDFR/assignment1_ws/install/cam_imag_pro/share/cam_imag_pro/environment/ament_prefix_path.dsv
-- Up-to-date: /home/tinsae/ASDFR/assignment1_ws/install/cam_imag_pro/share/cam_imag_pro/environment/path.sh
-- Up-to-date: /home/tinsae/ASDFR/assignment1_ws/install/cam_imag_pro/share/cam_imag_pro/environment/path.dsv
-- Up-to-date: /home/tinsae/ASDFR/assignment1_ws/install/cam_imag_pro/share/cam_imag_pro/local_setup.bash
-- Up-to-date: /home/tinsae/ASDFR/assignment1_ws/install/cam_imag_pro/share/cam_imag_pro/local_setup.sh
-- Up-to-date: /home/tinsae/ASDFR/assignment1_ws/install/cam_imag_pro/share/cam_imag_pro/local_setup.zsh
-- Up-to-date: /home/tinsae/ASDFR/assignment1_ws/install/cam_imag_pro/share/cam_imag_pro/local_setup.dsv
-- Installing: /home/tinsae/ASDFR/assignment1_ws/install/cam_imag_pro/share/cam_imag_pro/package.dsv
-- Up-to-date: /home/tinsae/ASDFR/assignment1_ws/install/cam_imag_pro/share/ament_index/resource_index/packages/cam_imag_pro
-- Up-to-date: /home/tinsae/ASDFR/assignment1_ws/install/cam_imag_pro/share/cam_imag_pro/cmake/cam_imag_proConfig.cmake
-- Up-to-date: /home/tinsae/ASDFR/assignment1_ws/install/cam_imag_pro/share/cam_imag_pro/cmake/cam_imag_proConfig-version.cmake
-- Up-to-date: /home/tinsae/ASDFR/assignment1_ws/install/cam_imag_pro/share/cam_imag_pro/package.xml
