[0.716s] DEBUG:colcon:Command line arguments: ['/usr/bin/colcon', 'build']
[0.716s] DEBUG:colcon:Parsed command line arguments: Namespace(log_base=None, log_level=None, verb_name='build', build_base='build', install_base='install', merge_install=False, symlink_install=False, test_result_base=None, continue_on_error=False, executor='parallel', parallel_workers=16, event_handlers=None, ignore_user_meta=False, metas=['./colcon.meta'], base_paths=['.'], packages_ignore=None, packages_ignore_regex=None, paths=None, packages_up_to=None, packages_up_to_regex=None, packages_above=None, packages_above_and_dependencies=None, packages_above_depth=None, packages_select_by_dep=None, packages_skip_by_dep=None, packages_skip_up_to=None, packages_select_build_failed=False, packages_skip_build_finished=False, packages_select_test_failures=False, packages_skip_test_passed=False, packages_select=None, packages_skip=None, packages_select_regex=None, packages_skip_regex=None, packages_start=None, packages_end=None, allow_overriding=[], cmake_args=None, cmake_target=None, cmake_target_skip_unavailable=False, cmake_clean_cache=False, cmake_clean_first=False, cmake_force_configure=False, ament_cmake_args=None, catkin_cmake_args=None, catkin_skip_building_tests=False, verb_parser=<colcon_defaults.argument_parser.defaults.DefaultArgumentsDecorator object at 0x7f352f609ff0>, verb_extension=<colcon_core.verb.build.BuildVerb object at 0x7f352fa03df0>, main=<bound method BuildVerb.main of <colcon_core.verb.build.BuildVerb object at 0x7f352fa03df0>>)
[0.747s] Level 1:colcon.colcon_core.package_discovery:discover_packages(colcon_meta) check parameters
[0.748s] Level 1:colcon.colcon_core.package_discovery:discover_packages(recursive) check parameters
[0.748s] Level 1:colcon.colcon_core.package_discovery:discover_packages(ignore) check parameters
[0.748s] Level 1:colcon.colcon_core.package_discovery:discover_packages(path) check parameters
[0.748s] Level 1:colcon.colcon_core.package_discovery:discover_packages(colcon_meta) discover
[0.748s] Level 1:colcon.colcon_core.package_discovery:discover_packages(recursive) discover
[0.748s] INFO:colcon.colcon_core.package_discovery:Crawling recursively for packages in '/home/tinsae/ASDFR/assignment1_ws'
[0.748s] Level 1:colcon.colcon_core.package_identification:_identify(.) by extensions ['ignore', 'ignore_ament_install']
[0.748s] Level 1:colcon.colcon_core.package_identification:_identify(.) by extension 'ignore'
[0.748s] Level 1:colcon.colcon_core.package_identification:_identify(.) by extension 'ignore_ament_install'
[0.748s] Level 1:colcon.colcon_core.package_identification:_identify(.) by extensions ['colcon_pkg']
[0.748s] Level 1:colcon.colcon_core.package_identification:_identify(.) by extension 'colcon_pkg'
[0.748s] Level 1:colcon.colcon_core.package_identification:_identify(.) by extensions ['colcon_meta']
[0.748s] Level 1:colcon.colcon_core.package_identification:_identify(.) by extension 'colcon_meta'
[0.748s] Level 1:colcon.colcon_core.package_identification:_identify(.) by extensions ['ros']
[0.748s] Level 1:colcon.colcon_core.package_identification:_identify(.) by extension 'ros'
[0.755s] Level 1:colcon.colcon_core.package_identification:_identify(.) by extensions ['cmake', 'python']
[0.755s] Level 1:colcon.colcon_core.package_identification:_identify(.) by extension 'cmake'
[0.755s] Level 1:colcon.colcon_core.package_identification:_identify(.) by extension 'python'
[0.755s] Level 1:colcon.colcon_core.package_identification:_identify(.) by extensions ['python_setup_py']
[0.755s] Level 1:colcon.colcon_core.package_identification:_identify(.) by extension 'python_setup_py'
[0.755s] Level 1:colcon.colcon_core.package_identification:_identify(build) by extensions ['ignore', 'ignore_ament_install']
[0.755s] Level 1:colcon.colcon_core.package_identification:_identify(build) by extension 'ignore'
[0.755s] Level 1:colcon.colcon_core.package_identification:_identify(build) ignored
[0.755s] Level 1:colcon.colcon_core.package_identification:_identify(install) by extensions ['ignore', 'ignore_ament_install']
[0.755s] Level 1:colcon.colcon_core.package_identification:_identify(install) by extension 'ignore'
[0.755s] Level 1:colcon.colcon_core.package_identification:_identify(install) ignored
[0.755s] Level 1:colcon.colcon_core.package_identification:_identify(log) by extensions ['ignore', 'ignore_ament_install']
[0.755s] Level 1:colcon.colcon_core.package_identification:_identify(log) by extension 'ignore'
[0.755s] Level 1:colcon.colcon_core.package_identification:_identify(log) ignored
[0.755s] Level 1:colcon.colcon_core.package_identification:_identify(src) by extensions ['ignore', 'ignore_ament_install']
[0.755s] Level 1:colcon.colcon_core.package_identification:_identify(src) by extension 'ignore'
[0.755s] Level 1:colcon.colcon_core.package_identification:_identify(src) by extension 'ignore_ament_install'
[0.756s] Level 1:colcon.colcon_core.package_identification:_identify(src) by extensions ['colcon_pkg']
[0.756s] Level 1:colcon.colcon_core.package_identification:_identify(src) by extension 'colcon_pkg'
[0.756s] Level 1:colcon.colcon_core.package_identification:_identify(src) by extensions ['colcon_meta']
[0.756s] Level 1:colcon.colcon_core.package_identification:_identify(src) by extension 'colcon_meta'
[0.756s] Level 1:colcon.colcon_core.package_identification:_identify(src) by extensions ['ros']
[0.756s] Level 1:colcon.colcon_core.package_identification:_identify(src) by extension 'ros'
[0.756s] Level 1:colcon.colcon_core.package_identification:_identify(src) by extensions ['cmake', 'python']
[0.756s] Level 1:colcon.colcon_core.package_identification:_identify(src) by extension 'cmake'
[0.756s] Level 1:colcon.colcon_core.package_identification:_identify(src) by extension 'python'
[0.756s] Level 1:colcon.colcon_core.package_identification:_identify(src) by extensions ['python_setup_py']
[0.756s] Level 1:colcon.colcon_core.package_identification:_identify(src) by extension 'python_setup_py'
[0.756s] Level 1:colcon.colcon_core.package_identification:_identify(src/RELbot_simulator) by extensions ['ignore', 'ignore_ament_install']
[0.756s] Level 1:colcon.colcon_core.package_identification:_identify(src/RELbot_simulator) by extension 'ignore'
[0.756s] Level 1:colcon.colcon_core.package_identification:_identify(src/RELbot_simulator) by extension 'ignore_ament_install'
[0.756s] Level 1:colcon.colcon_core.package_identification:_identify(src/RELbot_simulator) by extensions ['colcon_pkg']
[0.756s] Level 1:colcon.colcon_core.package_identification:_identify(src/RELbot_simulator) by extension 'colcon_pkg'
[0.756s] Level 1:colcon.colcon_core.package_identification:_identify(src/RELbot_simulator) by extensions ['colcon_meta']
[0.756s] Level 1:colcon.colcon_core.package_identification:_identify(src/RELbot_simulator) by extension 'colcon_meta'
[0.756s] Level 1:colcon.colcon_core.package_identification:_identify(src/RELbot_simulator) by extensions ['ros']
[0.756s] Level 1:colcon.colcon_core.package_identification:_identify(src/RELbot_simulator) by extension 'ros'
[0.758s] DEBUG:colcon.colcon_core.package_identification:Package 'src/RELbot_simulator' with type 'ros.ament_cmake' and name 'RELbot_simulator'
[0.758s] Level 1:colcon.colcon_core.package_identification:_identify(src/cam_imag_pro) by extensions ['ignore', 'ignore_ament_install']
[0.758s] Level 1:colcon.colcon_core.package_identification:_identify(src/cam_imag_pro) by extension 'ignore'
[0.758s] Level 1:colcon.colcon_core.package_identification:_identify(src/cam_imag_pro) by extension 'ignore_ament_install'
[0.758s] Level 1:colcon.colcon_core.package_identification:_identify(src/cam_imag_pro) by extensions ['colcon_pkg']
[0.758s] Level 1:colcon.colcon_core.package_identification:_identify(src/cam_imag_pro) by extension 'colcon_pkg'
[0.758s] Level 1:colcon.colcon_core.package_identification:_identify(src/cam_imag_pro) by extensions ['colcon_meta']
[0.758s] Level 1:colcon.colcon_core.package_identification:_identify(src/cam_imag_pro) by extension 'colcon_meta'
[0.758s] Level 1:colcon.colcon_core.package_identification:_identify(src/cam_imag_pro) by extensions ['ros']
[0.758s] Level 1:colcon.colcon_core.package_identification:_identify(src/cam_imag_pro) by extension 'ros'
[0.758s] DEBUG:colcon.colcon_core.package_identification:Package 'src/cam_imag_pro' with type 'ros.ament_cmake' and name 'cam_imag_pro'
[0.758s] Level 1:colcon.colcon_core.package_identification:_identify(src/setpoints_publisher) by extensions ['ignore', 'ignore_ament_install']
[0.758s] Level 1:colcon.colcon_core.package_identification:_identify(src/setpoints_publisher) by extension 'ignore'
[0.759s] Level 1:colcon.colcon_core.package_identification:_identify(src/setpoints_publisher) by extension 'ignore_ament_install'
[0.759s] Level 1:colcon.colcon_core.package_identification:_identify(src/setpoints_publisher) by extensions ['colcon_pkg']
[0.759s] Level 1:colcon.colcon_core.package_identification:_identify(src/setpoints_publisher) by extension 'colcon_pkg'
[0.759s] Level 1:colcon.colcon_core.package_identification:_identify(src/setpoints_publisher) by extensions ['colcon_meta']
[0.759s] Level 1:colcon.colcon_core.package_identification:_identify(src/setpoints_publisher) by extension 'colcon_meta'
[0.759s] Level 1:colcon.colcon_core.package_identification:_identify(src/setpoints_publisher) by extensions ['ros']
[0.759s] Level 1:colcon.colcon_core.package_identification:_identify(src/setpoints_publisher) by extension 'ros'
[0.759s] DEBUG:colcon.colcon_core.package_identification:Package 'src/setpoints_publisher' with type 'ros.ament_cmake' and name 'setpoints_publisher'
[0.759s] Level 1:colcon.colcon_core.package_discovery:discover_packages(recursive) using defaults
[0.759s] Level 1:colcon.colcon_core.package_discovery:discover_packages(ignore) discover
[0.759s] Level 1:colcon.colcon_core.package_discovery:discover_packages(ignore) using defaults
[0.759s] Level 1:colcon.colcon_core.package_discovery:discover_packages(path) discover
[0.759s] Level 1:colcon.colcon_core.package_discovery:discover_packages(path) using defaults
[0.831s] Level 1:colcon.colcon_core.package_discovery:discover_packages(prefix_path) check parameters
[0.831s] Level 1:colcon.colcon_core.package_discovery:discover_packages(prefix_path) discover
[0.854s] DEBUG:colcon.colcon_installed_package_information.package_discovery:Found 412 installed packages in /opt/ros/humble
[0.855s] Level 1:colcon.colcon_core.package_discovery:discover_packages(prefix_path) using defaults
[0.924s] Level 5:colcon.colcon_core.verb:set package 'RELbot_simulator' build argument 'cmake_args' from command line to 'None'
[0.924s] Level 5:colcon.colcon_core.verb:set package 'RELbot_simulator' build argument 'cmake_target' from command line to 'None'
[0.924s] Level 5:colcon.colcon_core.verb:set package 'RELbot_simulator' build argument 'cmake_target_skip_unavailable' from command line to 'False'
[0.924s] Level 5:colcon.colcon_core.verb:set package 'RELbot_simulator' build argument 'cmake_clean_cache' from command line to 'False'
[0.924s] Level 5:colcon.colcon_core.verb:set package 'RELbot_simulator' build argument 'cmake_clean_first' from command line to 'False'
[0.924s] Level 5:colcon.colcon_core.verb:set package 'RELbot_simulator' build argument 'cmake_force_configure' from command line to 'False'
[0.924s] Level 5:colcon.colcon_core.verb:set package 'RELbot_simulator' build argument 'ament_cmake_args' from command line to 'None'
[0.924s] Level 5:colcon.colcon_core.verb:set package 'RELbot_simulator' build argument 'catkin_cmake_args' from command line to 'None'
[0.924s] Level 5:colcon.colcon_core.verb:set package 'RELbot_simulator' build argument 'catkin_skip_building_tests' from command line to 'False'
[0.924s] DEBUG:colcon.colcon_core.verb:Building package 'RELbot_simulator' with the following arguments: {'ament_cmake_args': None, 'build_base': '/home/tinsae/ASDFR/assignment1_ws/build/RELbot_simulator', 'catkin_cmake_args': None, 'catkin_skip_building_tests': False, 'cmake_args': None, 'cmake_clean_cache': False, 'cmake_clean_first': False, 'cmake_force_configure': False, 'cmake_target': None, 'cmake_target_skip_unavailable': False, 'install_base': '/home/tinsae/ASDFR/assignment1_ws/install/RELbot_simulator', 'merge_install': False, 'path': '/home/tinsae/ASDFR/assignment1_ws/src/RELbot_simulator', 'symlink_install': False, 'test_result_base': None}
[0.935s] Level 5:colcon.colcon_core.verb:set package 'cam_imag_pro' build argument 'cmake_args' from command line to 'None'
[0.935s] Level 5:colcon.colcon_core.verb:set package 'cam_imag_pro' build argument 'cmake_target' from command line to 'None'
[0.935s] Level 5:colcon.colcon_core.verb:set package 'cam_imag_pro' build argument 'cmake_target_skip_unavailable' from command line to 'False'
[0.935s] Level 5:colcon.colcon_core.verb:set package 'cam_imag_pro' build argument 'cmake_clean_cache' from command line to 'False'
[0.935s] Level 5:colcon.colcon_core.verb:set package 'cam_imag_pro' build argument 'cmake_clean_first' from command line to 'False'
[0.935s] Level 5:colcon.colcon_core.verb:set package 'cam_imag_pro' build argument 'cmake_force_configure' from command line to 'False'
[0.935s] Level 5:colcon.colcon_core.verb:set package 'cam_imag_pro' build argument 'ament_cmake_args' from command line to 'None'
[0.935s] Level 5:colcon.colcon_core.verb:set package 'cam_imag_pro' build argument 'catkin_cmake_args' from command line to 'None'
[0.935s] Level 5:colcon.colcon_core.verb:set package 'cam_imag_pro' build argument 'catkin_skip_building_tests' from command line to 'False'
[0.935s] DEBUG:colcon.colcon_core.verb:Building package 'cam_imag_pro' with the following arguments: {'ament_cmake_args': None, 'build_base': '/home/tinsae/ASDFR/assignment1_ws/build/cam_imag_pro', 'catkin_cmake_args': None, 'catkin_skip_building_tests': False, 'cmake_args': None, 'cmake_clean_cache': False, 'cmake_clean_first': False, 'cmake_force_configure': False, 'cmake_target': None, 'cmake_target_skip_unavailable': False, 'install_base': '/home/tinsae/ASDFR/assignment1_ws/install/cam_imag_pro', 'merge_install': False, 'path': '/home/tinsae/ASDFR/assignment1_ws/src/cam_imag_pro', 'symlink_install': False, 'test_result_base': None}
[0.946s] Level 5:colcon.colcon_core.verb:set package 'setpoints_publisher' build argument 'cmake_args' from command line to 'None'
[0.946s] Level 5:colcon.colcon_core.verb:set package 'setpoints_publisher' build argument 'cmake_target' from command line to 'None'
[0.946s] Level 5:colcon.colcon_core.verb:set package 'setpoints_publisher' build argument 'cmake_target_skip_unavailable' from command line to 'False'
[0.946s] Level 5:colcon.colcon_core.verb:set package 'setpoints_publisher' build argument 'cmake_clean_cache' from command line to 'False'
[0.946s] Level 5:colcon.colcon_core.verb:set package 'setpoints_publisher' build argument 'cmake_clean_first' from command line to 'False'
[0.946s] Level 5:colcon.colcon_core.verb:set package 'setpoints_publisher' build argument 'cmake_force_configure' from command line to 'False'
[0.946s] Level 5:colcon.colcon_core.verb:set package 'setpoints_publisher' build argument 'ament_cmake_args' from command line to 'None'
[0.946s] Level 5:colcon.colcon_core.verb:set package 'setpoints_publisher' build argument 'catkin_cmake_args' from command line to 'None'
[0.946s] Level 5:colcon.colcon_core.verb:set package 'setpoints_publisher' build argument 'catkin_skip_building_tests' from command line to 'False'
[0.946s] DEBUG:colcon.colcon_core.verb:Building package 'setpoints_publisher' with the following arguments: {'ament_cmake_args': None, 'build_base': '/home/tinsae/ASDFR/assignment1_ws/build/setpoints_publisher', 'catkin_cmake_args': None, 'catkin_skip_building_tests': False, 'cmake_args': None, 'cmake_clean_cache': False, 'cmake_clean_first': False, 'cmake_force_configure': False, 'cmake_target': None, 'cmake_target_skip_unavailable': False, 'install_base': '/home/tinsae/ASDFR/assignment1_ws/install/setpoints_publisher', 'merge_install': False, 'path': '/home/tinsae/ASDFR/assignment1_ws/src/setpoints_publisher', 'symlink_install': False, 'test_result_base': None}
[0.956s] INFO:colcon.colcon_core.executor:Executing jobs using 'parallel' executor
[0.968s] DEBUG:colcon.colcon_parallel_executor.executor.parallel:run_until_complete
[0.968s] INFO:colcon.colcon_ros.task.ament_cmake.build:Building ROS package in '/home/tinsae/ASDFR/assignment1_ws/src/RELbot_simulator' with build type 'ament_cmake'
[0.968s] INFO:colcon.colcon_cmake.task.cmake.build:Building CMake package in '/home/tinsae/ASDFR/assignment1_ws/src/RELbot_simulator'
[0.980s] INFO:colcon.colcon_core.plugin_system:Skipping extension 'colcon_core.shell.bat': Not used on non-Windows systems
[0.980s] INFO:colcon.colcon_core.shell:Skip shell extension 'powershell' for command environment: Not usable outside of PowerShell
[0.980s] DEBUG:colcon.colcon_core.shell:Skip shell extension 'dsv' for command environment
[1.003s] INFO:colcon.colcon_ros.task.ament_cmake.build:Building ROS package in '/home/tinsae/ASDFR/assignment1_ws/src/cam_imag_pro' with build type 'ament_cmake'
[1.003s] INFO:colcon.colcon_cmake.task.cmake.build:Building CMake package in '/home/tinsae/ASDFR/assignment1_ws/src/cam_imag_pro'
[1.014s] INFO:colcon.colcon_core.shell:Skip shell extension 'powershell' for command environment: Not usable outside of PowerShell
[1.015s] DEBUG:colcon.colcon_core.shell:Skip shell extension 'dsv' for command environment
[1.038s] INFO:colcon.colcon_ros.task.ament_cmake.build:Building ROS package in '/home/tinsae/ASDFR/assignment1_ws/src/setpoints_publisher' with build type 'ament_cmake'
[1.038s] INFO:colcon.colcon_cmake.task.cmake.build:Building CMake package in '/home/tinsae/ASDFR/assignment1_ws/src/setpoints_publisher'
[1.049s] INFO:colcon.colcon_core.shell:Skip shell extension 'powershell' for command environment: Not usable outside of PowerShell
[1.049s] DEBUG:colcon.colcon_core.shell:Skip shell extension 'dsv' for command environment
[1.075s] DEBUG:colcon.colcon_core.event_handler.log_command:Invoking command in '/home/tinsae/ASDFR/assignment1_ws/build/RELbot_simulator': CMAKE_PREFIX_PATH=/opt/ros/humble /usr/bin/cmake /home/tinsae/ASDFR/assignment1_ws/src/RELbot_simulator -DCMAKE_INSTALL_PREFIX=/home/tinsae/ASDFR/assignment1_ws/install/RELbot_simulator
[1.076s] DEBUG:colcon.colcon_core.event_handler.log_command:Invoking command in '/home/tinsae/ASDFR/assignment1_ws/build/cam_imag_pro': CMAKE_PREFIX_PATH=/opt/ros/humble /usr/bin/cmake /home/tinsae/ASDFR/assignment1_ws/src/cam_imag_pro -DCMAKE_INSTALL_PREFIX=/home/tinsae/ASDFR/assignment1_ws/install/cam_imag_pro
[1.078s] DEBUG:colcon.colcon_core.event_handler.log_command:Invoking command in '/home/tinsae/ASDFR/assignment1_ws/build/setpoints_publisher': CMAKE_PREFIX_PATH=/opt/ros/humble /usr/bin/cmake /home/tinsae/ASDFR/assignment1_ws/src/setpoints_publisher -DCMAKE_INSTALL_PREFIX=/home/tinsae/ASDFR/assignment1_ws/install/setpoints_publisher
[1.872s] DEBUG:colcon.colcon_core.event_handler.log_command:Invoked command in '/home/tinsae/ASDFR/assignment1_ws/build/setpoints_publisher' returned '0': CMAKE_PREFIX_PATH=/opt/ros/humble /usr/bin/cmake /home/tinsae/ASDFR/assignment1_ws/src/setpoints_publisher -DCMAKE_INSTALL_PREFIX=/home/tinsae/ASDFR/assignment1_ws/install/setpoints_publisher
[1.872s] DEBUG:colcon.colcon_core.event_handler.log_command:Invoking command in '/home/tinsae/ASDFR/assignment1_ws/build/setpoints_publisher': CMAKE_PREFIX_PATH=/opt/ros/humble /usr/bin/cmake --build /home/tinsae/ASDFR/assignment1_ws/build/setpoints_publisher -- -j16 -l16
[1.992s] DEBUG:colcon.colcon_core.event_handler.log_command:Invoked command in '/home/tinsae/ASDFR/assignment1_ws/build/cam_imag_pro' returned '0': CMAKE_PREFIX_PATH=/opt/ros/humble /usr/bin/cmake /home/tinsae/ASDFR/assignment1_ws/src/cam_imag_pro -DCMAKE_INSTALL_PREFIX=/home/tinsae/ASDFR/assignment1_ws/install/cam_imag_pro
[1.994s] DEBUG:colcon.colcon_core.event_handler.log_command:Invoking command in '/home/tinsae/ASDFR/assignment1_ws/build/cam_imag_pro': CMAKE_PREFIX_PATH=/opt/ros/humble /usr/bin/cmake --build /home/tinsae/ASDFR/assignment1_ws/build/cam_imag_pro -- -j16 -l16
[1.998s] DEBUG:colcon.colcon_core.event_handler.log_command:Invoked command in '/home/tinsae/ASDFR/assignment1_ws/build/RELbot_simulator' returned '0': CMAKE_PREFIX_PATH=/opt/ros/humble /usr/bin/cmake /home/tinsae/ASDFR/assignment1_ws/src/RELbot_simulator -DCMAKE_INSTALL_PREFIX=/home/tinsae/ASDFR/assignment1_ws/install/RELbot_simulator
[1.999s] DEBUG:colcon.colcon_core.event_handler.log_command:Invoking command in '/home/tinsae/ASDFR/assignment1_ws/build/RELbot_simulator': CMAKE_PREFIX_PATH=/opt/ros/humble /usr/bin/cmake --build /home/tinsae/ASDFR/assignment1_ws/build/RELbot_simulator -- -j16 -l16
[4.840s] DEBUG:colcon.colcon_core.event_handler.log_command:Invoked command in '/home/tinsae/ASDFR/assignment1_ws/build/setpoints_publisher' returned '0': CMAKE_PREFIX_PATH=/opt/ros/humble /usr/bin/cmake --build /home/tinsae/ASDFR/assignment1_ws/build/setpoints_publisher -- -j16 -l16
[4.861s] DEBUG:colcon.colcon_core.event_handler.log_command:Invoking command in '/home/tinsae/ASDFR/assignment1_ws/build/setpoints_publisher': CMAKE_PREFIX_PATH=/opt/ros/humble /usr/bin/cmake --install /home/tinsae/ASDFR/assignment1_ws/build/setpoints_publisher
[4.868s] Level 1:colcon.colcon_core.environment:create_environment_scripts_only(setpoints_publisher)
[4.868s] DEBUG:colcon.colcon_core.event_handler.log_command:Invoked command in '/home/tinsae/ASDFR/assignment1_ws/build/setpoints_publisher' returned '0': CMAKE_PREFIX_PATH=/opt/ros/humble /usr/bin/cmake --install /home/tinsae/ASDFR/assignment1_ws/build/setpoints_publisher
[4.892s] Level 1:colcon.colcon_core.environment:checking '/home/tinsae/ASDFR/assignment1_ws/install/setpoints_publisher' for CMake module files
[4.892s] Level 1:colcon.colcon_core.environment:checking '/home/tinsae/ASDFR/assignment1_ws/install/setpoints_publisher' for CMake config files
[4.893s] Level 1:colcon.colcon_core.shell:create_environment_hook('setpoints_publisher', 'cmake_prefix_path')
[4.908s] INFO:colcon.colcon_core.shell:Creating environment hook '/home/tinsae/ASDFR/assignment1_ws/install/setpoints_publisher/share/setpoints_publisher/hook/cmake_prefix_path.ps1'
[4.909s] INFO:colcon.colcon_core.shell:Creating environment descriptor '/home/tinsae/ASDFR/assignment1_ws/install/setpoints_publisher/share/setpoints_publisher/hook/cmake_prefix_path.dsv'
[4.909s] INFO:colcon.colcon_core.shell:Creating environment hook '/home/tinsae/ASDFR/assignment1_ws/install/setpoints_publisher/share/setpoints_publisher/hook/cmake_prefix_path.sh'
[4.909s] Level 1:colcon.colcon_core.environment:checking '/home/tinsae/ASDFR/assignment1_ws/install/setpoints_publisher/lib'
[4.910s] Level 1:colcon.colcon_core.environment:checking '/home/tinsae/ASDFR/assignment1_ws/install/setpoints_publisher/bin'
[4.910s] Level 1:colcon.colcon_core.environment:checking '/home/tinsae/ASDFR/assignment1_ws/install/setpoints_publisher/lib/pkgconfig/setpoints_publisher.pc'
[4.910s] Level 1:colcon.colcon_core.environment:checking '/home/tinsae/ASDFR/assignment1_ws/install/setpoints_publisher/lib/python3.10/site-packages'
[4.910s] Level 1:colcon.colcon_core.environment:checking '/home/tinsae/ASDFR/assignment1_ws/install/setpoints_publisher/bin'
[4.924s] INFO:colcon.colcon_core.shell:Creating package script '/home/tinsae/ASDFR/assignment1_ws/install/setpoints_publisher/share/setpoints_publisher/package.ps1'
[4.925s] INFO:colcon.colcon_core.shell:Creating package descriptor '/home/tinsae/ASDFR/assignment1_ws/install/setpoints_publisher/share/setpoints_publisher/package.dsv'
[4.925s] INFO:colcon.colcon_core.shell:Creating package script '/home/tinsae/ASDFR/assignment1_ws/install/setpoints_publisher/share/setpoints_publisher/package.sh'
[4.926s] INFO:colcon.colcon_core.shell:Creating package script '/home/tinsae/ASDFR/assignment1_ws/install/setpoints_publisher/share/setpoints_publisher/package.bash'
[4.926s] INFO:colcon.colcon_core.shell:Creating package script '/home/tinsae/ASDFR/assignment1_ws/install/setpoints_publisher/share/setpoints_publisher/package.zsh'
[4.926s] Level 1:colcon.colcon_core.environment:create_file_with_runtime_dependencies(/home/tinsae/ASDFR/assignment1_ws/install/setpoints_publisher/share/colcon-core/packages/setpoints_publisher)
[4.965s] Level 1:colcon.colcon_core.environment:create_environment_scripts_only(setpoints_publisher)
[4.987s] Level 1:colcon.colcon_core.environment:checking '/home/tinsae/ASDFR/assignment1_ws/install/setpoints_publisher' for CMake module files
[4.988s] Level 1:colcon.colcon_core.environment:checking '/home/tinsae/ASDFR/assignment1_ws/install/setpoints_publisher' for CMake config files
[4.988s] Level 1:colcon.colcon_core.shell:create_environment_hook('setpoints_publisher', 'cmake_prefix_path')
[5.005s] INFO:colcon.colcon_core.shell:Creating environment hook '/home/tinsae/ASDFR/assignment1_ws/install/setpoints_publisher/share/setpoints_publisher/hook/cmake_prefix_path.ps1'
[5.006s] INFO:colcon.colcon_core.shell:Creating environment descriptor '/home/tinsae/ASDFR/assignment1_ws/install/setpoints_publisher/share/setpoints_publisher/hook/cmake_prefix_path.dsv'
[5.006s] INFO:colcon.colcon_core.shell:Creating environment hook '/home/tinsae/ASDFR/assignment1_ws/install/setpoints_publisher/share/setpoints_publisher/hook/cmake_prefix_path.sh'
[5.006s] Level 1:colcon.colcon_core.environment:checking '/home/tinsae/ASDFR/assignment1_ws/install/setpoints_publisher/lib'
[5.006s] Level 1:colcon.colcon_core.environment:checking '/home/tinsae/ASDFR/assignment1_ws/install/setpoints_publisher/bin'
[5.006s] Level 1:colcon.colcon_core.environment:checking '/home/tinsae/ASDFR/assignment1_ws/install/setpoints_publisher/lib/pkgconfig/setpoints_publisher.pc'
[5.007s] Level 1:colcon.colcon_core.environment:checking '/home/tinsae/ASDFR/assignment1_ws/install/setpoints_publisher/lib/python3.10/site-packages'
[5.007s] Level 1:colcon.colcon_core.environment:checking '/home/tinsae/ASDFR/assignment1_ws/install/setpoints_publisher/bin'
[5.018s] INFO:colcon.colcon_core.shell:Creating package script '/home/tinsae/ASDFR/assignment1_ws/install/setpoints_publisher/share/setpoints_publisher/package.ps1'
[5.019s] INFO:colcon.colcon_core.shell:Creating package descriptor '/home/tinsae/ASDFR/assignment1_ws/install/setpoints_publisher/share/setpoints_publisher/package.dsv'
[5.019s] INFO:colcon.colcon_core.shell:Creating package script '/home/tinsae/ASDFR/assignment1_ws/install/setpoints_publisher/share/setpoints_publisher/package.sh'
[5.019s] INFO:colcon.colcon_core.shell:Creating package script '/home/tinsae/ASDFR/assignment1_ws/install/setpoints_publisher/share/setpoints_publisher/package.bash'
[5.019s] INFO:colcon.colcon_core.shell:Creating package script '/home/tinsae/ASDFR/assignment1_ws/install/setpoints_publisher/share/setpoints_publisher/package.zsh'
[5.020s] Level 1:colcon.colcon_core.environment:create_file_with_runtime_dependencies(/home/tinsae/ASDFR/assignment1_ws/install/setpoints_publisher/share/colcon-core/packages/setpoints_publisher)
[9.050s] DEBUG:colcon.colcon_core.event_handler.log_command:Invoked command in '/home/tinsae/ASDFR/assignment1_ws/build/cam_imag_pro' returned '0': CMAKE_PREFIX_PATH=/opt/ros/humble /usr/bin/cmake --build /home/tinsae/ASDFR/assignment1_ws/build/cam_imag_pro -- -j16 -l16
[9.066s] DEBUG:colcon.colcon_core.event_handler.log_command:Invoking command in '/home/tinsae/ASDFR/assignment1_ws/build/cam_imag_pro': CMAKE_PREFIX_PATH=/opt/ros/humble /usr/bin/cmake --install /home/tinsae/ASDFR/assignment1_ws/build/cam_imag_pro
[9.076s] Level 1:colcon.colcon_core.environment:create_environment_scripts_only(cam_imag_pro)
[9.077s] DEBUG:colcon.colcon_core.event_handler.log_command:Invoked command in '/home/tinsae/ASDFR/assignment1_ws/build/cam_imag_pro' returned '0': CMAKE_PREFIX_PATH=/opt/ros/humble /usr/bin/cmake --install /home/tinsae/ASDFR/assignment1_ws/build/cam_imag_pro
[9.088s] Level 1:colcon.colcon_core.environment:checking '/home/tinsae/ASDFR/assignment1_ws/install/cam_imag_pro' for CMake module files
[9.088s] Level 1:colcon.colcon_core.environment:checking '/home/tinsae/ASDFR/assignment1_ws/install/cam_imag_pro' for CMake config files
[9.088s] Level 1:colcon.colcon_core.shell:create_environment_hook('cam_imag_pro', 'cmake_prefix_path')
[9.100s] INFO:colcon.colcon_core.shell:Creating environment hook '/home/tinsae/ASDFR/assignment1_ws/install/cam_imag_pro/share/cam_imag_pro/hook/cmake_prefix_path.ps1'
[9.100s] INFO:colcon.colcon_core.shell:Creating environment descriptor '/home/tinsae/ASDFR/assignment1_ws/install/cam_imag_pro/share/cam_imag_pro/hook/cmake_prefix_path.dsv'
[9.100s] INFO:colcon.colcon_core.shell:Creating environment hook '/home/tinsae/ASDFR/assignment1_ws/install/cam_imag_pro/share/cam_imag_pro/hook/cmake_prefix_path.sh'
[9.100s] Level 1:colcon.colcon_core.environment:checking '/home/tinsae/ASDFR/assignment1_ws/install/cam_imag_pro/lib'
[9.100s] Level 1:colcon.colcon_core.environment:checking '/home/tinsae/ASDFR/assignment1_ws/install/cam_imag_pro/bin'
[9.100s] Level 1:colcon.colcon_core.environment:checking '/home/tinsae/ASDFR/assignment1_ws/install/cam_imag_pro/lib/pkgconfig/cam_imag_pro.pc'
[9.100s] Level 1:colcon.colcon_core.environment:checking '/home/tinsae/ASDFR/assignment1_ws/install/cam_imag_pro/lib/python3.10/site-packages'
[9.101s] Level 1:colcon.colcon_core.environment:checking '/home/tinsae/ASDFR/assignment1_ws/install/cam_imag_pro/bin'
[9.111s] INFO:colcon.colcon_core.shell:Creating package script '/home/tinsae/ASDFR/assignment1_ws/install/cam_imag_pro/share/cam_imag_pro/package.ps1'
[9.112s] INFO:colcon.colcon_core.shell:Creating package descriptor '/home/tinsae/ASDFR/assignment1_ws/install/cam_imag_pro/share/cam_imag_pro/package.dsv'
[9.112s] INFO:colcon.colcon_core.shell:Creating package script '/home/tinsae/ASDFR/assignment1_ws/install/cam_imag_pro/share/cam_imag_pro/package.sh'
[9.112s] INFO:colcon.colcon_core.shell:Creating package script '/home/tinsae/ASDFR/assignment1_ws/install/cam_imag_pro/share/cam_imag_pro/package.bash'
[9.112s] INFO:colcon.colcon_core.shell:Creating package script '/home/tinsae/ASDFR/assignment1_ws/install/cam_imag_pro/share/cam_imag_pro/package.zsh'
[9.112s] Level 1:colcon.colcon_core.environment:create_file_with_runtime_dependencies(/home/tinsae/ASDFR/assignment1_ws/install/cam_imag_pro/share/colcon-core/packages/cam_imag_pro)
[9.140s] Level 1:colcon.colcon_core.environment:create_environment_scripts_only(cam_imag_pro)
[9.151s] Level 1:colcon.colcon_core.environment:checking '/home/tinsae/ASDFR/assignment1_ws/install/cam_imag_pro' for CMake module files
[9.151s] Level 1:colcon.colcon_core.environment:checking '/home/tinsae/ASDFR/assignment1_ws/install/cam_imag_pro' for CMake config files
[9.152s] Level 1:colcon.colcon_core.shell:create_environment_hook('cam_imag_pro', 'cmake_prefix_path')
[9.162s] INFO:colcon.colcon_core.shell:Creating environment hook '/home/tinsae/ASDFR/assignment1_ws/install/cam_imag_pro/share/cam_imag_pro/hook/cmake_prefix_path.ps1'
[9.163s] INFO:colcon.colcon_core.shell:Creating environment descriptor '/home/tinsae/ASDFR/assignment1_ws/install/cam_imag_pro/share/cam_imag_pro/hook/cmake_prefix_path.dsv'
[9.163s] INFO:colcon.colcon_core.shell:Creating environment hook '/home/tinsae/ASDFR/assignment1_ws/install/cam_imag_pro/share/cam_imag_pro/hook/cmake_prefix_path.sh'
[9.163s] Level 1:colcon.colcon_core.environment:checking '/home/tinsae/ASDFR/assignment1_ws/install/cam_imag_pro/lib'
[9.163s] Level 1:colcon.colcon_core.environment:checking '/home/tinsae/ASDFR/assignment1_ws/install/cam_imag_pro/bin'
[9.163s] Level 1:colcon.colcon_core.environment:checking '/home/tinsae/ASDFR/assignment1_ws/install/cam_imag_pro/lib/pkgconfig/cam_imag_pro.pc'
[9.163s] Level 1:colcon.colcon_core.environment:checking '/home/tinsae/ASDFR/assignment1_ws/install/cam_imag_pro/lib/python3.10/site-packages'
[9.163s] Level 1:colcon.colcon_core.environment:checking '/home/tinsae/ASDFR/assignment1_ws/install/cam_imag_pro/bin'
[9.174s] INFO:colcon.colcon_core.shell:Creating package script '/home/tinsae/ASDFR/assignment1_ws/install/cam_imag_pro/share/cam_imag_pro/package.ps1'
[9.175s] INFO:colcon.colcon_core.shell:Creating package descriptor '/home/tinsae/ASDFR/assignment1_ws/install/cam_imag_pro/share/cam_imag_pro/package.dsv'
[9.175s] INFO:colcon.colcon_core.shell:Creating package script '/home/tinsae/ASDFR/assignment1_ws/install/cam_imag_pro/share/cam_imag_pro/package.sh'
[9.175s] INFO:colcon.colcon_core.shell:Creating package script '/home/tinsae/ASDFR/assignment1_ws/install/cam_imag_pro/share/cam_imag_pro/package.bash'
[9.175s] INFO:colcon.colcon_core.shell:Creating package script '/home/tinsae/ASDFR/assignment1_ws/install/cam_imag_pro/share/cam_imag_pro/package.zsh'
[9.176s] Level 1:colcon.colcon_core.environment:create_file_with_runtime_dependencies(/home/tinsae/ASDFR/assignment1_ws/install/cam_imag_pro/share/colcon-core/packages/cam_imag_pro)
[11.822s] DEBUG:colcon.colcon_core.event_handler.log_command:Invoked command in '/home/tinsae/ASDFR/assignment1_ws/build/RELbot_simulator' returned '0': CMAKE_PREFIX_PATH=/opt/ros/humble /usr/bin/cmake --build /home/tinsae/ASDFR/assignment1_ws/build/RELbot_simulator -- -j16 -l16
[11.840s] DEBUG:colcon.colcon_core.event_handler.log_command:Invoking command in '/home/tinsae/ASDFR/assignment1_ws/build/RELbot_simulator': CMAKE_PREFIX_PATH=/opt/ros/humble /usr/bin/cmake --install /home/tinsae/ASDFR/assignment1_ws/build/RELbot_simulator
[11.853s] Level 1:colcon.colcon_core.environment:create_environment_scripts_only(RELbot_simulator)
[11.853s] DEBUG:colcon.colcon_core.event_handler.log_command:Invoked command in '/home/tinsae/ASDFR/assignment1_ws/build/RELbot_simulator' returned '0': CMAKE_PREFIX_PATH=/opt/ros/humble /usr/bin/cmake --install /home/tinsae/ASDFR/assignment1_ws/build/RELbot_simulator
[11.868s] Level 1:colcon.colcon_core.environment:checking '/home/tinsae/ASDFR/assignment1_ws/install/RELbot_simulator' for CMake module files
[11.868s] Level 1:colcon.colcon_core.environment:checking '/home/tinsae/ASDFR/assignment1_ws/install/RELbot_simulator' for CMake config files
[11.868s] Level 1:colcon.colcon_core.shell:create_environment_hook('RELbot_simulator', 'cmake_prefix_path')
[11.879s] INFO:colcon.colcon_core.shell:Creating environment hook '/home/tinsae/ASDFR/assignment1_ws/install/RELbot_simulator/share/RELbot_simulator/hook/cmake_prefix_path.ps1'
[11.879s] INFO:colcon.colcon_core.shell:Creating environment descriptor '/home/tinsae/ASDFR/assignment1_ws/install/RELbot_simulator/share/RELbot_simulator/hook/cmake_prefix_path.dsv'
[11.879s] INFO:colcon.colcon_core.shell:Creating environment hook '/home/tinsae/ASDFR/assignment1_ws/install/RELbot_simulator/share/RELbot_simulator/hook/cmake_prefix_path.sh'
[11.879s] Level 1:colcon.colcon_core.environment:checking '/home/tinsae/ASDFR/assignment1_ws/install/RELbot_simulator/lib'
[11.879s] Level 1:colcon.colcon_core.environment:checking '/home/tinsae/ASDFR/assignment1_ws/install/RELbot_simulator/bin'
[11.879s] Level 1:colcon.colcon_core.environment:checking '/home/tinsae/ASDFR/assignment1_ws/install/RELbot_simulator/lib/pkgconfig/RELbot_simulator.pc'
[11.880s] Level 1:colcon.colcon_core.environment:checking '/home/tinsae/ASDFR/assignment1_ws/install/RELbot_simulator/lib/python3.10/site-packages'
[11.880s] Level 1:colcon.colcon_core.environment:checking '/home/tinsae/ASDFR/assignment1_ws/install/RELbot_simulator/bin'
[11.890s] INFO:colcon.colcon_core.shell:Creating package script '/home/tinsae/ASDFR/assignment1_ws/install/RELbot_simulator/share/RELbot_simulator/package.ps1'
[11.891s] INFO:colcon.colcon_core.shell:Creating package descriptor '/home/tinsae/ASDFR/assignment1_ws/install/RELbot_simulator/share/RELbot_simulator/package.dsv'
[11.891s] INFO:colcon.colcon_core.shell:Creating package script '/home/tinsae/ASDFR/assignment1_ws/install/RELbot_simulator/share/RELbot_simulator/package.sh'
[11.891s] INFO:colcon.colcon_core.shell:Creating package script '/home/tinsae/ASDFR/assignment1_ws/install/RELbot_simulator/share/RELbot_simulator/package.bash'
[11.891s] INFO:colcon.colcon_core.shell:Creating package script '/home/tinsae/ASDFR/assignment1_ws/install/RELbot_simulator/share/RELbot_simulator/package.zsh'
[11.891s] Level 1:colcon.colcon_core.environment:create_file_with_runtime_dependencies(/home/tinsae/ASDFR/assignment1_ws/install/RELbot_simulator/share/colcon-core/packages/RELbot_simulator)
[11.919s] Level 1:colcon.colcon_core.environment:create_environment_scripts_only(RELbot_simulator)
[11.930s] Level 1:colcon.colcon_core.environment:checking '/home/tinsae/ASDFR/assignment1_ws/install/RELbot_simulator' for CMake module files
[11.930s] Level 1:colcon.colcon_core.environment:checking '/home/tinsae/ASDFR/assignment1_ws/install/RELbot_simulator' for CMake config files
[11.930s] Level 1:colcon.colcon_core.shell:create_environment_hook('RELbot_simulator', 'cmake_prefix_path')
[11.941s] INFO:colcon.colcon_core.shell:Creating environment hook '/home/tinsae/ASDFR/assignment1_ws/install/RELbot_simulator/share/RELbot_simulator/hook/cmake_prefix_path.ps1'
[11.941s] INFO:colcon.colcon_core.shell:Creating environment descriptor '/home/tinsae/ASDFR/assignment1_ws/install/RELbot_simulator/share/RELbot_simulator/hook/cmake_prefix_path.dsv'
[11.941s] INFO:colcon.colcon_core.shell:Creating environment hook '/home/tinsae/ASDFR/assignment1_ws/install/RELbot_simulator/share/RELbot_simulator/hook/cmake_prefix_path.sh'
[11.942s] Level 1:colcon.colcon_core.environment:checking '/home/tinsae/ASDFR/assignment1_ws/install/RELbot_simulator/lib'
[11.942s] Level 1:colcon.colcon_core.environment:checking '/home/tinsae/ASDFR/assignment1_ws/install/RELbot_simulator/bin'
[11.942s] Level 1:colcon.colcon_core.environment:checking '/home/tinsae/ASDFR/assignment1_ws/install/RELbot_simulator/lib/pkgconfig/RELbot_simulator.pc'
[11.942s] Level 1:colcon.colcon_core.environment:checking '/home/tinsae/ASDFR/assignment1_ws/install/RELbot_simulator/lib/python3.10/site-packages'
[11.942s] Level 1:colcon.colcon_core.environment:checking '/home/tinsae/ASDFR/assignment1_ws/install/RELbot_simulator/bin'
[11.953s] INFO:colcon.colcon_core.shell:Creating package script '/home/tinsae/ASDFR/assignment1_ws/install/RELbot_simulator/share/RELbot_simulator/package.ps1'
[11.953s] INFO:colcon.colcon_core.shell:Creating package descriptor '/home/tinsae/ASDFR/assignment1_ws/install/RELbot_simulator/share/RELbot_simulator/package.dsv'
[11.954s] INFO:colcon.colcon_core.shell:Creating package script '/home/tinsae/ASDFR/assignment1_ws/install/RELbot_simulator/share/RELbot_simulator/package.sh'
[11.954s] INFO:colcon.colcon_core.shell:Creating package script '/home/tinsae/ASDFR/assignment1_ws/install/RELbot_simulator/share/RELbot_simulator/package.bash'
[11.954s] INFO:colcon.colcon_core.shell:Creating package script '/home/tinsae/ASDFR/assignment1_ws/install/RELbot_simulator/share/RELbot_simulator/package.zsh'
[11.954s] Level 1:colcon.colcon_core.environment:create_file_with_runtime_dependencies(/home/tinsae/ASDFR/assignment1_ws/install/RELbot_simulator/share/colcon-core/packages/RELbot_simulator)
[11.954s] DEBUG:colcon.colcon_parallel_executor.executor.parallel:closing loop
[11.955s] DEBUG:colcon.colcon_parallel_executor.executor.parallel:loop closed
[11.955s] DEBUG:colcon.colcon_parallel_executor.executor.parallel:run_until_complete finished with '0'
[11.955s] DEBUG:colcon.colcon_core.event_reactor:joining thread
[11.969s] INFO:colcon.colcon_core.plugin_system:Skipping extension 'colcon_notification.desktop_notification.terminal_notifier': Not used on non-Darwin systems
[11.969s] INFO:colcon.colcon_core.plugin_system:Skipping extension 'colcon_notification.desktop_notification.win32': Not used on non-Windows systems
[11.969s] INFO:colcon.colcon_notification.desktop_notification:Sending desktop notification using 'notify2'
[11.977s] DEBUG:colcon.colcon_core.event_reactor:joined thread
[11.990s] INFO:colcon.colcon_core.shell:Creating prefix script '/home/tinsae/ASDFR/assignment1_ws/install/local_setup.ps1'
[11.991s] INFO:colcon.colcon_core.shell:Creating prefix util module '/home/tinsae/ASDFR/assignment1_ws/install/_local_setup_util_ps1.py'
[11.991s] INFO:colcon.colcon_core.shell:Creating prefix chain script '/home/tinsae/ASDFR/assignment1_ws/install/setup.ps1'
[12.003s] INFO:colcon.colcon_core.shell:Creating prefix script '/home/tinsae/ASDFR/assignment1_ws/install/local_setup.sh'
[12.003s] INFO:colcon.colcon_core.shell:Creating prefix util module '/home/tinsae/ASDFR/assignment1_ws/install/_local_setup_util_sh.py'
[12.003s] INFO:colcon.colcon_core.shell:Creating prefix chain script '/home/tinsae/ASDFR/assignment1_ws/install/setup.sh'
[12.014s] INFO:colcon.colcon_core.shell:Creating prefix script '/home/tinsae/ASDFR/assignment1_ws/install/local_setup.bash'
[12.015s] INFO:colcon.colcon_core.shell:Creating prefix chain script '/home/tinsae/ASDFR/assignment1_ws/install/setup.bash'
[12.026s] INFO:colcon.colcon_core.shell:Creating prefix script '/home/tinsae/ASDFR/assignment1_ws/install/local_setup.zsh'
[12.026s] INFO:colcon.colcon_core.shell:Creating prefix chain script '/home/tinsae/ASDFR/assignment1_ws/install/setup.zsh'
