[35m[1mConsolidate compiler generated dependencies of target RELbot_simulator[0m
[100%] Built target RELbot_simulator
-- Install configuration: ""
-- Up-to-date: /home/tinsae/ASDFR/assignment1_ws/install/RELbot_simulator/lib/RELbot_simulator/RELbot_simulator
-- Up-to-date: /home/tinsae/ASDFR/assignment1_ws/install/RELbot_simulator/share/ament_index/resource_index/package_run_dependencies/RELbot_simulator
-- Up-to-date: /home/tinsae/ASDFR/assignment1_ws/install/RELbot_simulator/share/ament_index/resource_index/parent_prefix_path/RELbot_simulator
-- Up-to-date: /home/tinsae/ASDFR/assignment1_ws/install/RELbot_simulator/share/RELbot_simulator/environment/ament_prefix_path.sh
-- Up-to-date: /home/tinsae/ASDFR/assignment1_ws/install/RELbot_simulator/share/RELbot_simulator/environment/ament_prefix_path.dsv
-- Up-to-date: /home/tinsae/ASDFR/assignment1_ws/install/RELbot_simulator/share/RELbot_simulator/environment/path.sh
-- Up-to-date: /home/tinsae/ASDFR/assignment1_ws/install/RELbot_simulator/share/RELbot_simulator/environment/path.dsv
-- Up-to-date: /home/tinsae/ASDFR/assignment1_ws/install/RELbot_simulator/share/RELbot_simulator/local_setup.bash
-- Up-to-date: /home/tinsae/ASDFR/assignment1_ws/install/RELbot_simulator/share/RELbot_simulator/local_setup.sh
-- Up-to-date: /home/tinsae/ASDFR/assignment1_ws/install/RELbot_simulator/share/RELbot_simulator/local_setup.zsh
-- Up-to-date: /home/tinsae/ASDFR/assignment1_ws/install/RELbot_simulator/share/RELbot_simulator/local_setup.dsv
-- Installing: /home/tinsae/ASDFR/assignment1_ws/install/RELbot_simulator/share/RELbot_simulator/package.dsv
-- Up-to-date: /home/tinsae/ASDFR/assignment1_ws/install/RELbot_simulator/share/ament_index/resource_index/packages/RELbot_simulator
-- Up-to-date: /home/tinsae/ASDFR/assignment1_ws/install/RELbot_simulator/share/RELbot_simulator/cmake/RELbot_simulatorConfig.cmake
-- Up-to-date: /home/tinsae/ASDFR/assignment1_ws/install/RELbot_simulator/share/RELbot_simulator/cmake/RELbot_simulatorConfig-version.cmake
-- Up-to-date: /home/tinsae/ASDFR/assignment1_ws/install/RELbot_simulator/share/RELbot_simulator/package.xml
-- Up-to-date: /home/tinsae/ASDFR/assignment1_ws/install/RELbot_simulator/share/RELbot_simulator//launch
-- Up-to-date: /home/tinsae/ASDFR/assignment1_ws/install/RELbot_simulator/share/RELbot_simulator//launch/RELbot_simulator.launch.py
